# Collective test starting: all_gather_perf
# nThread 1 nGpus 1 minBytes 1 maxBytes 4294967296 step: 2(factor) warmup iters: 20 iters: 100 agg iters: 1 validation: 1 graph: 0
#
rccl-tests: Version develop:db6ea5a
# Using devices
#  Rank  0 Group  0 Pid 379876 on ziyue-mi300-vmss000005 device  0 [0002:00:00] AMD Instinct MI300X VF
#  Rank  1 Group  0 Pid 379877 on ziyue-mi300-vmss000005 device  1 [0003:00:00] AMD Instinct MI300X VF
#  Rank  2 Group  0 Pid 379878 on ziyue-mi300-vmss000005 device  2 [0004:00:00] AMD Instinct MI300X VF
#  Rank  3 Group  0 Pid 379879 on ziyue-mi300-vmss000005 device  3 [0005:00:00] AMD Instinct MI300X VF
#  Rank  4 Group  0 Pid 379880 on ziyue-mi300-vmss000005 device  4 [0006:00:00] AMD Instinct MI300X VF
#  Rank  5 Group  0 Pid 379881 on ziyue-mi300-vmss000005 device  5 [0007:00:00] AMD Instinct MI300X VF
#  Rank  6 Group  0 Pid 379882 on ziyue-mi300-vmss000005 device  6 [0008:00:00] AMD Instinct MI300X VF
#  Rank  7 Group  0 Pid 379883 on ziyue-mi300-vmss000005 device  7 [0009:00:00] AMD Instinct MI300X VF
#  Rank  8 Group  0 Pid 516339 on ziyue-mi300-vmss000008 device  0 [0002:00:00] AMD Instinct MI300X VF
#  Rank  9 Group  0 Pid 516340 on ziyue-mi300-vmss000008 device  1 [0003:00:00] AMD Instinct MI300X VF
#  Rank 10 Group  0 Pid 516341 on ziyue-mi300-vmss000008 device  2 [0004:00:00] AMD Instinct MI300X VF
#  Rank 11 Group  0 Pid 516342 on ziyue-mi300-vmss000008 device  3 [0005:00:00] AMD Instinct MI300X VF
#  Rank 12 Group  0 Pid 516343 on ziyue-mi300-vmss000008 device  4 [0006:00:00] AMD Instinct MI300X VF
#  Rank 13 Group  0 Pid 516344 on ziyue-mi300-vmss000008 device  5 [0007:00:00] AMD Instinct MI300X VF
#  Rank 14 Group  0 Pid 516345 on ziyue-mi300-vmss000008 device  6 [0008:00:00] AMD Instinct MI300X VF
#  Rank 15 Group  0 Pid 516346 on ziyue-mi300-vmss000008 device  7 [0009:00:00] AMD Instinct MI300X VF
RCCL version : 2.21.5-HEAD:eef7b29
HIP version  : 6.3.42131-fa1d09cbd
ROCm version : 6.3.0.0-39-ce2be3b
Hostname     : ziyue-mi300-vmss000005
Librccl path : /opt/rocm/lib/librccl.so

ziyue-mi300-vmss000005:379878:379932 [2] /long_pathname_so_that_rpms_can_package_the_debug_info/src/rccl/build/hipify/src/misc/msccl/msccl_parser.cc:422 NCCL WARN MSCCL: too many thread blocks are requested. Max thread blocks: 64
ziyue-mi300-vmss000005: Test NCCL failure /mnt/v-feilong/rccl-tests/build/src/hipify/common.cu.cpp:1629 'invalid usage (run with NCCL_DEBUG=WARN for details) / '
 .. ziyue-mi300-vmss000005 pid 379878: Test failure /mnt/v-feilong/rccl-tests/build/src/hipify/common.cu.cpp:1413

ziyue-mi300-vmss000005:379876:379925 [0] /long_pathname_so_that_rpms_can_package_the_debug_info/src/rccl/build/hipify/src/misc/msccl/msccl_parser.cc:422 NCCL WARN MSCCL: too many thread blocks are requested. Max thread blocks: 64
ziyue-mi300-vmss000005: Test NCCL failure /mnt/v-feilong/rccl-tests/build/src/hipify/common.cu.cpp:1629 'invalid usage (run with NCCL_DEBUG=WARN for details) / '
 .. ziyue-mi300-vmss000005 pid 379876: Test failure /mnt/v-feilong/rccl-tests/build/src/hipify/common.cu.cpp:1413

ziyue-mi300-vmss000005:379883:379931 [7] /long_pathname_so_that_rpms_can_package_the_debug_info/src/rccl/build/hipify/src/misc/msccl/msccl_parser.cc:422 NCCL WARN MSCCL: too many thread blocks are requested. Max thread blocks: 64

ziyue-mi300-vmss000005:379881:379926 [5] /long_pathname_so_that_rpms_can_package_the_debug_info/src/rccl/build/hipify/src/misc/msccl/msccl_parser.cc:422 NCCL WARN MSCCL: too many thread blocks are requested. Max thread blocks: 64
ziyue-mi300-vmss000005: Test NCCL failure /mnt/v-feilong/rccl-tests/build/src/hipify/common.cu.cpp:1629 'invalid usage (run with NCCL_DEBUG=WARN for details) / '
 .. ziyue-mi300-vmss000005 pid 379883: Test failure /mnt/v-feilong/rccl-tests/build/src/hipify/common.cu.cpp:1413
ziyue-mi300-vmss000005: Test NCCL failure /mnt/v-feilong/rccl-tests/build/src/hipify/common.cu.cpp:1629 'invalid usage (run with NCCL_DEBUG=WARN for details) / '
 .. ziyue-mi300-vmss000005 pid 379881: Test failure /mnt/v-feilong/rccl-tests/build/src/hipify/common.cu.cpp:1413

ziyue-mi300-vmss000005:379880:379927 [4] /long_pathname_so_that_rpms_can_package_the_debug_info/src/rccl/build/hipify/src/misc/msccl/msccl_parser.cc:422 NCCL WARN MSCCL: too many thread blocks are requested. Max thread blocks: 64
ziyue-mi300-vmss000005: Test NCCL failure /mnt/v-feilong/rccl-tests/build/src/hipify/common.cu.cpp:1629 'invalid usage (run with NCCL_DEBUG=WARN for details) / '
 .. ziyue-mi300-vmss000005 pid 379880: Test failure /mnt/v-feilong/rccl-tests/build/src/hipify/common.cu.cpp:1413

ziyue-mi300-vmss000005:379882:379930 [6] /long_pathname_so_that_rpms_can_package_the_debug_info/src/rccl/build/hipify/src/misc/msccl/msccl_parser.cc:422 NCCL WARN MSCCL: too many thread blocks are requested. Max thread blocks: 64
ziyue-mi300-vmss000005: Test NCCL failure /mnt/v-feilong/rccl-tests/build/src/hipify/common.cu.cpp:1629 'invalid usage (run with NCCL_DEBUG=WARN for details) / '
 .. ziyue-mi300-vmss000005 pid 379882: Test failure /mnt/v-feilong/rccl-tests/build/src/hipify/common.cu.cpp:1413

ziyue-mi300-vmss000005:379879:379928 [3] /long_pathname_so_that_rpms_can_package_the_debug_info/src/rccl/build/hipify/src/misc/msccl/msccl_parser.cc:422 NCCL WARN MSCCL: too many thread blocks are requested. Max thread blocks: 64

ziyue-mi300-vmss000005:379877:379929 [1] /long_pathname_so_that_rpms_can_package_the_debug_info/src/rccl/build/hipify/src/misc/msccl/msccl_parser.cc:422 NCCL WARN MSCCL: too many thread blocks are requested. Max thread blocks: 64
ziyue-mi300-vmss000005: Test NCCL failure /mnt/v-feilong/rccl-tests/build/src/hipify/common.cu.cpp:1629 'invalid usage (run with NCCL_DEBUG=WARN for details) / '
 .. ziyue-mi300-vmss000005 pid 379879: Test failure /mnt/v-feilong/rccl-tests/build/src/hipify/common.cu.cpp:1413
ziyue-mi300-vmss000005: Test NCCL failure /mnt/v-feilong/rccl-tests/build/src/hipify/common.cu.cpp:1629 'invalid usage (run with NCCL_DEBUG=WARN for details) / '
 .. ziyue-mi300-vmss000005 pid 379877: Test failure /mnt/v-feilong/rccl-tests/build/src/hipify/common.cu.cpp:1413
