# Collective test starting: all_gather_perf
# nThread 1 nGpus 1 minBytes 1 maxBytes 4294967296 step: 2(factor) warmup iters: 20 iters: 100 agg iters: 1 validation: 1 graph: 0
#
rccl-tests: Version develop:db6ea5a
# Using devices
#  Rank  0 Group  0 Pid 379402 on ziyue-mi300-vmss000005 device  0 [0002:00:00] AMD Instinct MI300X VF
#  Rank  1 Group  0 Pid 379403 on ziyue-mi300-vmss000005 device  1 [0003:00:00] AMD Instinct MI300X VF
#  Rank  2 Group  0 Pid 379404 on ziyue-mi300-vmss000005 device  2 [0004:00:00] AMD Instinct MI300X VF
#  Rank  3 Group  0 Pid 379405 on ziyue-mi300-vmss000005 device  3 [0005:00:00] AMD Instinct MI300X VF
#  Rank  4 Group  0 Pid 379406 on ziyue-mi300-vmss000005 device  4 [0006:00:00] AMD Instinct MI300X VF
#  Rank  5 Group  0 Pid 379407 on ziyue-mi300-vmss000005 device  5 [0007:00:00] AMD Instinct MI300X VF
#  Rank  6 Group  0 Pid 379408 on ziyue-mi300-vmss000005 device  6 [0008:00:00] AMD Instinct MI300X VF
#  Rank  7 Group  0 Pid 379409 on ziyue-mi300-vmss000005 device  7 [0009:00:00] AMD Instinct MI300X VF
#  Rank  8 Group  0 Pid 515847 on ziyue-mi300-vmss000008 device  0 [0002:00:00] AMD Instinct MI300X VF
#  Rank  9 Group  0 Pid 515848 on ziyue-mi300-vmss000008 device  1 [0003:00:00] AMD Instinct MI300X VF
#  Rank 10 Group  0 Pid 515849 on ziyue-mi300-vmss000008 device  2 [0004:00:00] AMD Instinct MI300X VF
#  Rank 11 Group  0 Pid 515850 on ziyue-mi300-vmss000008 device  3 [0005:00:00] AMD Instinct MI300X VF
#  Rank 12 Group  0 Pid 515851 on ziyue-mi300-vmss000008 device  4 [0006:00:00] AMD Instinct MI300X VF
#  Rank 13 Group  0 Pid 515852 on ziyue-mi300-vmss000008 device  5 [0007:00:00] AMD Instinct MI300X VF
#  Rank 14 Group  0 Pid 515853 on ziyue-mi300-vmss000008 device  6 [0008:00:00] AMD Instinct MI300X VF
#  Rank 15 Group  0 Pid 515854 on ziyue-mi300-vmss000008 device  7 [0009:00:00] AMD Instinct MI300X VF
RCCL version : 2.21.5-HEAD:eef7b29
HIP version  : 6.3.42131-fa1d09cbd
ROCm version : 6.3.0.0-39-ce2be3b
Hostname     : ziyue-mi300-vmss000005
Librccl path : /opt/rocm/lib/librccl.so
#
#                                                              out-of-place                       in-place          
#       size         count      type   redop    root     time   algbw   busbw #wrong     time   algbw   busbw #wrong                               
#        (B)    (elements)                               (us)  (GB/s)  (GB/s)            (us)  (GB/s)  (GB/s)                                      
           0             0     float    none      -1     0.22    0.00    0.00      0     0.21    0.00    0.00      0
           0             0     float    none      -1     0.21    0.00    0.00      0     0.20    0.00    0.00      0
           0             0     float    none      -1     0.21    0.00    0.00      0     0.20    0.00    0.00      0
           0             0     float    none      -1     0.21    0.00    0.00      0     0.20    0.00    0.00      0
           0             0     float    none      -1     0.21    0.00    0.00      0     0.20    0.00    0.00      0
           0             0     float    none      -1     0.21    0.00    0.00      0     0.20    0.00    0.00      0
           0             0     float    none      -1     0.20    0.00    0.00      0     0.20    0.00    0.00      0
           0             0     float    none      -1     0.20    0.00    0.00      0     0.20    0.00    0.00      0
         256             4     float    none      -1    42.72    0.01    0.01      0    416.0    0.00    0.00      0
         512             8     float    none      -1    40.77    0.01    0.01      0    99.11    0.01    0.00      0
        1024            16     float    none      -1    40.96    0.02    0.02      0    91.65    0.01    0.01      0
        2048            32     float    none      -1    40.89    0.05    0.05      0    86.66    0.02    0.02      0
        4096            64     float    none      -1    41.27    0.10    0.09      0    84.67    0.05    0.05      0
        8192           128     float    none      -1    41.31    0.20    0.19      0    82.88    0.10    0.09      0
       16384           256     float    none      -1    41.45    0.40    0.37      0    82.83    0.20    0.19      0
       32768           512     float    none      -1    42.61    0.77    0.72      0    85.37    0.38    0.36      0
       65536          1024     float    none      -1    45.36    1.44    1.35      0    88.93    0.74    0.69      0
      131072          2048     float    none      -1    45.42    2.89    2.71      0    83.70    1.57    1.47      0
      262144          4096     float    none      -1    50.05    5.24    4.91      0    97.93    2.68    2.51      0
      524288          8192     float    none      -1    69.97    7.49    7.02      0    145.1    3.61    3.39      0
     1048576         16384     float    none      -1    109.1    9.62    9.01      0    219.5    4.78    4.48      0
     2097152         32768     float    none      -1    191.4   10.96   10.27      0    362.9    5.78    5.42      0
     4194304         65536     float    none      -1    226.8   18.49   17.34      0    672.5    6.24    5.85      0
     8388608        131072     float    none      -1    495.4   16.93   15.88      0   1461.8    5.74    5.38      0
    16777216        262144     float    none      -1    513.8   32.65   30.61      0   2553.7    6.57    6.16      0
    33554432        524288     float    none      -1    514.9   65.16   61.09      0   5070.7    6.62    6.20      0
    67108864       1048576     float    none      -1    571.3  117.46  110.12      0    10209    6.57    6.16      0
   134217728       2097152     float    none      -1    609.1  220.35  206.58      0    20225    6.64    6.22      0
   268435456       4194304     float    none      -1    831.1  322.98  302.80      0    39731    6.76    6.33      0
   536870912       8388608     float    none      -1   1552.1  345.91  324.29      0    78368    6.85    6.42      0
  1073741824      16777216     float    none      -1   3058.2  351.10  329.16      0   155106    6.92    6.49      0
  2147483648      33554432     float    none      -1   6030.7  356.09  333.83      0   309544    6.94    6.50      0
  4294967296      67108864     float    none      -1    11889  361.27  338.69      0   610250    7.04    6.60      0
# Errors with asterisks indicate errors that have exceeded the maximum threshold.
# Out of bounds values : 0 OK
# Avg bus bandwidth    : 33.2441 
#
# Collective test concluded: all_gather_perf

