# Collective test starting: all_gather_perf
# nThread 1 nGpus 1 minBytes 1 maxBytes 4294967296 step: 2(factor) warmup iters: 20 iters: 100 agg iters: 1 validation: 1 graph: 0
#
rccl-tests: Version develop:db6ea5a
# Using devices
#  Rank  0 Group  0 Pid 380510 on ziyue-mi300-vmss000005 device  0 [0002:00:00] AMD Instinct MI300X VF
#  Rank  1 Group  0 Pid 380511 on ziyue-mi300-vmss000005 device  1 [0003:00:00] AMD Instinct MI300X VF
#  Rank  2 Group  0 Pid 380512 on ziyue-mi300-vmss000005 device  2 [0004:00:00] AMD Instinct MI300X VF
#  Rank  3 Group  0 Pid 380513 on ziyue-mi300-vmss000005 device  3 [0005:00:00] AMD Instinct MI300X VF
#  Rank  4 Group  0 Pid 380514 on ziyue-mi300-vmss000005 device  4 [0006:00:00] AMD Instinct MI300X VF
#  Rank  5 Group  0 Pid 380515 on ziyue-mi300-vmss000005 device  5 [0007:00:00] AMD Instinct MI300X VF
#  Rank  6 Group  0 Pid 380516 on ziyue-mi300-vmss000005 device  6 [0008:00:00] AMD Instinct MI300X VF
#  Rank  7 Group  0 Pid 380517 on ziyue-mi300-vmss000005 device  7 [0009:00:00] AMD Instinct MI300X VF
#  Rank  8 Group  0 Pid 516995 on ziyue-mi300-vmss000008 device  0 [0002:00:00] AMD Instinct MI300X VF
#  Rank  9 Group  0 Pid 516996 on ziyue-mi300-vmss000008 device  1 [0003:00:00] AMD Instinct MI300X VF
#  Rank 10 Group  0 Pid 516997 on ziyue-mi300-vmss000008 device  2 [0004:00:00] AMD Instinct MI300X VF
#  Rank 11 Group  0 Pid 516998 on ziyue-mi300-vmss000008 device  3 [0005:00:00] AMD Instinct MI300X VF
#  Rank 12 Group  0 Pid 516999 on ziyue-mi300-vmss000008 device  4 [0006:00:00] AMD Instinct MI300X VF
#  Rank 13 Group  0 Pid 517000 on ziyue-mi300-vmss000008 device  5 [0007:00:00] AMD Instinct MI300X VF
#  Rank 14 Group  0 Pid 517001 on ziyue-mi300-vmss000008 device  6 [0008:00:00] AMD Instinct MI300X VF
#  Rank 15 Group  0 Pid 517002 on ziyue-mi300-vmss000008 device  7 [0009:00:00] AMD Instinct MI300X VF
RCCL version : 2.21.5-HEAD:eef7b29
HIP version  : 6.3.42131-fa1d09cbd
ROCm version : 6.3.0.0-39-ce2be3b
Hostname     : ziyue-mi300-vmss000005
Librccl path : /opt/rocm/lib/librccl.so

ziyue-mi300-vmss000008:516995:517045 [0] /long_pathname_so_that_rpms_can_package_the_debug_info/src/rccl/build/hipify/src/bootstrap.cc:78 NCCL WARN Message truncated : received 1920 bytes instead of 512

ziyue-mi300-vmss000008:517002:517046 [7] /long_pathname_so_that_rpms_can_package_the_debug_info/src/rccl/build/hipify/src/bootstrap.cc:78 NCCL WARN Message truncated : received 1920 bytes instead of 512
ziyue-mi300-vmss000008: Test NCCL failure /mnt/v-feilong/rccl-tests/build/src/hipify/common.cu.cpp:1629 'internal error - please report this issue to the NCCL developers / '
 .. ziyue-mi300-vmss000008 pid 516995: Test failure /mnt/v-feilong/rccl-tests/build/src/hipify/common.cu.cpp:1413
ziyue-mi300-vmss000008: Test NCCL failure /mnt/v-feilong/rccl-tests/build/src/hipify/common.cu.cpp:1629 'internal error - please report this issue to the NCCL developers / '
 .. ziyue-mi300-vmss000008 pid 517002: Test failure /mnt/v-feilong/rccl-tests/build/src/hipify/common.cu.cpp:1413

ziyue-mi300-vmss000005:380517:380636 [7] /long_pathname_so_that_rpms_can_package_the_debug_info/src/rccl/build/hipify/src/misc/socket.cc:717 NCCL WARN ncclSocketInit: connecting to address  with family 7 is neither AF_INET(2) nor AF_INET6(10)

ziyue-mi300-vmss000005:380517:380636 [7] /long_pathname_so_that_rpms_can_package_the_debug_info/src/rccl/build/hipify/src/misc/socket.cc:717 NCCL WARN ncclSocketInit: connecting to address  with family 7 is neither AF_INET(2) nor AF_INET6(10)
ziyue-mi300-vmss000005: Test NCCL failure /mnt/v-feilong/rccl-tests/build/src/hipify/common.cu.cpp:1629 'internal error - please report this issue to the NCCL developers / '
 .. ziyue-mi300-vmss000005 pid 380517: Test failure /mnt/v-feilong/rccl-tests/build/src/hipify/common.cu.cpp:1413

ziyue-mi300-vmss000005:380517:380636 [7] /long_pathname_so_that_rpms_can_package_the_debug_info/src/rccl/build/hipify/src/misc/socket.cc:717 NCCL WARN ncclSocketInit: connecting to address  with family 7 is neither AF_INET(2) nor AF_INET6(10)

ziyue-mi300-vmss000005:380517:380636 [7] /long_pathname_so_that_rpms_can_package_the_debug_info/src/rccl/build/hipify/src/proxy.cc:1586 NCCL WARN [Proxy Service 7] Failed to execute operation Connect from rank 7, retcode 3
