# Collective test starting: all_gather_perf
# nThread 1 nGpus 1 minBytes 1 maxBytes 4294967296 step: 2(factor) warmup iters: 20 iters: 100 agg iters: 1 validation: 1 graph: 0
#
rccl-tests: Version develop:db6ea5a
# Using devices
#  Rank  0 Group  0 Pid 382567 on ziyue-mi300-vmss000005 device  0 [0002:00:00] AMD Instinct MI300X VF
#  Rank  1 Group  0 Pid 382568 on ziyue-mi300-vmss000005 device  1 [0003:00:00] AMD Instinct MI300X VF
#  Rank  2 Group  0 Pid 382569 on ziyue-mi300-vmss000005 device  2 [0004:00:00] AMD Instinct MI300X VF
#  Rank  3 Group  0 Pid 382570 on ziyue-mi300-vmss000005 device  3 [0005:00:00] AMD Instinct MI300X VF
#  Rank  4 Group  0 Pid 382571 on ziyue-mi300-vmss000005 device  4 [0006:00:00] AMD Instinct MI300X VF
#  Rank  5 Group  0 Pid 382572 on ziyue-mi300-vmss000005 device  5 [0007:00:00] AMD Instinct MI300X VF
#  Rank  6 Group  0 Pid 382573 on ziyue-mi300-vmss000005 device  6 [0008:00:00] AMD Instinct MI300X VF
#  Rank  7 Group  0 Pid 382574 on ziyue-mi300-vmss000005 device  7 [0009:00:00] AMD Instinct MI300X VF
#  Rank  8 Group  0 Pid 519127 on ziyue-mi300-vmss000008 device  0 [0002:00:00] AMD Instinct MI300X VF
#  Rank  9 Group  0 Pid 519128 on ziyue-mi300-vmss000008 device  1 [0003:00:00] AMD Instinct MI300X VF
#  Rank 10 Group  0 Pid 519129 on ziyue-mi300-vmss000008 device  2 [0004:00:00] AMD Instinct MI300X VF
#  Rank 11 Group  0 Pid 519130 on ziyue-mi300-vmss000008 device  3 [0005:00:00] AMD Instinct MI300X VF
#  Rank 12 Group  0 Pid 519131 on ziyue-mi300-vmss000008 device  4 [0006:00:00] AMD Instinct MI300X VF
#  Rank 13 Group  0 Pid 519132 on ziyue-mi300-vmss000008 device  5 [0007:00:00] AMD Instinct MI300X VF
#  Rank 14 Group  0 Pid 519133 on ziyue-mi300-vmss000008 device  6 [0008:00:00] AMD Instinct MI300X VF
#  Rank 15 Group  0 Pid 519134 on ziyue-mi300-vmss000008 device  7 [0009:00:00] AMD Instinct MI300X VF
RCCL version : 2.21.5-HEAD:eef7b29
HIP version  : 6.3.42131-fa1d09cbd
ROCm version : 6.3.0.0-39-ce2be3b
Hostname     : ziyue-mi300-vmss000005
Librccl path : /opt/rocm/lib/librccl.so
