# Collective test starting: all_reduce_perf
# nThread 1 nGpus 1 minBytes 1 maxBytes 4294967296 step: 2(factor) warmup iters: 20 iters: 100 agg iters: 1 validation: 1 graph: 0
#
rccl-tests: Version develop:db6ea5a
# Using devices
#  Rank  0 Group  0 Pid 383041 on ziyue-mi300-vmss000005 device  0 [0002:00:00] AMD Instinct MI300X VF
#  Rank  1 Group  0 Pid 383042 on ziyue-mi300-vmss000005 device  1 [0003:00:00] AMD Instinct MI300X VF
#  Rank  2 Group  0 Pid 383043 on ziyue-mi300-vmss000005 device  2 [0004:00:00] AMD Instinct MI300X VF
#  Rank  3 Group  0 Pid 383044 on ziyue-mi300-vmss000005 device  3 [0005:00:00] AMD Instinct MI300X VF
#  Rank  4 Group  0 Pid 383045 on ziyue-mi300-vmss000005 device  4 [0006:00:00] AMD Instinct MI300X VF
#  Rank  5 Group  0 Pid 383046 on ziyue-mi300-vmss000005 device  5 [0007:00:00] AMD Instinct MI300X VF
#  Rank  6 Group  0 Pid 383047 on ziyue-mi300-vmss000005 device  6 [0008:00:00] AMD Instinct MI300X VF
#  Rank  7 Group  0 Pid 383048 on ziyue-mi300-vmss000005 device  7 [0009:00:00] AMD Instinct MI300X VF
#  Rank  8 Group  0 Pid 519619 on ziyue-mi300-vmss000008 device  0 [0002:00:00] AMD Instinct MI300X VF
#  Rank  9 Group  0 Pid 519620 on ziyue-mi300-vmss000008 device  1 [0003:00:00] AMD Instinct MI300X VF
#  Rank 10 Group  0 Pid 519621 on ziyue-mi300-vmss000008 device  2 [0004:00:00] AMD Instinct MI300X VF
#  Rank 11 Group  0 Pid 519622 on ziyue-mi300-vmss000008 device  3 [0005:00:00] AMD Instinct MI300X VF
#  Rank 12 Group  0 Pid 519623 on ziyue-mi300-vmss000008 device  4 [0006:00:00] AMD Instinct MI300X VF
#  Rank 13 Group  0 Pid 519624 on ziyue-mi300-vmss000008 device  5 [0007:00:00] AMD Instinct MI300X VF
#  Rank 14 Group  0 Pid 519625 on ziyue-mi300-vmss000008 device  6 [0008:00:00] AMD Instinct MI300X VF
#  Rank 15 Group  0 Pid 519626 on ziyue-mi300-vmss000008 device  7 [0009:00:00] AMD Instinct MI300X VF
RCCL version : 2.21.5-HEAD:eef7b29
HIP version  : 6.3.42131-fa1d09cbd
ROCm version : 6.3.0.0-39-ce2be3b
Hostname     : ziyue-mi300-vmss000005
Librccl path : /opt/rocm/lib/librccl.so

ziyue-mi300-vmss000005:383041:383090 [0] /long_pathname_so_that_rpms_can_package_the_debug_info/src/rccl/build/hipify/src/misc/msccl/msccl_parser.cc:170 NCCL WARN Error : XML parser is limited to 1024 nodes
ziyue-mi300-vmss000005: Test NCCL failure /mnt/v-feilong/rccl-tests/build/src/hipify/common.cu.cpp:1629 'internal error - please report this issue to the NCCL developers / '
 .. ziyue-mi300-vmss000005 pid 383041: Test failure /mnt/v-feilong/rccl-tests/build/src/hipify/common.cu.cpp:1413

ziyue-mi300-vmss000005:383042:383096 [1] /long_pathname_so_that_rpms_can_package_the_debug_info/src/rccl/build/hipify/src/misc/msccl/msccl_parser.cc:170 NCCL WARN Error : XML parser is limited to 1024 nodes
ziyue-mi300-vmss000005: Test NCCL failure /mnt/v-feilong/rccl-tests/build/src/hipify/common.cu.cpp:1629 'internal error - please report this issue to the NCCL developers / '
 .. ziyue-mi300-vmss000005 pid 383042: Test failure /mnt/v-feilong/rccl-tests/build/src/hipify/common.cu.cpp:1413

ziyue-mi300-vmss000005:383043:383092 [2] /long_pathname_so_that_rpms_can_package_the_debug_info/src/rccl/build/hipify/src/misc/msccl/msccl_parser.cc:170 NCCL WARN Error : XML parser is limited to 1024 nodes
ziyue-mi300-vmss000005: Test NCCL failure /mnt/v-feilong/rccl-tests/build/src/hipify/common.cu.cpp:1629 'internal error - please report this issue to the NCCL developers / '
 .. ziyue-mi300-vmss000005 pid 383043: Test failure /mnt/v-feilong/rccl-tests/build/src/hipify/common.cu.cpp:1413

ziyue-mi300-vmss000005:383044:383095 [3] /long_pathname_so_that_rpms_can_package_the_debug_info/src/rccl/build/hipify/src/misc/msccl/msccl_parser.cc:170 NCCL WARN Error : XML parser is limited to 1024 nodes
ziyue-mi300-vmss000005: Test NCCL failure /mnt/v-feilong/rccl-tests/build/src/hipify/common.cu.cpp:1629 'internal error - please report this issue to the NCCL developers / '
 .. ziyue-mi300-vmss000005 pid 383044: Test failure /mnt/v-feilong/rccl-tests/build/src/hipify/common.cu.cpp:1413

ziyue-mi300-vmss000005:383045:383093 [4] /long_pathname_so_that_rpms_can_package_the_debug_info/src/rccl/build/hipify/src/misc/msccl/msccl_parser.cc:170 NCCL WARN Error : XML parser is limited to 1024 nodes
ziyue-mi300-vmss000005: Test NCCL failure /mnt/v-feilong/rccl-tests/build/src/hipify/common.cu.cpp:1629 'internal error - please report this issue to the NCCL developers / '
 .. ziyue-mi300-vmss000005 pid 383045: Test failure /mnt/v-feilong/rccl-tests/build/src/hipify/common.cu.cpp:1413

ziyue-mi300-vmss000005:383046:383097 [5] /long_pathname_so_that_rpms_can_package_the_debug_info/src/rccl/build/hipify/src/misc/msccl/msccl_parser.cc:170 NCCL WARN Error : XML parser is limited to 1024 nodes
ziyue-mi300-vmss000005: Test NCCL failure /mnt/v-feilong/rccl-tests/build/src/hipify/common.cu.cpp:1629 'internal error - please report this issue to the NCCL developers / '
 .. ziyue-mi300-vmss000005 pid 383046: Test failure /mnt/v-feilong/rccl-tests/build/src/hipify/common.cu.cpp:1413

ziyue-mi300-vmss000005:383047:383091 [6] /long_pathname_so_that_rpms_can_package_the_debug_info/src/rccl/build/hipify/src/misc/msccl/msccl_parser.cc:170 NCCL WARN Error : XML parser is limited to 1024 nodes
ziyue-mi300-vmss000005: Test NCCL failure /mnt/v-feilong/rccl-tests/build/src/hipify/common.cu.cpp:1629 'internal error - please report this issue to the NCCL developers / '
 .. ziyue-mi300-vmss000005 pid 383047: Test failure /mnt/v-feilong/rccl-tests/build/src/hipify/common.cu.cpp:1413

ziyue-mi300-vmss000005:383048:383094 [7] /long_pathname_so_that_rpms_can_package_the_debug_info/src/rccl/build/hipify/src/misc/msccl/msccl_parser.cc:170 NCCL WARN Error : XML parser is limited to 1024 nodes
ziyue-mi300-vmss000005: Test NCCL failure /mnt/v-feilong/rccl-tests/build/src/hipify/common.cu.cpp:1629 'internal error - please report this issue to the NCCL developers / '
 .. ziyue-mi300-vmss000005 pid 383048: Test failure /mnt/v-feilong/rccl-tests/build/src/hipify/common.cu.cpp:1413
