[1763882790.037164] [ziyue-mi300-vmss000005:371470:0]         parser.c:1686 UCX  WARN  unused env variable: UCX_HOME (set UCX_WARN_UNUSED_ENV_VARS=n to suppress this warning)
[1763882790.037163] [ziyue-mi300-vmss000005:371472:0]         parser.c:1686 UCX  WARN  unused env variable: UCX_HOME (set UCX_WARN_UNUSED_ENV_VARS=n to suppress this warning)
[1763882790.052037] [ziyue-mi300-vmss000005:371469:0]         parser.c:1686 UCX  WARN  unused env variable: UCX_HOME (set UCX_WARN_UNUSED_ENV_VARS=n to suppress this warning)
[1763882790.062251] [ziyue-mi300-vmss000005:371471:0]         parser.c:1686 UCX  WARN  unused env variable: UCX_HOME (set UCX_WARN_UNUSED_ENV_VARS=n to suppress this warning)
[1763882790.072236] [ziyue-mi300-vmss000005:371473:0]         parser.c:1686 UCX  WARN  unused env variable: UCX_HOME (set UCX_WARN_UNUSED_ENV_VARS=n to suppress this warning)
[1763882790.072591] [ziyue-mi300-vmss000005:371468:0]         parser.c:1686 UCX  WARN  unused env variable: UCX_HOME (set UCX_WARN_UNUSED_ENV_VARS=n to suppress this warning)
[1763882790.072994] [ziyue-mi300-vmss000005:371475:0]         parser.c:1686 UCX  WARN  unused env variable: UCX_HOME (set UCX_WARN_UNUSED_ENV_VARS=n to suppress this warning)
[1763882790.081139] [ziyue-mi300-vmss000005:371474:0]         parser.c:1686 UCX  WARN  unused env variable: UCX_HOME (set UCX_WARN_UNUSED_ENV_VARS=n to suppress this warning)
# Collective test starting: all_gather_perf
# nThread 1 nGpus 1 minBytes 1 maxBytes 4294967296 step: 2(factor) warmup iters: 20 iters: 100 agg iters: 1 validation: 1 graph: 0
#
rccl-tests: Version develop:db6ea5a
# Using devices
#  Rank  0 Group  0 Pid 371468 on ziyue-mi300-vmss000005 device  0 [0002:00:00] AMD Instinct MI300X VF
#  Rank  1 Group  0 Pid 371469 on ziyue-mi300-vmss000005 device  1 [0003:00:00] AMD Instinct MI300X VF
#  Rank  2 Group  0 Pid 371470 on ziyue-mi300-vmss000005 device  2 [0004:00:00] AMD Instinct MI300X VF
#  Rank  3 Group  0 Pid 371471 on ziyue-mi300-vmss000005 device  3 [0005:00:00] AMD Instinct MI300X VF
#  Rank  4 Group  0 Pid 371472 on ziyue-mi300-vmss000005 device  4 [0006:00:00] AMD Instinct MI300X VF
#  Rank  5 Group  0 Pid 371473 on ziyue-mi300-vmss000005 device  5 [0007:00:00] AMD Instinct MI300X VF
#  Rank  6 Group  0 Pid 371474 on ziyue-mi300-vmss000005 device  6 [0008:00:00] AMD Instinct MI300X VF
#  Rank  7 Group  0 Pid 371475 on ziyue-mi300-vmss000005 device  7 [0009:00:00] AMD Instinct MI300X VF
RCCL version : 2.21.5-HEAD:eef7b29
HIP version  : 6.3.42131-fa1d09cbd
ROCm version : 6.3.0.0-39-ce2be3b
Hostname     : ziyue-mi300-vmss000005
Librccl path : /opt/rocm/lib/librccl.so
#
#                                                              out-of-place                       in-place          
#       size         count      type   redop    root     time   algbw   busbw #wrong     time   algbw   busbw #wrong                               
#        (B)    (elements)                               (us)  (GB/s)  (GB/s)            (us)  (GB/s)  (GB/s)                                      
           0             0     float    none      -1     0.20    0.00    0.00      0     0.20    0.00    0.00      0
           0             0     float    none      -1     0.19    0.00    0.00      0     0.19    0.00    0.00      0
           0             0     float    none      -1     0.19    0.00    0.00      0     0.20    0.00    0.00      0
           0             0     float    none      -1     0.19    0.00    0.00      0     0.20    0.00    0.00      0
           0             0     float    none      -1     0.19    0.00    0.00      0     0.20    0.00    0.00      0
           0             0     float    none      -1     0.19    0.00    0.00      0     0.20    0.00    0.00      0
           0             0     float    none      -1     0.19    0.00    0.00      0     0.20    0.00    0.00      0
         128             4     float    none      -1    18.04    0.01    0.01      0     7.17    0.02    0.02      0
         256             8     float    none      -1    17.69    0.01    0.01      0     7.75    0.03    0.03      0
         512            16     float    none      -1    17.60    0.03    0.03      0     6.98    0.07    0.06      0
        1024            32     float    none      -1    17.66    0.06    0.05      0     7.46    0.14    0.12      0
        2048            64     float    none      -1    18.17    0.11    0.10      0     7.53    0.27    0.24      0
        4096           128     float    none      -1    18.29    0.22    0.20      0     6.92    0.59    0.52      0
        8192           256     float    none      -1    18.48    0.44    0.39      0     7.28    1.12    0.98      0
       16384           512     float    none      -1    18.89    0.87    0.76      0     6.89    2.38    2.08      0
       32768          1024     float    none      -1    19.12    1.71    1.50      0     7.12    4.60    4.03      0
       65536          2048     float    none      -1    19.35    3.39    2.96      0     6.85    9.56    8.37      0
      131072          4096     float    none      -1    19.45    6.74    5.90      0     8.55   15.33   13.42      0
      262144          8192     float    none      -1    19.38   13.53   11.84      0    10.20   25.71   22.49      0
      524288         16384     float    none      -1    33.37   15.71   13.75      0    15.65   33.49   29.31      0
     1048576         32768     float    none      -1    35.33   29.68   25.97      0    26.15   40.09   35.08      0
     2097152         65536     float    none      -1    39.54   53.04   46.41      0    47.87   43.81   38.33      0
     4194304        131072     float    none      -1    47.12   89.00   77.88      0    91.13   46.03   40.27      0
     8388608        262144     float    none      -1    59.86  140.14  122.62      0    178.2   47.06   41.18      0
    16777216        524288     float    none      -1    96.21  174.38  152.59      0    352.2   47.64   41.68      0
    33554432       1048576     float    none      -1    142.5  235.45  206.02      0    698.7   48.02   42.02      0
    67108864       2097152     float    none      -1    235.7  284.68  249.10      0   1399.2   47.96   41.97      0
   134217728       4194304     float    none      -1    423.3  317.06  277.42      0   2800.8   47.92   41.93      0
   268435456       8388608     float    none      -1    806.7  332.75  291.16      0   5593.9   47.99   41.99      0
   536870912      16777216     float    none      -1   1565.6  342.91  300.05      0    11172   48.06   42.05      0
  1073741824      33554432     float    none      -1   3073.8  349.32  305.65      0    22328   48.09   42.08      0
  2147483648      67108864     float    none      -1   6082.3  353.07  308.94      0    44614   48.13   42.12      0
  4294967296     134217728     float    none      -1    12141  353.76  309.54      0    89433   48.02   42.02      0
# Errors with asterisks indicate errors that have exceeded the maximum threshold.
# Out of bounds values : 0 OK
# Avg bus bandwidth    : 50.3818 
#
# Collective test concluded: all_gather_perf

