[1763882552.257516] [ziyue-mi300-vmss000005:370476:0]         parser.c:1686 UCX  WARN  unused env variable: UCX_HOME (set UCX_WARN_UNUSED_ENV_VARS=n to suppress this warning)
[1763882552.264199] [ziyue-mi300-vmss000005:370473:0]         parser.c:1686 UCX  WARN  unused env variable: UCX_HOME (set UCX_WARN_UNUSED_ENV_VARS=n to suppress this warning)
[1763882552.271117] [ziyue-mi300-vmss000005:370479:0]         parser.c:1686 UCX  WARN  unused env variable: UCX_HOME (set UCX_WARN_UNUSED_ENV_VARS=n to suppress this warning)
[1763882552.277782] [ziyue-mi300-vmss000005:370478:0]         parser.c:1686 UCX  WARN  unused env variable: UCX_HOME (set UCX_WARN_UNUSED_ENV_VARS=n to suppress this warning)
[1763882552.282097] [ziyue-mi300-vmss000005:370475:0]         parser.c:1686 UCX  WARN  unused env variable: UCX_HOME (set UCX_WARN_UNUSED_ENV_VARS=n to suppress this warning)
[1763882552.286480] [ziyue-mi300-vmss000005:370477:0]         parser.c:1686 UCX  WARN  unused env variable: UCX_HOME (set UCX_WARN_UNUSED_ENV_VARS=n to suppress this warning)
[1763882552.290808] [ziyue-mi300-vmss000005:370472:0]         parser.c:1686 UCX  WARN  unused env variable: UCX_HOME (set UCX_WARN_UNUSED_ENV_VARS=n to suppress this warning)
[1763882552.293678] [ziyue-mi300-vmss000005:370474:0]         parser.c:1686 UCX  WARN  unused env variable: UCX_HOME (set UCX_WARN_UNUSED_ENV_VARS=n to suppress this warning)
# Collective test starting: all_gather_perf
# nThread 1 nGpus 1 minBytes 1 maxBytes 4294967296 step: 2(factor) warmup iters: 20 iters: 100 agg iters: 1 validation: 1 graph: 0
#
rccl-tests: Version develop:db6ea5a
# Using devices
#  Rank  0 Group  0 Pid 370472 on ziyue-mi300-vmss000005 device  0 [0002:00:00] AMD Instinct MI300X VF
#  Rank  1 Group  0 Pid 370473 on ziyue-mi300-vmss000005 device  1 [0003:00:00] AMD Instinct MI300X VF
#  Rank  2 Group  0 Pid 370474 on ziyue-mi300-vmss000005 device  2 [0004:00:00] AMD Instinct MI300X VF
#  Rank  3 Group  0 Pid 370475 on ziyue-mi300-vmss000005 device  3 [0005:00:00] AMD Instinct MI300X VF
#  Rank  4 Group  0 Pid 370476 on ziyue-mi300-vmss000005 device  4 [0006:00:00] AMD Instinct MI300X VF
#  Rank  5 Group  0 Pid 370477 on ziyue-mi300-vmss000005 device  5 [0007:00:00] AMD Instinct MI300X VF
#  Rank  6 Group  0 Pid 370478 on ziyue-mi300-vmss000005 device  6 [0008:00:00] AMD Instinct MI300X VF
#  Rank  7 Group  0 Pid 370479 on ziyue-mi300-vmss000005 device  7 [0009:00:00] AMD Instinct MI300X VF
RCCL version : 2.21.5-HEAD:eef7b29
HIP version  : 6.3.42131-fa1d09cbd
ROCm version : 6.3.0.0-39-ce2be3b
Hostname     : ziyue-mi300-vmss000005
Librccl path : /opt/rocm/lib/librccl.so
#
#                                                              out-of-place                       in-place          
#       size         count      type   redop    root     time   algbw   busbw #wrong     time   algbw   busbw #wrong                               
#        (B)    (elements)                               (us)  (GB/s)  (GB/s)            (us)  (GB/s)  (GB/s)                                      
           0             0     float    none      -1     0.20    0.00    0.00      0     0.21    0.00    0.00      0
           0             0     float    none      -1     0.19    0.00    0.00      0     0.20    0.00    0.00      0
           0             0     float    none      -1     0.20    0.00    0.00      0     0.20    0.00    0.00      0
           0             0     float    none      -1     0.20    0.00    0.00      0     0.20    0.00    0.00      0
           0             0     float    none      -1     0.20    0.00    0.00      0     0.20    0.00    0.00      0
           0             0     float    none      -1     0.20    0.00    0.00      0     0.20    0.00    0.00      0
           0             0     float    none      -1     0.19    0.00    0.00      0     0.19    0.00    0.00      0
         128             4     float    none      -1    18.12    0.01    0.01      0    214.6    0.00    0.00      0
         256             8     float    none      -1    17.73    0.01    0.01      0    214.5    0.00    0.00      0
         512            16     float    none      -1    17.67    0.03    0.03      0    214.5    0.00    0.00      0
        1024            32     float    none      -1    17.72    0.06    0.05      0    214.5    0.00    0.00      0
        2048            64     float    none      -1    18.28    0.11    0.10      0    214.5    0.01    0.01      0
        4096           128     float    none      -1    18.33    0.22    0.20      0    214.4    0.02    0.02      0
        8192           256     float    none      -1    18.55    0.44    0.39      0    214.5    0.04    0.03      0
       16384           512     float    none      -1    19.00    0.86    0.75      0    215.3    0.08    0.07      0
       32768          1024     float    none      -1    19.15    1.71    1.50      0    215.5    0.15    0.13      0
       65536          2048     float    none      -1    19.25    3.41    2.98      0    217.3    0.30    0.26      0
      131072          4096     float    none      -1    19.47    6.73    5.89      0    220.5    0.59    0.52      0
      262144          8192     float    none      -1    19.39   13.52   11.83      0    226.0    1.16    1.01      0
      524288         16384     float    none      -1    33.39   15.70   13.74      0    242.6    2.16    1.89      0
     1048576         32768     float    none      -1    35.39   29.63   25.93      0    292.7    3.58    3.13      0
     2097152         65536     float    none      -1    39.48   53.12   46.48      0    352.6    5.95    5.20      0
     4194304        131072     float    none      -1    47.15   88.96   77.84      0    471.5    8.90    7.78      0
     8388608        262144     float    none      -1    60.03  139.73  122.27      0    710.1   11.81   10.34      0
    16777216        524288     float    none      -1    96.24  174.32  152.53      0   1180.4   14.21   12.44      0
    33554432       1048576     float    none      -1    142.2  236.01  206.51      0   2122.8   15.81   13.83      0
    67108864       2097152     float    none      -1    236.1  284.27  248.74      0   4023.6   16.68   14.59      0
   134217728       4194304     float    none      -1    423.9  316.60  277.02      0   7815.8   17.17   15.03      0
   268435456       8388608     float    none      -1    807.8  332.30  290.77      0    15899   16.88   14.77      0
   536870912      16777216     float    none      -1   1570.0  341.96  299.21      0    31054   17.29   15.13      0
  1073741824      33554432     float    none      -1   3078.3  348.82  305.21      0    61351   17.50   15.31      0
  2147483648      67108864     float    none      -1   6101.4  351.97  307.97      0   122120   17.58   15.39      0
  4294967296     134217728     float    none      -1    12157  353.30  309.14      0   243499   17.64   15.43      0
# Errors with asterisks indicate errors that have exceeded the maximum threshold.
# Out of bounds values : 0 OK
# Avg bus bandwidth    : 43.476 
#
# Collective test concluded: all_gather_perf

