[1763882639.507165] [ziyue-mi300-vmss000005:370808:0]         parser.c:1686 UCX  WARN  unused env variable: UCX_HOME (set UCX_WARN_UNUSED_ENV_VARS=n to suppress this warning)
[1763882639.512697] [ziyue-mi300-vmss000005:370805:0]         parser.c:1686 UCX  WARN  unused env variable: UCX_HOME (set UCX_WARN_UNUSED_ENV_VARS=n to suppress this warning)
[1763882639.512845] [ziyue-mi300-vmss000005:370806:0]         parser.c:1686 UCX  WARN  unused env variable: UCX_HOME (set UCX_WARN_UNUSED_ENV_VARS=n to suppress this warning)
[1763882639.522423] [ziyue-mi300-vmss000005:370809:0]         parser.c:1686 UCX  WARN  unused env variable: UCX_HOME (set UCX_WARN_UNUSED_ENV_VARS=n to suppress this warning)
[1763882639.525176] [ziyue-mi300-vmss000005:370804:0]         parser.c:1686 UCX  WARN  unused env variable: UCX_HOME (set UCX_WARN_UNUSED_ENV_VARS=n to suppress this warning)
[1763882639.526408] [ziyue-mi300-vmss000005:370810:0]         parser.c:1686 UCX  WARN  unused env variable: UCX_HOME (set UCX_WARN_UNUSED_ENV_VARS=n to suppress this warning)
[1763882639.538879] [ziyue-mi300-vmss000005:370807:0]         parser.c:1686 UCX  WARN  unused env variable: UCX_HOME (set UCX_WARN_UNUSED_ENV_VARS=n to suppress this warning)
[1763882639.559107] [ziyue-mi300-vmss000005:370811:0]         parser.c:1686 UCX  WARN  unused env variable: UCX_HOME (set UCX_WARN_UNUSED_ENV_VARS=n to suppress this warning)
# Collective test starting: all_gather_perf
# nThread 1 nGpus 1 minBytes 1 maxBytes 4294967296 step: 2(factor) warmup iters: 20 iters: 100 agg iters: 1 validation: 1 graph: 0
#
rccl-tests: Version develop:db6ea5a
# Using devices
#  Rank  0 Group  0 Pid 370804 on ziyue-mi300-vmss000005 device  0 [0002:00:00] AMD Instinct MI300X VF
#  Rank  1 Group  0 Pid 370805 on ziyue-mi300-vmss000005 device  1 [0003:00:00] AMD Instinct MI300X VF
#  Rank  2 Group  0 Pid 370806 on ziyue-mi300-vmss000005 device  2 [0004:00:00] AMD Instinct MI300X VF
#  Rank  3 Group  0 Pid 370807 on ziyue-mi300-vmss000005 device  3 [0005:00:00] AMD Instinct MI300X VF
#  Rank  4 Group  0 Pid 370808 on ziyue-mi300-vmss000005 device  4 [0006:00:00] AMD Instinct MI300X VF
#  Rank  5 Group  0 Pid 370809 on ziyue-mi300-vmss000005 device  5 [0007:00:00] AMD Instinct MI300X VF
#  Rank  6 Group  0 Pid 370810 on ziyue-mi300-vmss000005 device  6 [0008:00:00] AMD Instinct MI300X VF
#  Rank  7 Group  0 Pid 370811 on ziyue-mi300-vmss000005 device  7 [0009:00:00] AMD Instinct MI300X VF
RCCL version : 2.21.5-HEAD:eef7b29
HIP version  : 6.3.42131-fa1d09cbd
ROCm version : 6.3.0.0-39-ce2be3b
Hostname     : ziyue-mi300-vmss000005
Librccl path : /opt/rocm/lib/librccl.so
#
#                                                              out-of-place                       in-place          
#       size         count      type   redop    root     time   algbw   busbw #wrong     time   algbw   busbw #wrong                               
#        (B)    (elements)                               (us)  (GB/s)  (GB/s)            (us)  (GB/s)  (GB/s)                                      
           0             0     float    none      -1     0.20    0.00    0.00      0     0.20    0.00    0.00      0
           0             0     float    none      -1     0.20    0.00    0.00      0     0.21    0.00    0.00      0
           0             0     float    none      -1     0.20    0.00    0.00      0     0.20    0.00    0.00      0
           0             0     float    none      -1     0.20    0.00    0.00      0     0.21    0.00    0.00      0
           0             0     float    none      -1     0.20    0.00    0.00      0     0.20    0.00    0.00      0
           0             0     float    none      -1     0.20    0.00    0.00      0     0.20    0.00    0.00      0
           0             0     float    none      -1     0.20    0.00    0.00      0     0.20    0.00    0.00      0
         128             4     float    none      -1    18.11    0.01    0.01      0    213.8    0.00    0.00      0
         256             8     float    none      -1    17.71    0.01    0.01      0    214.1    0.00    0.00      0
         512            16     float    none      -1    17.70    0.03    0.03      0    213.7    0.00    0.00      0
        1024            32     float    none      -1    17.70    0.06    0.05      0    214.0    0.00    0.00      0
        2048            64     float    none      -1    18.18    0.11    0.10      0    214.6    0.01    0.01      0
        4096           128     float    none      -1    18.32    0.22    0.20      0    214.0    0.02    0.02      0
        8192           256     float    none      -1    18.45    0.44    0.39      0    213.5    0.04    0.03      0
       16384           512     float    none      -1    19.01    0.86    0.75      0    213.7    0.08    0.07      0
       32768          1024     float    none      -1    19.20    1.71    1.49      0    214.1    0.15    0.13      0
       65536          2048     float    none      -1    19.23    3.41    2.98      0    214.4    0.31    0.27      0
      131072          4096     float    none      -1    19.70    6.65    5.82      0    214.7    0.61    0.53      0
      262144          8192     float    none      -1    19.67   13.33   11.66      0    216.3    1.21    1.06      0
      524288         16384     float    none      -1    33.29   15.75   13.78      0    220.1    2.38    2.08      0
     1048576         32768     float    none      -1    35.38   29.64   25.93      0    225.5    4.65    4.07      0
     2097152         65536     float    none      -1    39.46   53.15   46.50      0    242.0    8.66    7.58      0
     4194304        131072     float    none      -1    47.06   89.13   77.99      0    290.1   14.46   12.65      0
     8388608        262144     float    none      -1    59.94  139.96  122.47      0    348.2   24.09   21.08      0
    16777216        524288     float    none      -1    95.97  174.82  152.97      0    464.6   36.11   31.59      0
    33554432       1048576     float    none      -1    142.0  236.34  206.79      0    705.3   47.58   41.63      0
    67108864       2097152     float    none      -1    236.2  284.10  248.59      0   1193.6   56.22   49.20      0
   134217728       4194304     float    none      -1    424.4  316.23  276.70      0   2150.6   62.41   54.61      0
   268435456       8388608     float    none      -1    807.4  332.47  290.91      0   4076.2   65.85   57.62      0
   536870912      16777216     float    none      -1   1569.0  342.18  299.40      0   7914.9   67.83   59.35      0
  1073741824      33554432     float    none      -1   3079.4  348.68  305.10      0    15991   67.15   58.75      0
  2147483648      67108864     float    none      -1   6097.1  352.21  308.19      0    31392   68.41   59.86      0
  4294967296     134217728     float    none      -1    12164  353.08  308.95      0    62227   69.02   60.39      0
# Errors with asterisks indicate errors that have exceeded the maximum threshold.
# Out of bounds values : 0 OK
# Avg bus bandwidth    : 48.9448 
#
# Collective test concluded: all_gather_perf

