[1763882671.238788] [ziyue-mi300-vmss000005:371140:0]         parser.c:1686 UCX  WARN  unused env variable: UCX_HOME (set UCX_WARN_UNUSED_ENV_VARS=n to suppress this warning)
[1763882671.259930] [ziyue-mi300-vmss000005:371138:0]         parser.c:1686 UCX  WARN  unused env variable: UCX_HOME (set UCX_WARN_UNUSED_ENV_VARS=n to suppress this warning)
[1763882671.262602] [ziyue-mi300-vmss000005:371142:0]         parser.c:1686 UCX  WARN  unused env variable: UCX_HOME (set UCX_WARN_UNUSED_ENV_VARS=n to suppress this warning)
[1763882671.275195] [ziyue-mi300-vmss000005:371137:0]         parser.c:1686 UCX  WARN  unused env variable: UCX_HOME (set UCX_WARN_UNUSED_ENV_VARS=n to suppress this warning)
[1763882671.275193] [ziyue-mi300-vmss000005:371139:0]         parser.c:1686 UCX  WARN  unused env variable: UCX_HOME (set UCX_WARN_UNUSED_ENV_VARS=n to suppress this warning)
[1763882671.275193] [ziyue-mi300-vmss000005:371141:0]         parser.c:1686 UCX  WARN  unused env variable: UCX_HOME (set UCX_WARN_UNUSED_ENV_VARS=n to suppress this warning)
[1763882671.275171] [ziyue-mi300-vmss000005:371143:0]         parser.c:1686 UCX  WARN  unused env variable: UCX_HOME (set UCX_WARN_UNUSED_ENV_VARS=n to suppress this warning)
[1763882671.285971] [ziyue-mi300-vmss000005:371136:0]         parser.c:1686 UCX  WARN  unused env variable: UCX_HOME (set UCX_WARN_UNUSED_ENV_VARS=n to suppress this warning)
# Collective test starting: all_gather_perf
# nThread 1 nGpus 1 minBytes 1 maxBytes 4294967296 step: 2(factor) warmup iters: 20 iters: 100 agg iters: 1 validation: 1 graph: 0
#
rccl-tests: Version develop:db6ea5a
# Using devices
#  Rank  0 Group  0 Pid 371136 on ziyue-mi300-vmss000005 device  0 [0002:00:00] AMD Instinct MI300X VF
#  Rank  1 Group  0 Pid 371137 on ziyue-mi300-vmss000005 device  1 [0003:00:00] AMD Instinct MI300X VF
#  Rank  2 Group  0 Pid 371138 on ziyue-mi300-vmss000005 device  2 [0004:00:00] AMD Instinct MI300X VF
#  Rank  3 Group  0 Pid 371139 on ziyue-mi300-vmss000005 device  3 [0005:00:00] AMD Instinct MI300X VF
#  Rank  4 Group  0 Pid 371140 on ziyue-mi300-vmss000005 device  4 [0006:00:00] AMD Instinct MI300X VF
#  Rank  5 Group  0 Pid 371141 on ziyue-mi300-vmss000005 device  5 [0007:00:00] AMD Instinct MI300X VF
#  Rank  6 Group  0 Pid 371142 on ziyue-mi300-vmss000005 device  6 [0008:00:00] AMD Instinct MI300X VF
#  Rank  7 Group  0 Pid 371143 on ziyue-mi300-vmss000005 device  7 [0009:00:00] AMD Instinct MI300X VF
RCCL version : 2.21.5-HEAD:eef7b29
HIP version  : 6.3.42131-fa1d09cbd
ROCm version : 6.3.0.0-39-ce2be3b
Hostname     : ziyue-mi300-vmss000005
Librccl path : /opt/rocm/lib/librccl.so
#
#                                                              out-of-place                       in-place          
#       size         count      type   redop    root     time   algbw   busbw #wrong     time   algbw   busbw #wrong                               
#        (B)    (elements)                               (us)  (GB/s)  (GB/s)            (us)  (GB/s)  (GB/s)                                      
           0             0     float    none      -1     0.22    0.00    0.00      0     0.21    0.00    0.00      0
           0             0     float    none      -1     0.19    0.00    0.00      0     0.21    0.00    0.00      0
           0             0     float    none      -1     0.21    0.00    0.00      0     0.21    0.00    0.00      0
           0             0     float    none      -1     0.21    0.00    0.00      0     0.21    0.00    0.00      0
           0             0     float    none      -1     0.21    0.00    0.00      0     0.21    0.00    0.00      0
           0             0     float    none      -1     0.21    0.00    0.00      0     0.19    0.00    0.00      0
           0             0     float    none      -1     0.19    0.00    0.00      0     0.19    0.00    0.00      0
         128             4     float    none      -1    18.08    0.01    0.01      0     9.31    0.01    0.01      0
         256             8     float    none      -1    17.89    0.01    0.01      0     9.56    0.03    0.02      0
         512            16     float    none      -1    17.64    0.03    0.03      0     9.93    0.05    0.05      0
        1024            32     float    none      -1    17.70    0.06    0.05      0     9.74    0.11    0.09      0
        2048            64     float    none      -1    18.19    0.11    0.10      0     9.80    0.21    0.18      0
        4096           128     float    none      -1    18.32    0.22    0.20      0     9.75    0.42    0.37      0
        8192           256     float    none      -1    18.58    0.44    0.39      0     9.47    0.86    0.76      0
       16384           512     float    none      -1    18.91    0.87    0.76      0     9.54    1.72    1.50      0
       32768          1024     float    none      -1    19.17    1.71    1.50      0    10.26    3.19    2.79      0
       65536          2048     float    none      -1    19.17    3.42    2.99      0    10.58    6.20    5.42      0
      131072          4096     float    none      -1    19.46    6.74    5.89      0    15.14    8.66    7.57      0
      262144          8192     float    none      -1    19.42   13.50   11.81      0    25.84   10.14    8.88      0
      524288         16384     float    none      -1    33.28   15.75   13.78      0    47.24   11.10    9.71      0
     1048576         32768     float    none      -1    35.26   29.74   26.02      0    90.07   11.64   10.19      0
     2097152         65536     float    none      -1    39.48   53.12   46.48      0    176.4   11.89   10.40      0
     4194304        131072     float    none      -1    47.14   88.98   77.86      0    347.5   12.07   10.56      0
     8388608        262144     float    none      -1    59.95  139.92  122.43      0    691.1   12.14   10.62      0
    16777216        524288     float    none      -1    96.08  174.61  152.78      0   1375.6   12.20   10.67      0
    33554432       1048576     float    none      -1    142.1  236.12  206.61      0   2743.1   12.23   10.70      0
    67108864       2097152     float    none      -1    235.4  285.09  249.45      0   5472.8   12.26   10.73      0
   134217728       4194304     float    none      -1    424.1  316.47  276.91      0    10912   12.30   10.76      0
   268435456       8388608     float    none      -1    807.1  332.60  291.03      0    21873   12.27   10.74      0
   536870912      16777216     float    none      -1   1568.7  342.24  299.46      0    43752   12.27   10.74      0
  1073741824      33554432     float    none      -1   3078.8  348.76  305.16      0    87176   12.32   10.78      0
  2147483648      67108864     float    none      -1   6087.3  352.78  308.68      0   174385   12.31   10.78      0
  4294967296     134217728     float    none      -1    12091  355.23  310.82      0   348808   12.31   10.77      0
# Errors with asterisks indicate errors that have exceeded the maximum threshold.
# Out of bounds values : 0 OK
# Avg bus bandwidth    : 43.7427 
#
# Collective test concluded: all_gather_perf

