[1763882828.818587] [ziyue-mi300-vmss000005:371804:0]         parser.c:1686 UCX  WARN  unused env variable: UCX_HOME (set UCX_WARN_UNUSED_ENV_VARS=n to suppress this warning)
[1763882828.819658] [ziyue-mi300-vmss000005:371802:0]         parser.c:1686 UCX  WARN  unused env variable: UCX_HOME (set UCX_WARN_UNUSED_ENV_VARS=n to suppress this warning)
[1763882828.819586] [ziyue-mi300-vmss000005:371803:0]         parser.c:1686 UCX  WARN  unused env variable: UCX_HOME (set UCX_WARN_UNUSED_ENV_VARS=n to suppress this warning)
[1763882828.820709] [ziyue-mi300-vmss000005:371800:0]         parser.c:1686 UCX  WARN  unused env variable: UCX_HOME (set UCX_WARN_UNUSED_ENV_VARS=n to suppress this warning)
[1763882828.824870] [ziyue-mi300-vmss000005:371805:0]         parser.c:1686 UCX  WARN  unused env variable: UCX_HOME (set UCX_WARN_UNUSED_ENV_VARS=n to suppress this warning)
[1763882828.824883] [ziyue-mi300-vmss000005:371807:0]         parser.c:1686 UCX  WARN  unused env variable: UCX_HOME (set UCX_WARN_UNUSED_ENV_VARS=n to suppress this warning)
[1763882828.825148] [ziyue-mi300-vmss000005:371801:0]         parser.c:1686 UCX  WARN  unused env variable: UCX_HOME (set UCX_WARN_UNUSED_ENV_VARS=n to suppress this warning)
[1763882828.834445] [ziyue-mi300-vmss000005:371806:0]         parser.c:1686 UCX  WARN  unused env variable: UCX_HOME (set UCX_WARN_UNUSED_ENV_VARS=n to suppress this warning)
# Collective test starting: all_gather_perf
# nThread 1 nGpus 1 minBytes 1 maxBytes 4294967296 step: 2(factor) warmup iters: 20 iters: 100 agg iters: 1 validation: 1 graph: 0
#
rccl-tests: Version develop:db6ea5a
# Using devices
#  Rank  0 Group  0 Pid 371800 on ziyue-mi300-vmss000005 device  0 [0002:00:00] AMD Instinct MI300X VF
#  Rank  1 Group  0 Pid 371801 on ziyue-mi300-vmss000005 device  1 [0003:00:00] AMD Instinct MI300X VF
#  Rank  2 Group  0 Pid 371802 on ziyue-mi300-vmss000005 device  2 [0004:00:00] AMD Instinct MI300X VF
#  Rank  3 Group  0 Pid 371803 on ziyue-mi300-vmss000005 device  3 [0005:00:00] AMD Instinct MI300X VF
#  Rank  4 Group  0 Pid 371804 on ziyue-mi300-vmss000005 device  4 [0006:00:00] AMD Instinct MI300X VF
#  Rank  5 Group  0 Pid 371805 on ziyue-mi300-vmss000005 device  5 [0007:00:00] AMD Instinct MI300X VF
#  Rank  6 Group  0 Pid 371806 on ziyue-mi300-vmss000005 device  6 [0008:00:00] AMD Instinct MI300X VF
#  Rank  7 Group  0 Pid 371807 on ziyue-mi300-vmss000005 device  7 [0009:00:00] AMD Instinct MI300X VF
RCCL version : 2.21.5-HEAD:eef7b29
HIP version  : 6.3.42131-fa1d09cbd
ROCm version : 6.3.0.0-39-ce2be3b
Hostname     : ziyue-mi300-vmss000005
Librccl path : /opt/rocm/lib/librccl.so
#
#                                                              out-of-place                       in-place          
#       size         count      type   redop    root     time   algbw   busbw #wrong     time   algbw   busbw #wrong                               
#        (B)    (elements)                               (us)  (GB/s)  (GB/s)            (us)  (GB/s)  (GB/s)                                      
           0             0     float    none      -1     0.21    0.00    0.00      0     0.20    0.00    0.00      0
           0             0     float    none      -1     0.20    0.00    0.00      0     0.21    0.00    0.00      0
           0             0     float    none      -1     0.20    0.00    0.00      0     0.20    0.00    0.00      0
           0             0     float    none      -1     0.20    0.00    0.00      0     0.20    0.00    0.00      0
           0             0     float    none      -1     0.20    0.00    0.00      0     0.20    0.00    0.00      0
           0             0     float    none      -1     0.20    0.00    0.00      0     0.20    0.00    0.00      0
           0             0     float    none      -1     0.20    0.00    0.00      0     0.20    0.00    0.00      0
         128             4     float    none      -1    18.11    0.01    0.01      0    10.71    0.01    0.01      0
         256             8     float    none      -1    17.76    0.01    0.01      0    10.69    0.02    0.02      0
         512            16     float    none      -1    17.64    0.03    0.03      0    10.63    0.05    0.04      0
        1024            32     float    none      -1    17.64    0.06    0.05      0    10.65    0.10    0.08      0
        2048            64     float    none      -1    18.14    0.11    0.10      0    10.79    0.19    0.17      0
        4096           128     float    none      -1    18.35    0.22    0.20      0    10.68    0.38    0.34      0
        8192           256     float    none      -1    18.57    0.44    0.39      0    10.75    0.76    0.67      0
       16384           512     float    none      -1    18.98    0.86    0.76      0    10.79    1.52    1.33      0
       32768          1024     float    none      -1    19.19    1.71    1.49      0    11.40    2.87    2.51      0
       65536          2048     float    none      -1    19.17    3.42    2.99      0    11.09    5.91    5.17      0
      131072          4096     float    none      -1    19.40    6.76    5.91      0    11.43   11.46   10.03      0
      262144          8192     float    none      -1    19.47   13.47   11.78      0    13.07   20.05   17.54      0
      524288         16384     float    none      -1    33.34   15.72   13.76      0    17.86   29.36   25.69      0
     1048576         32768     float    none      -1    35.37   29.65   25.94      0    24.47   42.86   37.50      0
     2097152         65536     float    none      -1    39.44   53.17   46.52      0    37.07   56.57   49.50      0
     4194304        131072     float    none      -1    47.01   89.23   78.08      0    61.17   68.56   59.99      0
     8388608        262144     float    none      -1    59.88  140.08  122.57      0    110.9   75.64   66.18      0
    16777216        524288     float    none      -1    96.05  174.68  152.84      0    205.2   81.78   71.56      0
    33554432       1048576     float    none      -1    142.0  236.37  206.82      0    405.8   82.69   72.35      0
    67108864       2097152     float    none      -1    235.7  284.69  249.10      0    801.6   83.72   73.25      0
   134217728       4194304     float    none      -1    423.5  316.96  277.34      0   1595.8   84.11   73.60      0
   268435456       8388608     float    none      -1    805.9  333.08  291.45      0   3182.7   84.34   73.80      0
   536870912      16777216     float    none      -1   1565.1  343.02  300.14      0   6364.4   84.36   73.81      0
  1073741824      33554432     float    none      -1   3074.6  349.23  305.58      0    12724   84.39   73.84      0
  2147483648      67108864     float    none      -1   6086.1  352.85  308.74      0    25440   84.41   73.86      0
  4294967296     134217728     float    none      -1    12131  354.06  309.80      0    50858   84.45   73.89      0
# Errors with asterisks indicate errors that have exceeded the maximum threshold.
# Out of bounds values : 0 OK
# Avg bus bandwidth    : 55.29 
#
# Collective test concluded: all_gather_perf

