[1763882748.140072] [ziyue-mi300-vmss000005:371306:0]         parser.c:1686 UCX  WARN  unused env variable: UCX_HOME (set UCX_WARN_UNUSED_ENV_VARS=n to suppress this warning)
[1763882748.140074] [ziyue-mi300-vmss000005:371308:0]         parser.c:1686 UCX  WARN  unused env variable: UCX_HOME (set UCX_WARN_UNUSED_ENV_VARS=n to suppress this warning)
[1763882748.140122] [ziyue-mi300-vmss000005:371304:0]         parser.c:1686 UCX  WARN  unused env variable: UCX_HOME (set UCX_WARN_UNUSED_ENV_VARS=n to suppress this warning)
[1763882748.154370] [ziyue-mi300-vmss000005:371309:0]         parser.c:1686 UCX  WARN  unused env variable: UCX_HOME (set UCX_WARN_UNUSED_ENV_VARS=n to suppress this warning)
[1763882748.165051] [ziyue-mi300-vmss000005:371303:0]         parser.c:1686 UCX  WARN  unused env variable: UCX_HOME (set UCX_WARN_UNUSED_ENV_VARS=n to suppress this warning)
[1763882748.172719] [ziyue-mi300-vmss000005:371307:0]         parser.c:1686 UCX  WARN  unused env variable: UCX_HOME (set UCX_WARN_UNUSED_ENV_VARS=n to suppress this warning)
[1763882748.175821] [ziyue-mi300-vmss000005:371302:0]         parser.c:1686 UCX  WARN  unused env variable: UCX_HOME (set UCX_WARN_UNUSED_ENV_VARS=n to suppress this warning)
[1763882748.176068] [ziyue-mi300-vmss000005:371305:0]         parser.c:1686 UCX  WARN  unused env variable: UCX_HOME (set UCX_WARN_UNUSED_ENV_VARS=n to suppress this warning)
# Collective test starting: all_gather_perf
# nThread 1 nGpus 1 minBytes 1 maxBytes 4294967296 step: 2(factor) warmup iters: 20 iters: 100 agg iters: 1 validation: 1 graph: 0
#
rccl-tests: Version develop:db6ea5a
# Using devices
#  Rank  0 Group  0 Pid 371302 on ziyue-mi300-vmss000005 device  0 [0002:00:00] AMD Instinct MI300X VF
#  Rank  1 Group  0 Pid 371303 on ziyue-mi300-vmss000005 device  1 [0003:00:00] AMD Instinct MI300X VF
#  Rank  2 Group  0 Pid 371304 on ziyue-mi300-vmss000005 device  2 [0004:00:00] AMD Instinct MI300X VF
#  Rank  3 Group  0 Pid 371305 on ziyue-mi300-vmss000005 device  3 [0005:00:00] AMD Instinct MI300X VF
#  Rank  4 Group  0 Pid 371306 on ziyue-mi300-vmss000005 device  4 [0006:00:00] AMD Instinct MI300X VF
#  Rank  5 Group  0 Pid 371307 on ziyue-mi300-vmss000005 device  5 [0007:00:00] AMD Instinct MI300X VF
#  Rank  6 Group  0 Pid 371308 on ziyue-mi300-vmss000005 device  6 [0008:00:00] AMD Instinct MI300X VF
#  Rank  7 Group  0 Pid 371309 on ziyue-mi300-vmss000005 device  7 [0009:00:00] AMD Instinct MI300X VF
RCCL version : 2.21.5-HEAD:eef7b29
HIP version  : 6.3.42131-fa1d09cbd
ROCm version : 6.3.0.0-39-ce2be3b
Hostname     : ziyue-mi300-vmss000005
Librccl path : /opt/rocm/lib/librccl.so
#
#                                                              out-of-place                       in-place          
#       size         count      type   redop    root     time   algbw   busbw #wrong     time   algbw   busbw #wrong                               
#        (B)    (elements)                               (us)  (GB/s)  (GB/s)            (us)  (GB/s)  (GB/s)                                      
           0             0     float    none      -1     0.20    0.00    0.00      0     0.20    0.00    0.00      0
           0             0     float    none      -1     0.20    0.00    0.00      0     0.20    0.00    0.00      0
           0             0     float    none      -1     0.20    0.00    0.00      0     0.20    0.00    0.00      0
           0             0     float    none      -1     0.20    0.00    0.00      0     0.20    0.00    0.00      0
           0             0     float    none      -1     0.20    0.00    0.00      0     0.20    0.00    0.00      0
           0             0     float    none      -1     0.20    0.00    0.00      0     0.20    0.00    0.00      0
           0             0     float    none      -1     0.19    0.00    0.00      0     0.19    0.00    0.00      0
         128             4     float    none      -1    18.10    0.01    0.01      0    10.40    0.01    0.01      0
         256             8     float    none      -1    17.75    0.01    0.01      0    10.17    0.03    0.02      0
         512            16     float    none      -1    17.64    0.03    0.03      0    10.32    0.05    0.04      0
        1024            32     float    none      -1    17.66    0.06    0.05      0    10.17    0.10    0.09      0
        2048            64     float    none      -1    18.18    0.11    0.10      0    11.10    0.18    0.16      0
        4096           128     float    none      -1    18.34    0.22    0.20      0    10.31    0.40    0.35      0
        8192           256     float    none      -1    18.54    0.44    0.39      0    10.08    0.81    0.71      0
       16384           512     float    none      -1    19.01    0.86    0.75      0    10.34    1.58    1.39      0
       32768          1024     float    none      -1    19.42    1.69    1.48      0    10.85    3.02    2.64      0
       65536          2048     float    none      -1    19.29    3.40    2.97      0    10.41    6.29    5.51      0
      131072          4096     float    none      -1    19.47    6.73    5.89      0    10.48   12.51   10.95      0
      262144          8192     float    none      -1    19.35   13.55   11.86      0    14.85   17.65   15.44      0
      524288         16384     float    none      -1    33.39   15.70   13.74      0    25.84   20.29   17.75      0
     1048576         32768     float    none      -1    35.44   29.59   25.89      0    47.19   22.22   19.44      0
     2097152         65536     float    none      -1    39.49   53.11   46.47      0    90.40   23.20   20.30      0
     4194304        131072     float    none      -1    47.10   89.05   77.91      0    176.2   23.81   20.83      0
     8388608        262144     float    none      -1    59.89  140.08  122.57      0    347.8   24.12   21.10      0
    16777216        524288     float    none      -1    96.13  174.53  152.72      0    692.1   24.24   21.21      0
    33554432       1048576     float    none      -1    142.3  235.78  206.30      0   1374.7   24.41   21.36      0
    67108864       2097152     float    none      -1    235.9  284.46  248.90      0   2753.8   24.37   21.32      0
   134217728       4194304     float    none      -1    423.9  316.65  277.06      0   5535.8   24.25   21.21      0
   268435456       8388608     float    none      -1    807.5  332.41  290.86      0    11040   24.32   21.28      0
   536870912      16777216     float    none      -1   1568.7  342.24  299.46      0    22191   24.19   21.17      0
  1073741824      33554432     float    none      -1   3078.6  348.78  305.18      0    44278   24.25   21.22      0
  2147483648      67108864     float    none      -1   6088.9  352.69  308.60      0    88545   24.25   21.22      0
  4294967296     134217728     float    none      -1    12089  355.28  310.87      0   176937   24.27   21.24      0
# Errors with asterisks indicate errors that have exceeded the maximum threshold.
# Out of bounds values : 0 OK
# Avg bus bandwidth    : 46.0338 
#
# Collective test concluded: all_gather_perf

