[1763882845.163371] [ziyue-mi300-vmss000005:371966:0]         parser.c:1686 UCX  WARN  unused env variable: UCX_HOME (set UCX_WARN_UNUSED_ENV_VARS=n to suppress this warning)
[1763882845.163370] [ziyue-mi300-vmss000005:371970:0]         parser.c:1686 UCX  WARN  unused env variable: UCX_HOME (set UCX_WARN_UNUSED_ENV_VARS=n to suppress this warning)
[1763882845.163335] [ziyue-mi300-vmss000005:371972:0]         parser.c:1686 UCX  WARN  unused env variable: UCX_HOME (set UCX_WARN_UNUSED_ENV_VARS=n to suppress this warning)
[1763882845.164734] [ziyue-mi300-vmss000005:371967:0]         parser.c:1686 UCX  WARN  unused env variable: UCX_HOME (set UCX_WARN_UNUSED_ENV_VARS=n to suppress this warning)
[1763882845.176003] [ziyue-mi300-vmss000005:371971:0]         parser.c:1686 UCX  WARN  unused env variable: UCX_HOME (set UCX_WARN_UNUSED_ENV_VARS=n to suppress this warning)
[1763882845.177947] [ziyue-mi300-vmss000005:371969:0]         parser.c:1686 UCX  WARN  unused env variable: UCX_HOME (set UCX_WARN_UNUSED_ENV_VARS=n to suppress this warning)
[1763882845.178224] [ziyue-mi300-vmss000005:371973:0]         parser.c:1686 UCX  WARN  unused env variable: UCX_HOME (set UCX_WARN_UNUSED_ENV_VARS=n to suppress this warning)
[1763882845.192132] [ziyue-mi300-vmss000005:371968:0]         parser.c:1686 UCX  WARN  unused env variable: UCX_HOME (set UCX_WARN_UNUSED_ENV_VARS=n to suppress this warning)
# Collective test starting: all_gather_perf
# nThread 1 nGpus 1 minBytes 1 maxBytes 4294967296 step: 2(factor) warmup iters: 20 iters: 100 agg iters: 1 validation: 1 graph: 0
#
rccl-tests: Version develop:db6ea5a
# Using devices
#  Rank  0 Group  0 Pid 371966 on ziyue-mi300-vmss000005 device  0 [0002:00:00] AMD Instinct MI300X VF
#  Rank  1 Group  0 Pid 371967 on ziyue-mi300-vmss000005 device  1 [0003:00:00] AMD Instinct MI300X VF
#  Rank  2 Group  0 Pid 371968 on ziyue-mi300-vmss000005 device  2 [0004:00:00] AMD Instinct MI300X VF
#  Rank  3 Group  0 Pid 371969 on ziyue-mi300-vmss000005 device  3 [0005:00:00] AMD Instinct MI300X VF
#  Rank  4 Group  0 Pid 371970 on ziyue-mi300-vmss000005 device  4 [0006:00:00] AMD Instinct MI300X VF
#  Rank  5 Group  0 Pid 371971 on ziyue-mi300-vmss000005 device  5 [0007:00:00] AMD Instinct MI300X VF
#  Rank  6 Group  0 Pid 371972 on ziyue-mi300-vmss000005 device  6 [0008:00:00] AMD Instinct MI300X VF
#  Rank  7 Group  0 Pid 371973 on ziyue-mi300-vmss000005 device  7 [0009:00:00] AMD Instinct MI300X VF
RCCL version : 2.21.5-HEAD:eef7b29
HIP version  : 6.3.42131-fa1d09cbd
ROCm version : 6.3.0.0-39-ce2be3b
Hostname     : ziyue-mi300-vmss000005
Librccl path : /opt/rocm/lib/librccl.so
#
#                                                              out-of-place                       in-place          
#       size         count      type   redop    root     time   algbw   busbw #wrong     time   algbw   busbw #wrong                               
#        (B)    (elements)                               (us)  (GB/s)  (GB/s)            (us)  (GB/s)  (GB/s)                                      
           0             0     float    none      -1     0.20    0.00    0.00      0     0.19    0.00    0.00      0
           0             0     float    none      -1     0.20    0.00    0.00      0     0.20    0.00    0.00      0
           0             0     float    none      -1     0.20    0.00    0.00      0     0.25    0.00    0.00      0
           0             0     float    none      -1     0.20    0.00    0.00      0     0.20    0.00    0.00      0
           0             0     float    none      -1     0.20    0.00    0.00      0     0.20    0.00    0.00      0
           0             0     float    none      -1     0.20    0.00    0.00      0     0.20    0.00    0.00      0
           0             0     float    none      -1     0.19    0.00    0.00      0     0.19    0.00    0.00      0
         128             4     float    none      -1    18.01    0.01    0.01      0    10.60    0.01    0.01      0
         256             8     float    none      -1    17.74    0.01    0.01      0    10.59    0.02    0.02      0
         512            16     float    none      -1    17.70    0.03    0.03      0    10.58    0.05    0.04      0
        1024            32     float    none      -1    17.68    0.06    0.05      0    10.53    0.10    0.09      0
        2048            64     float    none      -1    18.12    0.11    0.10      0    11.29    0.18    0.16      0
        4096           128     float    none      -1    18.30    0.22    0.20      0    10.30    0.40    0.35      0
        8192           256     float    none      -1    18.44    0.44    0.39      0    10.29    0.80    0.70      0
       16384           512     float    none      -1    18.92    0.87    0.76      0    10.44    1.57    1.37      0
       32768          1024     float    none      -1    19.25    1.70    1.49      0    10.94    3.00    2.62      0
       65536          2048     float    none      -1    19.17    3.42    2.99      0    10.52    6.23    5.45      0
      131072          4096     float    none      -1    19.44    6.74    5.90      0    10.66   12.29   10.76      0
      262144          8192     float    none      -1    19.42   13.50   11.81      0    11.17   23.46   20.53      0
      524288         16384     float    none      -1    33.31   15.74   13.77      0    13.48   38.89   34.03      0
     1048576         32768     float    none      -1    35.39   29.63   25.93      0    18.00   58.26   50.98      0
     2097152         65536     float    none      -1    39.40   53.23   46.58      0    24.85   84.39   73.84      0
     4194304        131072     float    none      -1    46.99   89.26   78.11      0    38.21  109.77   96.05      0
     8388608        262144     float    none      -1    59.88  140.08  122.57      0    63.77  131.54  115.09      0
    16777216        524288     float    none      -1    96.03  174.71  152.87      0    113.0  148.41  129.86      0
    33554432       1048576     float    none      -1    142.0  236.24  206.71      0    213.8  156.93  137.31      0
    67108864       2097152     float    none      -1    235.9  284.49  248.93      0    420.5  159.58  139.63      0
   134217728       4194304     float    none      -1    423.9  316.66  277.08      0    832.1  161.30  141.13      0
   268435456       8388608     float    none      -1    806.3  332.91  291.29      0   1647.0  162.98  142.61      0
   536870912      16777216     float    none      -1   1568.7  342.24  299.46      0   3269.4  164.21  143.69      0
  1073741824      33554432     float    none      -1   3080.1  348.60  305.03      0   6501.6  165.15  144.51      0
  2147483648      67108864     float    none      -1   6092.8  352.46  308.40      0    12968  165.60  144.90      0
  4294967296     134217728     float    none      -1    12089  355.27  310.86      0    25948  165.52  144.83      0
# Errors with asterisks indicate errors that have exceeded the maximum threshold.
# Out of bounds values : 0 OK
# Avg bus bandwidth    : 66.5434 
#
# Collective test concluded: all_gather_perf

