[1763882608.143316] [ziyue-mi300-vmss000005:370640:0]         parser.c:1686 UCX  WARN  unused env variable: UCX_HOME (set UCX_WARN_UNUSED_ENV_VARS=n to suppress this warning)
[1763882608.143305] [ziyue-mi300-vmss000005:370642:0]         parser.c:1686 UCX  WARN  unused env variable: UCX_HOME (set UCX_WARN_UNUSED_ENV_VARS=n to suppress this warning)
[1763882608.143311] [ziyue-mi300-vmss000005:370644:0]         parser.c:1686 UCX  WARN  unused env variable: UCX_HOME (set UCX_WARN_UNUSED_ENV_VARS=n to suppress this warning)
[1763882608.156398] [ziyue-mi300-vmss000005:370645:0]         parser.c:1686 UCX  WARN  unused env variable: UCX_HOME (set UCX_WARN_UNUSED_ENV_VARS=n to suppress this warning)
[1763882608.157804] [ziyue-mi300-vmss000005:370638:0]         parser.c:1686 UCX  WARN  unused env variable: UCX_HOME (set UCX_WARN_UNUSED_ENV_VARS=n to suppress this warning)
[1763882608.171247] [ziyue-mi300-vmss000005:370643:0]         parser.c:1686 UCX  WARN  unused env variable: UCX_HOME (set UCX_WARN_UNUSED_ENV_VARS=n to suppress this warning)
[1763882608.171623] [ziyue-mi300-vmss000005:370641:0]         parser.c:1686 UCX  WARN  unused env variable: UCX_HOME (set UCX_WARN_UNUSED_ENV_VARS=n to suppress this warning)
[1763882608.189050] [ziyue-mi300-vmss000005:370639:0]         parser.c:1686 UCX  WARN  unused env variable: UCX_HOME (set UCX_WARN_UNUSED_ENV_VARS=n to suppress this warning)
# Collective test starting: all_gather_perf
# nThread 1 nGpus 1 minBytes 1 maxBytes 4294967296 step: 2(factor) warmup iters: 20 iters: 100 agg iters: 1 validation: 1 graph: 0
#
rccl-tests: Version develop:db6ea5a
# Using devices
#  Rank  0 Group  0 Pid 370638 on ziyue-mi300-vmss000005 device  0 [0002:00:00] AMD Instinct MI300X VF
#  Rank  1 Group  0 Pid 370639 on ziyue-mi300-vmss000005 device  1 [0003:00:00] AMD Instinct MI300X VF
#  Rank  2 Group  0 Pid 370640 on ziyue-mi300-vmss000005 device  2 [0004:00:00] AMD Instinct MI300X VF
#  Rank  3 Group  0 Pid 370641 on ziyue-mi300-vmss000005 device  3 [0005:00:00] AMD Instinct MI300X VF
#  Rank  4 Group  0 Pid 370642 on ziyue-mi300-vmss000005 device  4 [0006:00:00] AMD Instinct MI300X VF
#  Rank  5 Group  0 Pid 370643 on ziyue-mi300-vmss000005 device  5 [0007:00:00] AMD Instinct MI300X VF
#  Rank  6 Group  0 Pid 370644 on ziyue-mi300-vmss000005 device  6 [0008:00:00] AMD Instinct MI300X VF
#  Rank  7 Group  0 Pid 370645 on ziyue-mi300-vmss000005 device  7 [0009:00:00] AMD Instinct MI300X VF
RCCL version : 2.21.5-HEAD:eef7b29
HIP version  : 6.3.42131-fa1d09cbd
ROCm version : 6.3.0.0-39-ce2be3b
Hostname     : ziyue-mi300-vmss000005
Librccl path : /opt/rocm/lib/librccl.so
#
#                                                              out-of-place                       in-place          
#       size         count      type   redop    root     time   algbw   busbw #wrong     time   algbw   busbw #wrong                               
#        (B)    (elements)                               (us)  (GB/s)  (GB/s)            (us)  (GB/s)  (GB/s)                                      
           0             0     float    none      -1     0.20    0.00    0.00      0     0.20    0.00    0.00      0
           0             0     float    none      -1     0.20    0.00    0.00      0     0.21    0.00    0.00      0
           0             0     float    none      -1     0.21    0.00    0.00      0     0.21    0.00    0.00      0
           0             0     float    none      -1     0.21    0.00    0.00      0     0.21    0.00    0.00      0
           0             0     float    none      -1     0.21    0.00    0.00      0     0.21    0.00    0.00      0
           0             0     float    none      -1     0.21    0.00    0.00      0     0.19    0.00    0.00      0
           0             0     float    none      -1     0.19    0.00    0.00      0     0.20    0.00    0.00      0
         128             4     float    none      -1    18.14    0.01    0.01      0    213.8    0.00    0.00      0
         256             8     float    none      -1    17.82    0.01    0.01      0    213.6    0.00    0.00      0
         512            16     float    none      -1    17.74    0.03    0.03      0    235.5    0.00    0.00      0
        1024            32     float    none      -1    17.85    0.06    0.05      0    213.6    0.00    0.00      0
        2048            64     float    none      -1    18.27    0.11    0.10      0    214.4    0.01    0.01      0
        4096           128     float    none      -1    18.40    0.22    0.19      0    213.5    0.02    0.02      0
        8192           256     float    none      -1    18.62    0.44    0.38      0    213.5    0.04    0.03      0
       16384           512     float    none      -1    19.16    0.85    0.75      0    213.6    0.08    0.07      0
       32768          1024     float    none      -1    19.27    1.70    1.49      0    214.4    0.15    0.13      0
       65536          2048     float    none      -1    19.29    3.40    2.97      0    214.6    0.31    0.27      0
      131072          4096     float    none      -1    19.57    6.70    5.86      0    216.4    0.61    0.53      0
      262144          8192     float    none      -1    19.47   13.47   11.78      0    219.8    1.19    1.04      0
      524288         16384     float    none      -1    33.21   15.79   13.81      0    224.9    2.33    2.04      0
     1048576         32768     float    none      -1    35.37   29.65   25.94      0    240.9    4.35    3.81      0
     2097152         65536     float    none      -1    39.50   53.09   46.45      0    290.4    7.22    6.32      0
     4194304        131072     float    none      -1    47.11   89.04   77.91      0    350.1   11.98   10.48      0
     8388608        262144     float    none      -1    59.89  140.06  122.55      0    468.1   17.92   15.68      0
    16777216        524288     float    none      -1    96.10  174.59  152.76      0    702.7   23.87   20.89      0
    33554432       1048576     float    none      -1    142.2  235.90  206.41      0   1182.1   28.38   24.84      0
    67108864       2097152     float    none      -1    236.1  284.20  248.67      0   2133.5   31.45   27.52      0
   134217728       4194304     float    none      -1    424.4  316.27  276.74      0   4046.2   33.17   29.02      0
   268435456       8388608     float    none      -1    807.9  332.28  290.74      0   7863.0   34.14   29.87      0
   536870912      16777216     float    none      -1   1568.6  342.27  299.48      0    15971   33.62   29.41      0
  1073741824      33554432     float    none      -1   3078.3  348.82  305.21      0    31178   34.44   30.13      0
  2147483648      67108864     float    none      -1   6104.1  351.81  307.83      0    61682   34.82   30.46      0
  4294967296     134217728     float    none      -1    12156  353.32  309.16      0   122710   35.00   30.63      0
# Errors with asterisks indicate errors that have exceeded the maximum threshold.
# Out of bounds values : 0 OK
# Avg bus bandwidth    : 45.4626 
#
# Collective test concluded: all_gather_perf

