[1763882865.374175] [ziyue-mi300-vmss000005:372298:0]         parser.c:1686 UCX  WARN  unused env variable: UCX_HOME (set UCX_WARN_UNUSED_ENV_VARS=n to suppress this warning)
[1763882865.374178] [ziyue-mi300-vmss000005:372300:0]         parser.c:1686 UCX  WARN  unused env variable: UCX_HOME (set UCX_WARN_UNUSED_ENV_VARS=n to suppress this warning)
[1763882865.374176] [ziyue-mi300-vmss000005:372304:0]         parser.c:1686 UCX  WARN  unused env variable: UCX_HOME (set UCX_WARN_UNUSED_ENV_VARS=n to suppress this warning)
[1763882865.385171] [ziyue-mi300-vmss000005:372303:0]         parser.c:1686 UCX  WARN  unused env variable: UCX_HOME (set UCX_WARN_UNUSED_ENV_VARS=n to suppress this warning)
[1763882865.385183] [ziyue-mi300-vmss000005:372305:0]         parser.c:1686 UCX  WARN  unused env variable: UCX_HOME (set UCX_WARN_UNUSED_ENV_VARS=n to suppress this warning)
[1763882865.393472] [ziyue-mi300-vmss000005:372302:0]         parser.c:1686 UCX  WARN  unused env variable: UCX_HOME (set UCX_WARN_UNUSED_ENV_VARS=n to suppress this warning)
[1763882865.398021] [ziyue-mi300-vmss000005:372299:0]         parser.c:1686 UCX  WARN  unused env variable: UCX_HOME (set UCX_WARN_UNUSED_ENV_VARS=n to suppress this warning)
[1763882865.398142] [ziyue-mi300-vmss000005:372301:0]         parser.c:1686 UCX  WARN  unused env variable: UCX_HOME (set UCX_WARN_UNUSED_ENV_VARS=n to suppress this warning)
# Collective test starting: all_gather_perf
# nThread 1 nGpus 1 minBytes 1 maxBytes 4294967296 step: 2(factor) warmup iters: 20 iters: 100 agg iters: 1 validation: 1 graph: 0
#
rccl-tests: Version develop:db6ea5a
# Using devices
#  Rank  0 Group  0 Pid 372298 on ziyue-mi300-vmss000005 device  0 [0002:00:00] AMD Instinct MI300X VF
#  Rank  1 Group  0 Pid 372299 on ziyue-mi300-vmss000005 device  1 [0003:00:00] AMD Instinct MI300X VF
#  Rank  2 Group  0 Pid 372300 on ziyue-mi300-vmss000005 device  2 [0004:00:00] AMD Instinct MI300X VF
#  Rank  3 Group  0 Pid 372301 on ziyue-mi300-vmss000005 device  3 [0005:00:00] AMD Instinct MI300X VF
#  Rank  4 Group  0 Pid 372302 on ziyue-mi300-vmss000005 device  4 [0006:00:00] AMD Instinct MI300X VF
#  Rank  5 Group  0 Pid 372303 on ziyue-mi300-vmss000005 device  5 [0007:00:00] AMD Instinct MI300X VF
#  Rank  6 Group  0 Pid 372304 on ziyue-mi300-vmss000005 device  6 [0008:00:00] AMD Instinct MI300X VF
#  Rank  7 Group  0 Pid 372305 on ziyue-mi300-vmss000005 device  7 [0009:00:00] AMD Instinct MI300X VF
RCCL version : 2.21.5-HEAD:eef7b29
HIP version  : 6.3.42131-fa1d09cbd
ROCm version : 6.3.0.0-39-ce2be3b
Hostname     : ziyue-mi300-vmss000005
Librccl path : /opt/rocm/lib/librccl.so
#
#                                                              out-of-place                       in-place          
#       size         count      type   redop    root     time   algbw   busbw #wrong     time   algbw   busbw #wrong                               
#        (B)    (elements)                               (us)  (GB/s)  (GB/s)            (us)  (GB/s)  (GB/s)                                      
           0             0     float    none      -1     0.20    0.00    0.00      0     0.20    0.00    0.00      0
           0             0     float    none      -1     0.20    0.00    0.00      0     0.20    0.00    0.00      0
           0             0     float    none      -1     0.20    0.00    0.00      0     0.20    0.00    0.00      0
           0             0     float    none      -1     0.20    0.00    0.00      0     0.20    0.00    0.00      0
           0             0     float    none      -1     0.20    0.00    0.00      0     0.20    0.00    0.00      0
           0             0     float    none      -1     0.20    0.00    0.00      0     0.20    0.00    0.00      0
           0             0     float    none      -1     0.19    0.00    0.00      0     0.19    0.00    0.00      0
         128             4     float    none      -1    18.16    0.01    0.01      0    17.85    0.01    0.01      0
         256             8     float    none      -1    17.77    0.01    0.01      0    11.03    0.02    0.02      0
         512            16     float    none      -1    17.63    0.03    0.03      0    10.96    0.05    0.04      0
        1024            32     float    none      -1    17.71    0.06    0.05      0    10.76    0.10    0.08      0
        2048            64     float    none      -1    18.27    0.11    0.10      0    11.20    0.18    0.16      0
        4096           128     float    none      -1    18.39    0.22    0.19      0    11.08    0.37    0.32      0
        8192           256     float    none      -1    18.56    0.44    0.39      0    11.03    0.74    0.65      0
       16384           512     float    none      -1    18.91    0.87    0.76      0    11.15    1.47    1.29      0
       32768          1024     float    none      -1    19.54    1.68    1.47      0    11.02    2.97    2.60      0
       65536          2048     float    none      -1    19.46    3.37    2.95      0    11.15    5.88    5.14      0
      131072          4096     float    none      -1    19.71    6.65    5.82      0    11.14   11.77   10.30      0
      262144          8192     float    none      -1    19.64   13.35   11.68      0    11.06   23.70   20.74      0
      524288         16384     float    none      -1    33.16   15.81   13.84      0    12.02   43.61   38.16      0
     1048576         32768     float    none      -1    35.31   29.69   25.98      0    13.64   76.88   67.27      0
     2097152         65536     float    none      -1    39.45   53.16   46.52      0    17.29  121.30  106.14      0
     4194304        131072     float    none      -1    47.07   89.10   77.96      0    25.41  165.08  144.45      0
     8388608        262144     float    none      -1    60.02  139.78  122.30      0    40.19  208.71  182.62      0
    16777216        524288     float    none      -1    96.33  174.17  152.40      0    70.35  238.47  208.67      0
    33554432       1048576     float    none      -1    142.0  236.36  206.82      0    130.8  256.57  224.50      0
    67108864       2097152     float    none      -1    236.1  284.25  248.72      0    248.0  270.59  236.77      0
   134217728       4194304     float    none      -1    424.4  316.24  276.71      0    485.3  276.58  242.00      0
   268435456       8388608     float    none      -1    808.6  331.99  290.49      0    952.5  281.82  246.59      0
   536870912      16777216     float    none      -1   1570.7  341.81  299.09      0   1881.9  285.28  249.62      0
  1073741824      33554432     float    none      -1   3084.3  348.13  304.62      0   3727.3  288.07  252.06      0
  2147483648      67108864     float    none      -1   6093.3  352.43  308.38      0   7418.2  289.49  253.30      0
  4294967296     134217728     float    none      -1    12093  355.17  310.77      0    14528  295.63  258.68      0
# Errors with asterisks indicate errors that have exceeded the maximum threshold.
# Out of bounds values : 0 OK
# Avg bus bandwidth    : 82.7309 
#
# Collective test concluded: all_gather_perf

