[1763882813.924530] [ziyue-mi300-vmss000005:371635:0]         parser.c:1686 UCX  WARN  unused env variable: UCX_HOME (set UCX_WARN_UNUSED_ENV_VARS=n to suppress this warning)
[1763882813.926339] [ziyue-mi300-vmss000005:371641:0]         parser.c:1686 UCX  WARN  unused env variable: UCX_HOME (set UCX_WARN_UNUSED_ENV_VARS=n to suppress this warning)
[1763882813.929510] [ziyue-mi300-vmss000005:371634:0]         parser.c:1686 UCX  WARN  unused env variable: UCX_HOME (set UCX_WARN_UNUSED_ENV_VARS=n to suppress this warning)
[1763882813.929503] [ziyue-mi300-vmss000005:371636:0]         parser.c:1686 UCX  WARN  unused env variable: UCX_HOME (set UCX_WARN_UNUSED_ENV_VARS=n to suppress this warning)
[1763882813.944008] [ziyue-mi300-vmss000005:371637:0]         parser.c:1686 UCX  WARN  unused env variable: UCX_HOME (set UCX_WARN_UNUSED_ENV_VARS=n to suppress this warning)
[1763882813.944523] [ziyue-mi300-vmss000005:371639:0]         parser.c:1686 UCX  WARN  unused env variable: UCX_HOME (set UCX_WARN_UNUSED_ENV_VARS=n to suppress this warning)
[1763882813.957740] [ziyue-mi300-vmss000005:371638:0]         parser.c:1686 UCX  WARN  unused env variable: UCX_HOME (set UCX_WARN_UNUSED_ENV_VARS=n to suppress this warning)
[1763882813.957837] [ziyue-mi300-vmss000005:371640:0]         parser.c:1686 UCX  WARN  unused env variable: UCX_HOME (set UCX_WARN_UNUSED_ENV_VARS=n to suppress this warning)
# Collective test starting: all_gather_perf
# nThread 1 nGpus 1 minBytes 1 maxBytes 4294967296 step: 2(factor) warmup iters: 20 iters: 100 agg iters: 1 validation: 1 graph: 0
#
rccl-tests: Version develop:db6ea5a
# Using devices
#  Rank  0 Group  0 Pid 371634 on ziyue-mi300-vmss000005 device  0 [0002:00:00] AMD Instinct MI300X VF
#  Rank  1 Group  0 Pid 371635 on ziyue-mi300-vmss000005 device  1 [0003:00:00] AMD Instinct MI300X VF
#  Rank  2 Group  0 Pid 371636 on ziyue-mi300-vmss000005 device  2 [0004:00:00] AMD Instinct MI300X VF
#  Rank  3 Group  0 Pid 371637 on ziyue-mi300-vmss000005 device  3 [0005:00:00] AMD Instinct MI300X VF
#  Rank  4 Group  0 Pid 371638 on ziyue-mi300-vmss000005 device  4 [0006:00:00] AMD Instinct MI300X VF
#  Rank  5 Group  0 Pid 371639 on ziyue-mi300-vmss000005 device  5 [0007:00:00] AMD Instinct MI300X VF
#  Rank  6 Group  0 Pid 371640 on ziyue-mi300-vmss000005 device  6 [0008:00:00] AMD Instinct MI300X VF
#  Rank  7 Group  0 Pid 371641 on ziyue-mi300-vmss000005 device  7 [0009:00:00] AMD Instinct MI300X VF
RCCL version : 2.21.5-HEAD:eef7b29
HIP version  : 6.3.42131-fa1d09cbd
ROCm version : 6.3.0.0-39-ce2be3b
Hostname     : ziyue-mi300-vmss000005
Librccl path : /opt/rocm/lib/librccl.so
#
#                                                              out-of-place                       in-place          
#       size         count      type   redop    root     time   algbw   busbw #wrong     time   algbw   busbw #wrong                               
#        (B)    (elements)                               (us)  (GB/s)  (GB/s)            (us)  (GB/s)  (GB/s)                                      
           0             0     float    none      -1     0.20    0.00    0.00      0     0.20    0.00    0.00      0
           0             0     float    none      -1     0.19    0.00    0.00      0     0.19    0.00    0.00      0
           0             0     float    none      -1     0.20    0.00    0.00      0     0.20    0.00    0.00      0
           0             0     float    none      -1     0.19    0.00    0.00      0     0.20    0.00    0.00      0
           0             0     float    none      -1     0.20    0.00    0.00      0     0.19    0.00    0.00      0
           0             0     float    none      -1     0.20    0.00    0.00      0     0.19    0.00    0.00      0
           0             0     float    none      -1     0.19    0.00    0.00      0     0.19    0.00    0.00      0
         128             4     float    none      -1    18.00    0.01    0.01      0    17.68    0.01    0.01      0
         256             8     float    none      -1    17.70    0.01    0.01      0     8.88    0.03    0.03      0
         512            16     float    none      -1    17.56    0.03    0.03      0     8.41    0.06    0.05      0
        1024            32     float    none      -1    17.69    0.06    0.05      0     8.48    0.12    0.11      0
        2048            64     float    none      -1    18.15    0.11    0.10      0     8.90    0.23    0.20      0
        4096           128     float    none      -1    18.21    0.22    0.20      0     8.76    0.47    0.41      0
        8192           256     float    none      -1    18.50    0.44    0.39      0     8.95    0.91    0.80      0
       16384           512     float    none      -1    18.93    0.87    0.76      0     8.97    1.83    1.60      0
       32768          1024     float    none      -1    19.50    1.68    1.47      0     8.84    3.71    3.24      0
       65536          2048     float    none      -1    19.41    3.38    2.95      0     8.60    7.62    6.67      0
      131072          4096     float    none      -1    19.50    6.72    5.88      0     9.17   14.29   12.51      0
      262144          8192     float    none      -1    19.39   13.52   11.83      0     9.38   27.94   24.44      0
      524288         16384     float    none      -1    33.21   15.79   13.81      0    11.72   44.75   39.16      0
     1048576         32768     float    none      -1    35.38   29.64   25.93      0    16.81   62.37   54.57      0
     2097152         65536     float    none      -1    39.60   52.95   46.33      0    28.01   74.88   65.52      0
     4194304        131072     float    none      -1    47.05   89.15   78.00      0    50.84   82.50   72.19      0
     8388608        262144     float    none      -1    59.94  139.94  122.45      0    96.48   86.95   76.08      0
    16777216        524288     float    none      -1    96.21  174.37  152.58      0    187.1   89.65   78.45      0
    33554432       1048576     float    none      -1    142.0  236.32  206.78      0    364.8   91.98   80.49      0
    67108864       2097152     float    none      -1    235.8  284.64  249.06      0    721.9   92.96   81.34      0
   134217728       4194304     float    none      -1    423.8  316.67  277.09      0   1430.1   93.85   82.12      0
   268435456       8388608     float    none      -1    805.2  333.38  291.70      0   2847.0   94.29   82.50      0
   536870912      16777216     float    none      -1   1566.6  342.70  299.86      0   5677.4   94.56   82.74      0
  1073741824      33554432     float    none      -1   3074.0  349.30  305.63      0    11348   94.62   82.79      0
  2147483648      67108864     float    none      -1   6081.3  353.13  308.99      0    22693   94.63   82.80      0
  4294967296     134217728     float    none      -1    12134  353.97  309.73      0    45401   94.60   82.78      0
# Errors with asterisks indicate errors that have exceeded the maximum threshold.
# Out of bounds values : 0 OK
# Avg bus bandwidth    : 57.6545 
#
# Collective test concluded: all_gather_perf

