[1763882876.482493] [ziyue-mi300-vmss000005:372632:0]         parser.c:1686 UCX  WARN  unused env variable: UCX_HOME (set UCX_WARN_UNUSED_ENV_VARS=n to suppress this warning)
[1763882876.482990] [ziyue-mi300-vmss000005:372636:0]         parser.c:1686 UCX  WARN  unused env variable: UCX_HOME (set UCX_WARN_UNUSED_ENV_VARS=n to suppress this warning)
[1763882876.493213] [ziyue-mi300-vmss000005:372630:0]         parser.c:1686 UCX  WARN  unused env variable: UCX_HOME (set UCX_WARN_UNUSED_ENV_VARS=n to suppress this warning)
[1763882876.518884] [ziyue-mi300-vmss000005:372634:0]         parser.c:1686 UCX  WARN  unused env variable: UCX_HOME (set UCX_WARN_UNUSED_ENV_VARS=n to suppress this warning)
[1763882876.522544] [ziyue-mi300-vmss000005:372637:0]         parser.c:1686 UCX  WARN  unused env variable: UCX_HOME (set UCX_WARN_UNUSED_ENV_VARS=n to suppress this warning)
[1763882876.531288] [ziyue-mi300-vmss000005:372631:0]         parser.c:1686 UCX  WARN  unused env variable: UCX_HOME (set UCX_WARN_UNUSED_ENV_VARS=n to suppress this warning)
[1763882876.539326] [ziyue-mi300-vmss000005:372633:0]         parser.c:1686 UCX  WARN  unused env variable: UCX_HOME (set UCX_WARN_UNUSED_ENV_VARS=n to suppress this warning)
[1763882876.545019] [ziyue-mi300-vmss000005:372635:0]         parser.c:1686 UCX  WARN  unused env variable: UCX_HOME (set UCX_WARN_UNUSED_ENV_VARS=n to suppress this warning)
# Collective test starting: all_gather_perf
# nThread 1 nGpus 1 minBytes 1 maxBytes 4294967296 step: 2(factor) warmup iters: 20 iters: 100 agg iters: 1 validation: 1 graph: 0
#
rccl-tests: Version develop:db6ea5a
# Using devices
#  Rank  0 Group  0 Pid 372630 on ziyue-mi300-vmss000005 device  0 [0002:00:00] AMD Instinct MI300X VF
#  Rank  1 Group  0 Pid 372631 on ziyue-mi300-vmss000005 device  1 [0003:00:00] AMD Instinct MI300X VF
#  Rank  2 Group  0 Pid 372632 on ziyue-mi300-vmss000005 device  2 [0004:00:00] AMD Instinct MI300X VF
#  Rank  3 Group  0 Pid 372633 on ziyue-mi300-vmss000005 device  3 [0005:00:00] AMD Instinct MI300X VF
#  Rank  4 Group  0 Pid 372634 on ziyue-mi300-vmss000005 device  4 [0006:00:00] AMD Instinct MI300X VF
#  Rank  5 Group  0 Pid 372635 on ziyue-mi300-vmss000005 device  5 [0007:00:00] AMD Instinct MI300X VF
#  Rank  6 Group  0 Pid 372636 on ziyue-mi300-vmss000005 device  6 [0008:00:00] AMD Instinct MI300X VF
#  Rank  7 Group  0 Pid 372637 on ziyue-mi300-vmss000005 device  7 [0009:00:00] AMD Instinct MI300X VF
RCCL version : 2.21.5-HEAD:eef7b29
HIP version  : 6.3.42131-fa1d09cbd
ROCm version : 6.3.0.0-39-ce2be3b
Hostname     : ziyue-mi300-vmss000005
Librccl path : /opt/rocm/lib/librccl.so
#
#                                                              out-of-place                       in-place          
#       size         count      type   redop    root     time   algbw   busbw #wrong     time   algbw   busbw #wrong                               
#        (B)    (elements)                               (us)  (GB/s)  (GB/s)            (us)  (GB/s)  (GB/s)                                      
           0             0     float    none      -1     0.20    0.00    0.00      0     0.19    0.00    0.00      0
           0             0     float    none      -1     0.20    0.00    0.00      0     0.19    0.00    0.00      0
           0             0     float    none      -1     0.19    0.00    0.00      0     0.19    0.00    0.00      0
           0             0     float    none      -1     0.19    0.00    0.00      0     0.19    0.00    0.00      0
           0             0     float    none      -1     0.19    0.00    0.00      0     0.19    0.00    0.00      0
           0             0     float    none      -1     0.19    0.00    0.00      0     0.20    0.00    0.00      0
           0             0     float    none      -1     0.19    0.00    0.00      0     0.20    0.00    0.00      0

ziyue-mi300-vmss000005:372636:372636 [6] /long_pathname_so_that_rpms_can_package_the_debug_info/src/rccl/build/hipify/src/misc/msccl/msccl_setup.cc:436 NCCL WARN MSCCL: this version of MSCCL build doesn't support full Ops
ziyue-mi300-vmss000005: Test NCCL failure /mnt/v-feilong/rccl-tests/build/src/hipify/all_gather.cu.cpp:56 'internal error - please report this issue to the NCCL developers / '
 .. ziyue-mi300-vmss000005 pid 372636: Test failure /mnt/v-feilong/rccl-tests/build/src/hipify/common.cu.cpp:639
 .. ziyue-mi300-vmss000005 pid 372636: Test failure /mnt/v-feilong/rccl-tests/build/src/hipify/common.cu.cpp:673
 .. ziyue-mi300-vmss000005 pid 372636: Test failure /mnt/v-feilong/rccl-tests/build/src/hipify/common.cu.cpp:974
 .. ziyue-mi300-vmss000005 pid 372636: Test failure /mnt/v-feilong/rccl-tests/build/src/hipify/all_gather.cu.cpp:91
 .. ziyue-mi300-vmss000005 pid 372636: Test failure /mnt/v-feilong/rccl-tests/build/src/hipify/common.cu.cpp:1002
 .. ziyue-mi300-vmss000005 pid 372636: Test failure /mnt/v-feilong/rccl-tests/build/src/hipify/common.cu.cpp:1737
 .. ziyue-mi300-vmss000005 pid 372636: Test failure /mnt/v-feilong/rccl-tests/build/src/hipify/common.cu.cpp:1413

ziyue-mi300-vmss000005:372637:372637 [7] /long_pathname_so_that_rpms_can_package_the_debug_info/src/rccl/build/hipify/src/misc/msccl/msccl_setup.cc:436 NCCL WARN MSCCL: this version of MSCCL build doesn't support full Ops
ziyue-mi300-vmss000005: Test NCCL failure /mnt/v-feilong/rccl-tests/build/src/hipify/all_gather.cu.cpp:56 'internal error - please report this issue to the NCCL developers / '
 .. ziyue-mi300-vmss000005 pid 372637: Test failure /mnt/v-feilong/rccl-tests/build/src/hipify/common.cu.cpp:639
 .. ziyue-mi300-vmss000005 pid 372637: Test failure /mnt/v-feilong/rccl-tests/build/src/hipify/common.cu.cpp:673
 .. ziyue-mi300-vmss000005 pid 372637: Test failure /mnt/v-feilong/rccl-tests/build/src/hipify/common.cu.cpp:974
 .. ziyue-mi300-vmss000005 pid 372637: Test failure /mnt/v-feilong/rccl-tests/build/src/hipify/all_gather.cu.cpp:91
 .. ziyue-mi300-vmss000005 pid 372637: Test failure /mnt/v-feilong/rccl-tests/build/src/hipify/common.cu.cpp:1002
 .. ziyue-mi300-vmss000005 pid 372637: Test failure /mnt/v-feilong/rccl-tests/build/src/hipify/common.cu.cpp:1737
 .. ziyue-mi300-vmss000005 pid 372637: Test failure /mnt/v-feilong/rccl-tests/build/src/hipify/common.cu.cpp:1413

ziyue-mi300-vmss000005:372631:372631 [1] /long_pathname_so_that_rpms_can_package_the_debug_info/src/rccl/build/hipify/src/misc/msccl/msccl_setup.cc:436 NCCL WARN MSCCL: this version of MSCCL build doesn't support full Ops
ziyue-mi300-vmss000005: Test NCCL failure /mnt/v-feilong/rccl-tests/build/src/hipify/all_gather.cu.cpp:56 'internal error - please report this issue to the NCCL developers / '
 .. ziyue-mi300-vmss000005 pid 372631: Test failure /mnt/v-feilong/rccl-tests/build/src/hipify/common.cu.cpp:639
 .. ziyue-mi300-vmss000005 pid 372631: Test failure /mnt/v-feilong/rccl-tests/build/src/hipify/common.cu.cpp:673
 .. ziyue-mi300-vmss000005 pid 372631: Test failure /mnt/v-feilong/rccl-tests/build/src/hipify/common.cu.cpp:974
 .. ziyue-mi300-vmss000005 pid 372631: Test failure /mnt/v-feilong/rccl-tests/build/src/hipify/all_gather.cu.cpp:91
 .. ziyue-mi300-vmss000005 pid 372631: Test failure /mnt/v-feilong/rccl-tests/build/src/hipify/common.cu.cpp:1002
 .. ziyue-mi300-vmss000005 pid 372631: Test failure /mnt/v-feilong/rccl-tests/build/src/hipify/common.cu.cpp:1737
 .. ziyue-mi300-vmss000005 pid 372631: Test failure /mnt/v-feilong/rccl-tests/build/src/hipify/common.cu.cpp:1413

ziyue-mi300-vmss000005:372635:372635 [5] /long_pathname_so_that_rpms_can_package_the_debug_info/src/rccl/build/hipify/src/misc/msccl/msccl_setup.cc:436 NCCL WARN MSCCL: this version of MSCCL build doesn't support full Ops
ziyue-mi300-vmss000005: Test NCCL failure /mnt/v-feilong/rccl-tests/build/src/hipify/all_gather.cu.cpp:56 'internal error - please report this issue to the NCCL developers / '
 .. ziyue-mi300-vmss000005 pid 372635: Test failure /mnt/v-feilong/rccl-tests/build/src/hipify/common.cu.cpp:639
 .. ziyue-mi300-vmss000005 pid 372635: Test failure /mnt/v-feilong/rccl-tests/build/src/hipify/common.cu.cpp:673
 .. ziyue-mi300-vmss000005 pid 372635: Test failure /mnt/v-feilong/rccl-tests/build/src/hipify/common.cu.cpp:974
 .. ziyue-mi300-vmss000005 pid 372635: Test failure /mnt/v-feilong/rccl-tests/build/src/hipify/all_gather.cu.cpp:91
 .. ziyue-mi300-vmss000005 pid 372635: Test failure /mnt/v-feilong/rccl-tests/build/src/hipify/common.cu.cpp:1002
 .. ziyue-mi300-vmss000005 pid 372635: Test failure /mnt/v-feilong/rccl-tests/build/src/hipify/common.cu.cpp:1737
 .. ziyue-mi300-vmss000005 pid 372635: Test failure /mnt/v-feilong/rccl-tests/build/src/hipify/common.cu.cpp:1413

ziyue-mi300-vmss000005:372633:372633 [3] /long_pathname_so_that_rpms_can_package_the_debug_info/src/rccl/build/hipify/src/misc/msccl/msccl_setup.cc:436 NCCL WARN MSCCL: this version of MSCCL build doesn't support full Ops
ziyue-mi300-vmss000005: Test NCCL failure /mnt/v-feilong/rccl-tests/build/src/hipify/all_gather.cu.cpp:56 'internal error - please report this issue to the NCCL developers / '
 .. ziyue-mi300-vmss000005 pid 372633: Test failure /mnt/v-feilong/rccl-tests/build/src/hipify/common.cu.cpp:639
 .. ziyue-mi300-vmss000005 pid 372633: Test failure /mnt/v-feilong/rccl-tests/build/src/hipify/common.cu.cpp:673
 .. ziyue-mi300-vmss000005 pid 372633: Test failure /mnt/v-feilong/rccl-tests/build/src/hipify/common.cu.cpp:974
 .. ziyue-mi300-vmss000005 pid 372633: Test failure /mnt/v-feilong/rccl-tests/build/src/hipify/all_gather.cu.cpp:91
 .. ziyue-mi300-vmss000005 pid 372633: Test failure /mnt/v-feilong/rccl-tests/build/src/hipify/common.cu.cpp:1002
 .. ziyue-mi300-vmss000005 pid 372633: Test failure /mnt/v-feilong/rccl-tests/build/src/hipify/common.cu.cpp:1737
 .. ziyue-mi300-vmss000005 pid 372633: Test failure /mnt/v-feilong/rccl-tests/build/src/hipify/common.cu.cpp:1413

ziyue-mi300-vmss000005:372632:372632 [2] /long_pathname_so_that_rpms_can_package_the_debug_info/src/rccl/build/hipify/src/misc/msccl/msccl_setup.cc:436 NCCL WARN MSCCL: this version of MSCCL build doesn't support full Ops
ziyue-mi300-vmss000005: Test NCCL failure /mnt/v-feilong/rccl-tests/build/src/hipify/all_gather.cu.cpp:56 'internal error - please report this issue to the NCCL developers / '
 .. ziyue-mi300-vmss000005 pid 372632: Test failure /mnt/v-feilong/rccl-tests/build/src/hipify/common.cu.cpp:639
 .. ziyue-mi300-vmss000005 pid 372632: Test failure /mnt/v-feilong/rccl-tests/build/src/hipify/common.cu.cpp:673
 .. ziyue-mi300-vmss000005 pid 372632: Test failure /mnt/v-feilong/rccl-tests/build/src/hipify/common.cu.cpp:974
 .. ziyue-mi300-vmss000005 pid 372632: Test failure /mnt/v-feilong/rccl-tests/build/src/hipify/all_gather.cu.cpp:91
 .. ziyue-mi300-vmss000005 pid 372632: Test failure /mnt/v-feilong/rccl-tests/build/src/hipify/common.cu.cpp:1002
 .. ziyue-mi300-vmss000005 pid 372632: Test failure /mnt/v-feilong/rccl-tests/build/src/hipify/common.cu.cpp:1737
 .. ziyue-mi300-vmss000005 pid 372632: Test failure /mnt/v-feilong/rccl-tests/build/src/hipify/common.cu.cpp:1413

ziyue-mi300-vmss000005:372634:372634 [4] /long_pathname_so_that_rpms_can_package_the_debug_info/src/rccl/build/hipify/src/misc/msccl/msccl_setup.cc:436 NCCL WARN MSCCL: this version of MSCCL build doesn't support full Ops
ziyue-mi300-vmss000005: Test NCCL failure /mnt/v-feilong/rccl-tests/build/src/hipify/all_gather.cu.cpp:56 'internal error - please report this issue to the NCCL developers / '
 .. ziyue-mi300-vmss000005 pid 372634: Test failure /mnt/v-feilong/rccl-tests/build/src/hipify/common.cu.cpp:639
 .. ziyue-mi300-vmss000005 pid 372634: Test failure /mnt/v-feilong/rccl-tests/build/src/hipify/common.cu.cpp:673
 .. ziyue-mi300-vmss000005 pid 372634: Test failure /mnt/v-feilong/rccl-tests/build/src/hipify/common.cu.cpp:974
 .. ziyue-mi300-vmss000005 pid 372634: Test failure /mnt/v-feilong/rccl-tests/build/src/hipify/all_gather.cu.cpp:91
 .. ziyue-mi300-vmss000005 pid 372634: Test failure /mnt/v-feilong/rccl-tests/build/src/hipify/common.cu.cpp:1002
 .. ziyue-mi300-vmss000005 pid 372634: Test failure /mnt/v-feilong/rccl-tests/build/src/hipify/common.cu.cpp:1737
 .. ziyue-mi300-vmss000005 pid 372634: Test failure /mnt/v-feilong/rccl-tests/build/src/hipify/common.cu.cpp:1413
         128             4     float    none      -1    17.78    0.01    0.01      0
ziyue-mi300-vmss000005:372630:372630 [0] /long_pathname_so_that_rpms_can_package_the_debug_info/src/rccl/build/hipify/src/misc/msccl/msccl_setup.cc:436 NCCL WARN MSCCL: this version of MSCCL build doesn't support full Ops
ziyue-mi300-vmss000005: Test NCCL failure /mnt/v-feilong/rccl-tests/build/src/hipify/all_gather.cu.cpp:56 'internal error - please report this issue to the NCCL developers / '
 .. ziyue-mi300-vmss000005 pid 372630: Test failure /mnt/v-feilong/rccl-tests/build/src/hipify/common.cu.cpp:639
 .. ziyue-mi300-vmss000005 pid 372630: Test failure /mnt/v-feilong/rccl-tests/build/src/hipify/common.cu.cpp:673
 .. ziyue-mi300-vmss000005 pid 372630: Test failure /mnt/v-feilong/rccl-tests/build/src/hipify/common.cu.cpp:974
 .. ziyue-mi300-vmss000005 pid 372630: Test failure /mnt/v-feilong/rccl-tests/build/src/hipify/all_gather.cu.cpp:91
 .. ziyue-mi300-vmss000005 pid 372630: Test failure /mnt/v-feilong/rccl-tests/build/src/hipify/common.cu.cpp:1002
 .. ziyue-mi300-vmss000005 pid 372630: Test failure /mnt/v-feilong/rccl-tests/build/src/hipify/common.cu.cpp:1737
 .. ziyue-mi300-vmss000005 pid 372630: Test failure /mnt/v-feilong/rccl-tests/build/src/hipify/common.cu.cpp:1413
