[1763882901.369773] [ziyue-mi300-vmss000005:374456:0]         parser.c:1686 UCX  WARN  unused env variable: UCX_HOME (set UCX_WARN_UNUSED_ENV_VARS=n to suppress this warning)
[1763882901.369940] [ziyue-mi300-vmss000005:374458:0]         parser.c:1686 UCX  WARN  unused env variable: UCX_HOME (set UCX_WARN_UNUSED_ENV_VARS=n to suppress this warning)
[1763882901.379414] [ziyue-mi300-vmss000005:374459:0]         parser.c:1686 UCX  WARN  unused env variable: UCX_HOME (set UCX_WARN_UNUSED_ENV_VARS=n to suppress this warning)
[1763882901.381900] [ziyue-mi300-vmss000005:374460:0]         parser.c:1686 UCX  WARN  unused env variable: UCX_HOME (set UCX_WARN_UNUSED_ENV_VARS=n to suppress this warning)
[1763882901.382124] [ziyue-mi300-vmss000005:374461:0]         parser.c:1686 UCX  WARN  unused env variable: UCX_HOME (set UCX_WARN_UNUSED_ENV_VARS=n to suppress this warning)
[1763882901.392002] [ziyue-mi300-vmss000005:374462:0]         parser.c:1686 UCX  WARN  unused env variable: UCX_HOME (set UCX_WARN_UNUSED_ENV_VARS=n to suppress this warning)
[1763882901.396020] [ziyue-mi300-vmss000005:374457:0]         parser.c:1686 UCX  WARN  unused env variable: UCX_HOME (set UCX_WARN_UNUSED_ENV_VARS=n to suppress this warning)
[1763882901.397126] [ziyue-mi300-vmss000005:374463:0]         parser.c:1686 UCX  WARN  unused env variable: UCX_HOME (set UCX_WARN_UNUSED_ENV_VARS=n to suppress this warning)
# Collective test starting: all_reduce_perf
# nThread 1 nGpus 1 minBytes 1 maxBytes 4294967296 step: 2(factor) warmup iters: 20 iters: 100 agg iters: 1 validation: 1 graph: 0
#
rccl-tests: Version develop:db6ea5a
# Using devices
#  Rank  0 Group  0 Pid 374456 on ziyue-mi300-vmss000005 device  0 [0002:00:00] AMD Instinct MI300X VF
#  Rank  1 Group  0 Pid 374457 on ziyue-mi300-vmss000005 device  1 [0003:00:00] AMD Instinct MI300X VF
#  Rank  2 Group  0 Pid 374458 on ziyue-mi300-vmss000005 device  2 [0004:00:00] AMD Instinct MI300X VF
#  Rank  3 Group  0 Pid 374459 on ziyue-mi300-vmss000005 device  3 [0005:00:00] AMD Instinct MI300X VF
#  Rank  4 Group  0 Pid 374460 on ziyue-mi300-vmss000005 device  4 [0006:00:00] AMD Instinct MI300X VF
#  Rank  5 Group  0 Pid 374461 on ziyue-mi300-vmss000005 device  5 [0007:00:00] AMD Instinct MI300X VF
#  Rank  6 Group  0 Pid 374462 on ziyue-mi300-vmss000005 device  6 [0008:00:00] AMD Instinct MI300X VF
#  Rank  7 Group  0 Pid 374463 on ziyue-mi300-vmss000005 device  7 [0009:00:00] AMD Instinct MI300X VF
RCCL version : 2.21.5-HEAD:eef7b29
HIP version  : 6.3.42131-fa1d09cbd
ROCm version : 6.3.0.0-39-ce2be3b
Hostname     : ziyue-mi300-vmss000005
Librccl path : /opt/rocm/lib/librccl.so
#
#                                                              out-of-place                       in-place          
#       size         count      type   redop    root     time   algbw   busbw #wrong     time   algbw   busbw #wrong                               
#        (B)    (elements)                               (us)  (GB/s)  (GB/s)            (us)  (GB/s)  (GB/s)                                      
           0             0     float     sum      -1     0.21    0.00    0.00      0     0.20    0.00    0.00      0
           0             0     float     sum      -1     0.20    0.00    0.00      0     0.20    0.00    0.00      0
           4             1     float     sum      -1    16.87    0.00    0.00      0    16.83    0.00    0.00      0
           8             2     float     sum      -1    16.67    0.00    0.00      0    16.88    0.00    0.00      0
          16             4     float     sum      -1    16.45    0.00    0.00      0    16.67    0.00    0.00      0
          32             8     float     sum      -1    16.59    0.00    0.00      0    16.69    0.00    0.00      0
          64            16     float     sum      -1    16.62    0.00    0.01      0    16.85    0.00    0.01      0
         128            32     float     sum      -1    16.95    0.01    0.01      0    16.99    0.01    0.01      0
         256            64     float     sum      -1    17.25    0.01    0.03      0    225.6    0.00    0.00      0
         512           128     float     sum      -1    17.95    0.03    0.05      0    225.6    0.00    0.00      0
        1024           256     float     sum      -1    18.26    0.06    0.10      0    225.7    0.00    0.01      0
        2048           512     float     sum      -1    18.87    0.11    0.19      0    226.1    0.01    0.02      0
        4096          1024     float     sum      -1    20.14    0.20    0.36      0    225.8    0.02    0.03      0
        8192          2048     float     sum      -1    22.46    0.36    0.64      0    224.9    0.04    0.06      0
       16384          4096     float     sum      -1    27.12    0.60    1.06      0    226.5    0.07    0.13      0
       32768          8192     float     sum      -1    27.51    1.19    2.08      0    227.0    0.14    0.25      0
       65536         16384     float     sum      -1    27.70    2.37    4.14      0    231.2    0.28    0.50      0
      131072         32768     float     sum      -1    28.00    4.68    8.19      0    238.7    0.55    0.96      0
      262144         65536     float     sum      -1    28.59    9.17   16.05      0    263.5    0.99    1.74      0
      524288        131072     float     sum      -1    50.12   10.46   18.30      0    304.8    1.72    3.01      0
     1048576        262144     float     sum      -1    53.66   19.54   34.20      0    361.7    2.90    5.07      0
     2097152        524288     float     sum      -1    60.11   34.89   61.06      0    516.2    4.06    7.11      0
     4194304       1048576     float     sum      -1    76.62   54.74   95.80      0    794.7    5.28    9.24      0
     8388608       2097152     float     sum      -1    100.2   83.75  146.56      0   1290.5    6.50   11.38      0
    16777216       4194304     float     sum      -1    155.3  108.04  189.07      0   2291.6    7.32   12.81      0
    33554432       8388608     float     sum      -1    240.1  139.77  244.59      0   4275.8    7.85   13.73      0
    67108864      16777216     float     sum      -1    426.6  157.30  275.28      0   8249.8    8.13   14.24      0
   134217728      33554432     float     sum      -1    797.6  168.28  294.48      0    16789    7.99   13.99      0
   268435456      67108864     float     sum      -1   1541.8  174.11  304.69      0    32895    8.16   14.28      0
   536870912     134217728     float     sum      -1   3032.1  177.06  309.86      0    65211    8.23   14.41      0
  1073741824     268435456     float     sum      -1   5972.3  179.79  314.63      0   129725    8.28   14.48      0
  2147483648     536870912     float     sum      -1    11891  180.60  316.06      0   257324    8.35   14.60      0
  4294967296    1073741824     float     sum      -1    23735  180.95  316.67      0   514862    8.34   14.60      0
# Errors with asterisks indicate errors that have exceeded the maximum threshold.
# Out of bounds values : 0 OK
# Avg bus bandwidth    : 47.2853 
#
# Collective test concluded: all_reduce_perf

