[1763883967.834086] [ziyue-mi300-vmss000005:375956:0]         parser.c:1686 UCX  WARN  unused env variable: UCX_HOME (set UCX_WARN_UNUSED_ENV_VARS=n to suppress this warning)
[1763883967.834296] [ziyue-mi300-vmss000005:375952:0]         parser.c:1686 UCX  WARN  unused env variable: UCX_HOME (set UCX_WARN_UNUSED_ENV_VARS=n to suppress this warning)
[1763883967.834530] [ziyue-mi300-vmss000005:375954:0]         parser.c:1686 UCX  WARN  unused env variable: UCX_HOME (set UCX_WARN_UNUSED_ENV_VARS=n to suppress this warning)
[1763883967.840438] [ziyue-mi300-vmss000005:375951:0]         parser.c:1686 UCX  WARN  unused env variable: UCX_HOME (set UCX_WARN_UNUSED_ENV_VARS=n to suppress this warning)
[1763883967.842777] [ziyue-mi300-vmss000005:375953:0]         parser.c:1686 UCX  WARN  unused env variable: UCX_HOME (set UCX_WARN_UNUSED_ENV_VARS=n to suppress this warning)
[1763883967.842862] [ziyue-mi300-vmss000005:375957:0]         parser.c:1686 UCX  WARN  unused env variable: UCX_HOME (set UCX_WARN_UNUSED_ENV_VARS=n to suppress this warning)
[1763883967.845108] [ziyue-mi300-vmss000005:375950:0]         parser.c:1686 UCX  WARN  unused env variable: UCX_HOME (set UCX_WARN_UNUSED_ENV_VARS=n to suppress this warning)
[1763883967.863227] [ziyue-mi300-vmss000005:375955:0]         parser.c:1686 UCX  WARN  unused env variable: UCX_HOME (set UCX_WARN_UNUSED_ENV_VARS=n to suppress this warning)
# Collective test starting: all_reduce_perf
# nThread 1 nGpus 1 minBytes 1 maxBytes 4294967296 step: 2(factor) warmup iters: 20 iters: 100 agg iters: 1 validation: 1 graph: 0
#
rccl-tests: Version develop:db6ea5a
# Using devices
#  Rank  0 Group  0 Pid 375950 on ziyue-mi300-vmss000005 device  0 [0002:00:00] AMD Instinct MI300X VF
#  Rank  1 Group  0 Pid 375951 on ziyue-mi300-vmss000005 device  1 [0003:00:00] AMD Instinct MI300X VF
#  Rank  2 Group  0 Pid 375952 on ziyue-mi300-vmss000005 device  2 [0004:00:00] AMD Instinct MI300X VF
#  Rank  3 Group  0 Pid 375953 on ziyue-mi300-vmss000005 device  3 [0005:00:00] AMD Instinct MI300X VF
#  Rank  4 Group  0 Pid 375954 on ziyue-mi300-vmss000005 device  4 [0006:00:00] AMD Instinct MI300X VF
#  Rank  5 Group  0 Pid 375955 on ziyue-mi300-vmss000005 device  5 [0007:00:00] AMD Instinct MI300X VF
#  Rank  6 Group  0 Pid 375956 on ziyue-mi300-vmss000005 device  6 [0008:00:00] AMD Instinct MI300X VF
#  Rank  7 Group  0 Pid 375957 on ziyue-mi300-vmss000005 device  7 [0009:00:00] AMD Instinct MI300X VF
RCCL version : 2.21.5-HEAD:eef7b29
HIP version  : 6.3.42131-fa1d09cbd
ROCm version : 6.3.0.0-39-ce2be3b
Hostname     : ziyue-mi300-vmss000005
Librccl path : /opt/rocm/lib/librccl.so
#
#                                                              out-of-place                       in-place          
#       size         count      type   redop    root     time   algbw   busbw #wrong     time   algbw   busbw #wrong                               
#        (B)    (elements)                               (us)  (GB/s)  (GB/s)            (us)  (GB/s)  (GB/s)                                      
           0             0     float     sum      -1     0.20    0.00    0.00      0     0.20    0.00    0.00      0
           0             0     float     sum      -1     0.20    0.00    0.00      0     0.20    0.00    0.00      0
           4             1     float     sum      -1    17.49    0.00    0.00      0    17.40    0.00    0.00      0
           8             2     float     sum      -1    17.28    0.00    0.00      0    17.36    0.00    0.00      0
          16             4     float     sum      -1    17.24    0.00    0.00      0    17.33    0.00    0.00      0
          32             8     float     sum      -1    17.31    0.00    0.00      0    17.37    0.00    0.00      0
          64            16     float     sum      -1    17.38    0.00    0.01      0    17.44    0.00    0.01      0
         128            32     float     sum      -1    17.54    0.01    0.01      0    17.57    0.01    0.01      0
         256            64     float     sum      -1    17.91    0.01    0.03      0    32.46    0.01    0.01      0
         512           128     float     sum      -1    18.50    0.03    0.05      0    19.57    0.03    0.05      0
        1024           256     float     sum      -1    18.90    0.05    0.09      0    19.51    0.05    0.09      0
        2048           512     float     sum      -1    19.38    0.11    0.18      0    19.35    0.11    0.19      0
        4096          1024     float     sum      -1    21.21    0.19    0.34      0    19.90    0.21    0.36      0
        8192          2048     float     sum      -1    23.52    0.35    0.61      0    20.02    0.41    0.72      0
       16384          4096     float     sum      -1    27.77    0.59    1.03      0    19.70    0.83    1.46      0
       32768          8192     float     sum      -1    28.12    1.17    2.04      0    20.03    1.64    2.86      0
       65536         16384     float     sum      -1    28.23    2.32    4.06      0    20.04    3.27    5.72      0
      131072         32768     float     sum      -1    28.33    4.63    8.10      0    20.33    6.45   11.28      0
      262144         65536     float     sum      -1    28.63    9.16   16.02      0    21.15   12.39   21.69      0
      524288        131072     float     sum      -1    49.81   10.53   18.42      0    24.72   21.21   37.12      0
     1048576        262144     float     sum      -1    53.32   19.66   34.41      0    35.41   29.61   51.82      0
     2097152        524288     float     sum      -1    60.11   34.89   61.05      0    51.32   40.87   71.52      0
     4194304       1048576     float     sum      -1    76.65   54.72   95.77      0    85.58   49.01   85.77      0
     8388608       2097152     float     sum      -1    100.4   83.55  146.22      0    150.3   55.81   97.66      0
    16777216       4194304     float     sum      -1    155.3  108.00  189.00      0    274.2   61.20  107.09      0
    33554432       8388608     float     sum      -1    240.0  139.82  244.68      0    511.4   65.61  114.81      0
    67108864      16777216     float     sum      -1    426.5  157.35  275.36      0   1008.0   66.57  116.50      0
