[1763883138.569893] [ziyue-mi300-vmss000005:375120:0]         parser.c:1686 UCX  WARN  unused env variable: UCX_HOME (set UCX_WARN_UNUSED_ENV_VARS=n to suppress this warning)
[1763883138.584707] [ziyue-mi300-vmss000005:375126:0]         parser.c:1686 UCX  WARN  unused env variable: UCX_HOME (set UCX_WARN_UNUSED_ENV_VARS=n to suppress this warning)
[1763883138.585875] [ziyue-mi300-vmss000005:375121:0]         parser.c:1686 UCX  WARN  unused env variable: UCX_HOME (set UCX_WARN_UNUSED_ENV_VARS=n to suppress this warning)
[1763883138.596674] [ziyue-mi300-vmss000005:375127:0]         parser.c:1686 UCX  WARN  unused env variable: UCX_HOME (set UCX_WARN_UNUSED_ENV_VARS=n to suppress this warning)
[1763883138.597648] [ziyue-mi300-vmss000005:375122:0]         parser.c:1686 UCX  WARN  unused env variable: UCX_HOME (set UCX_WARN_UNUSED_ENV_VARS=n to suppress this warning)
[1763883138.600919] [ziyue-mi300-vmss000005:375124:0]         parser.c:1686 UCX  WARN  unused env variable: UCX_HOME (set UCX_WARN_UNUSED_ENV_VARS=n to suppress this warning)
[1763883138.601331] [ziyue-mi300-vmss000005:375123:0]         parser.c:1686 UCX  WARN  unused env variable: UCX_HOME (set UCX_WARN_UNUSED_ENV_VARS=n to suppress this warning)
[1763883138.601911] [ziyue-mi300-vmss000005:375125:0]         parser.c:1686 UCX  WARN  unused env variable: UCX_HOME (set UCX_WARN_UNUSED_ENV_VARS=n to suppress this warning)
# Collective test starting: all_reduce_perf
# nThread 1 nGpus 1 minBytes 1 maxBytes 4294967296 step: 2(factor) warmup iters: 20 iters: 100 agg iters: 1 validation: 1 graph: 0
#
rccl-tests: Version develop:db6ea5a
# Using devices
#  Rank  0 Group  0 Pid 375120 on ziyue-mi300-vmss000005 device  0 [0002:00:00] AMD Instinct MI300X VF
#  Rank  1 Group  0 Pid 375121 on ziyue-mi300-vmss000005 device  1 [0003:00:00] AMD Instinct MI300X VF
#  Rank  2 Group  0 Pid 375122 on ziyue-mi300-vmss000005 device  2 [0004:00:00] AMD Instinct MI300X VF
#  Rank  3 Group  0 Pid 375123 on ziyue-mi300-vmss000005 device  3 [0005:00:00] AMD Instinct MI300X VF
#  Rank  4 Group  0 Pid 375124 on ziyue-mi300-vmss000005 device  4 [0006:00:00] AMD Instinct MI300X VF
#  Rank  5 Group  0 Pid 375125 on ziyue-mi300-vmss000005 device  5 [0007:00:00] AMD Instinct MI300X VF
#  Rank  6 Group  0 Pid 375126 on ziyue-mi300-vmss000005 device  6 [0008:00:00] AMD Instinct MI300X VF
#  Rank  7 Group  0 Pid 375127 on ziyue-mi300-vmss000005 device  7 [0009:00:00] AMD Instinct MI300X VF
RCCL version : 2.21.5-HEAD:eef7b29
HIP version  : 6.3.42131-fa1d09cbd
ROCm version : 6.3.0.0-39-ce2be3b
Hostname     : ziyue-mi300-vmss000005
Librccl path : /opt/rocm/lib/librccl.so
#
#                                                              out-of-place                       in-place          
#       size         count      type   redop    root     time   algbw   busbw #wrong     time   algbw   busbw #wrong                               
#        (B)    (elements)                               (us)  (GB/s)  (GB/s)            (us)  (GB/s)  (GB/s)                                      
           0             0     float     sum      -1     0.20    0.00    0.00      0     0.19    0.00    0.00      0
           0             0     float     sum      -1     0.20    0.00    0.00      0     0.21    0.00    0.00      0
           4             1     float     sum      -1    17.31    0.00    0.00      0    17.25    0.00    0.00      0
           8             2     float     sum      -1    17.10    0.00    0.00      0    17.24    0.00    0.00      0
          16             4     float     sum      -1    17.12    0.00    0.00      0    17.13    0.00    0.00      0
          32             8     float     sum      -1    17.22    0.00    0.00      0    17.26    0.00    0.00      0
          64            16     float     sum      -1    17.18    0.00    0.01      0    17.37    0.00    0.01      0
         128            32     float     sum      -1    17.40    0.01    0.01      0    17.53    0.01    0.01      0
         256            64     float     sum      -1    17.74    0.01    0.03      0    13.16    0.02    0.03      0
         512           128     float     sum      -1    18.38    0.03    0.05      0    12.87    0.04    0.07      0
        1024           256     float     sum      -1    18.65    0.05    0.10      0    12.81    0.08    0.14      0
        2048           512     float     sum      -1    19.34    0.11    0.19      0    13.30    0.15    0.27      0
        4096          1024     float     sum      -1    20.85    0.20    0.34      0    13.18    0.31    0.54      0
        8192          2048     float     sum      -1    23.23    0.35    0.62      0    13.19    0.62    1.09      0
       16384          4096     float     sum      -1    27.49    0.60    1.04      0    13.20    1.24    2.17      0
       32768          8192     float     sum      -1    27.68    1.18    2.07      0    15.62    2.10    3.67      0
       65536         16384     float     sum      -1    28.01    2.34    4.09      0    20.14    3.25    5.70      0
      131072         32768     float     sum      -1    28.19    4.65    8.14      0    29.43    4.45    7.79      0
      262144         65536     float     sum      -1    28.44    9.22   16.13      0    49.98    5.24    9.18      0
      524288        131072     float     sum      -1    49.82   10.52   18.42      0    92.53    5.67    9.92      0
     1048576        262144     float     sum      -1    53.29   19.68   34.43      0    177.6    5.91   10.33      0
     2097152        524288     float     sum      -1    59.94   34.99   61.23      0    351.6    5.97   10.44      0
     4194304       1048576     float     sum      -1    76.58   54.77   95.84      0    699.9    5.99   10.49      0
     8388608       2097152     float     sum      -1    100.2   83.69  146.46      0   1393.0    6.02   10.54      0
    16777216       4194304     float     sum      -1    155.2  108.08  189.14      0   2781.1    6.03   10.56      0
    33554432       8388608     float     sum      -1    240.4  139.59  244.28      0   5563.0    6.03   10.56      0
    67108864      16777216     float     sum      -1    426.6  157.30  275.27      0    11124    6.03   10.56      0
   134217728      33554432     float     sum      -1    795.8  168.65  295.14      0    22474    5.97   10.45      0
   268435456      67108864     float     sum      -1   1541.6  174.12  304.72      0    45031    5.96   10.43      0
   536870912     134217728     float     sum      -1   3029.2  177.23  310.15      0    90153    5.96   10.42      0
  1073741824     268435456     float     sum      -1   5973.6  179.75  314.56      0   180170    5.96   10.43      0
  2147483648     536870912     float     sum      -1    11910  180.31  315.55      0   359977    5.97   10.44      0
  4294967296    1073741824     float     sum      -1    23766  180.72  316.26      0   719163    5.97   10.45      0
# Errors with asterisks indicate errors that have exceeded the maximum threshold.
# Out of bounds values : 0 OK
# Avg bus bandwidth    : 47.4387 
#
# Collective test concluded: all_reduce_perf

