[1763883016.330548] [ziyue-mi300-vmss000005:374624:0]         parser.c:1686 UCX  WARN  unused env variable: UCX_HOME (set UCX_WARN_UNUSED_ENV_VARS=n to suppress this warning)
[1763883016.330548] [ziyue-mi300-vmss000005:374626:0]         parser.c:1686 UCX  WARN  unused env variable: UCX_HOME (set UCX_WARN_UNUSED_ENV_VARS=n to suppress this warning)
[1763883016.361243] [ziyue-mi300-vmss000005:374627:0]         parser.c:1686 UCX  WARN  unused env variable: UCX_HOME (set UCX_WARN_UNUSED_ENV_VARS=n to suppress this warning)
[1763883016.365886] [ziyue-mi300-vmss000005:374625:0]         parser.c:1686 UCX  WARN  unused env variable: UCX_HOME (set UCX_WARN_UNUSED_ENV_VARS=n to suppress this warning)
[1763883016.367008] [ziyue-mi300-vmss000005:374622:0]         parser.c:1686 UCX  WARN  unused env variable: UCX_HOME (set UCX_WARN_UNUSED_ENV_VARS=n to suppress this warning)
[1763883016.370120] [ziyue-mi300-vmss000005:374629:0]         parser.c:1686 UCX  WARN  unused env variable: UCX_HOME (set UCX_WARN_UNUSED_ENV_VARS=n to suppress this warning)
[1763883016.373926] [ziyue-mi300-vmss000005:374628:0]         parser.c:1686 UCX  WARN  unused env variable: UCX_HOME (set UCX_WARN_UNUSED_ENV_VARS=n to suppress this warning)
[1763883016.388920] [ziyue-mi300-vmss000005:374623:0]         parser.c:1686 UCX  WARN  unused env variable: UCX_HOME (set UCX_WARN_UNUSED_ENV_VARS=n to suppress this warning)
# Collective test starting: all_reduce_perf
# nThread 1 nGpus 1 minBytes 1 maxBytes 4294967296 step: 2(factor) warmup iters: 20 iters: 100 agg iters: 1 validation: 1 graph: 0
#
rccl-tests: Version develop:db6ea5a
# Using devices
#  Rank  0 Group  0 Pid 374622 on ziyue-mi300-vmss000005 device  0 [0002:00:00] AMD Instinct MI300X VF
#  Rank  1 Group  0 Pid 374623 on ziyue-mi300-vmss000005 device  1 [0003:00:00] AMD Instinct MI300X VF
#  Rank  2 Group  0 Pid 374624 on ziyue-mi300-vmss000005 device  2 [0004:00:00] AMD Instinct MI300X VF
#  Rank  3 Group  0 Pid 374625 on ziyue-mi300-vmss000005 device  3 [0005:00:00] AMD Instinct MI300X VF
#  Rank  4 Group  0 Pid 374626 on ziyue-mi300-vmss000005 device  4 [0006:00:00] AMD Instinct MI300X VF
#  Rank  5 Group  0 Pid 374627 on ziyue-mi300-vmss000005 device  5 [0007:00:00] AMD Instinct MI300X VF
#  Rank  6 Group  0 Pid 374628 on ziyue-mi300-vmss000005 device  6 [0008:00:00] AMD Instinct MI300X VF
#  Rank  7 Group  0 Pid 374629 on ziyue-mi300-vmss000005 device  7 [0009:00:00] AMD Instinct MI300X VF
RCCL version : 2.21.5-HEAD:eef7b29
HIP version  : 6.3.42131-fa1d09cbd
ROCm version : 6.3.0.0-39-ce2be3b
Hostname     : ziyue-mi300-vmss000005
Librccl path : /opt/rocm/lib/librccl.so
#
#                                                              out-of-place                       in-place          
#       size         count      type   redop    root     time   algbw   busbw #wrong     time   algbw   busbw #wrong                               
#        (B)    (elements)                               (us)  (GB/s)  (GB/s)            (us)  (GB/s)  (GB/s)                                      
           0             0     float     sum      -1     0.20    0.00    0.00      0     0.20    0.00    0.00      0
           0             0     float     sum      -1     0.20    0.00    0.00      0     0.20    0.00    0.00      0
           4             1     float     sum      -1    17.13    0.00    0.00      0    17.12    0.00    0.00      0
           8             2     float     sum      -1    16.91    0.00    0.00      0    17.18    0.00    0.00      0
          16             4     float     sum      -1    16.82    0.00    0.00      0    16.95    0.00    0.00      0
          32             8     float     sum      -1    16.92    0.00    0.00      0    17.00    0.00    0.00      0
          64            16     float     sum      -1    16.93    0.00    0.01      0    17.03    0.00    0.01      0
         128            32     float     sum      -1    17.28    0.01    0.01      0    17.23    0.01    0.01      0
         256            64     float     sum      -1    17.56    0.01    0.03      0    17.53    0.01    0.03      0
         512           128     float     sum      -1    18.23    0.03    0.05      0    224.3    0.00    0.00      0
        1024           256     float     sum      -1    18.55    0.06    0.10      0    224.2    0.00    0.01      0
        2048           512     float     sum      -1    19.15    0.11    0.19      0    224.1    0.01    0.02      0
        4096          1024     float     sum      -1    20.71    0.20    0.35      0    224.9    0.02    0.03      0
        8192          2048     float     sum      -1    22.87    0.36    0.63      0    224.7    0.04    0.06      0
       16384          4096     float     sum      -1    27.43    0.60    1.05      0    224.0    0.07    0.13      0
       32768          8192     float     sum      -1    27.90    1.17    2.06      0    225.9    0.15    0.25      0
       65536         16384     float     sum      -1    27.93    2.35    4.11      0    226.4    0.29    0.51      0
      131072         32768     float     sum      -1    28.17    4.65    8.14      0    230.1    0.57    1.00      0
      262144         65536     float     sum      -1    28.55    9.18   16.07      0    237.5    1.10    1.93      0
      524288        131072     float     sum      -1    49.95   10.50   18.37      0    260.7    2.01    3.52      0
     1048576        262144     float     sum      -1    53.62   19.55   34.22      0    304.7    3.44    6.02      0
     2097152        524288     float     sum      -1    60.14   34.87   61.03      0    364.3    5.76   10.07      0
     4194304       1048576     float     sum      -1    76.55   54.79   95.88      0    516.8    8.12   14.20      0
     8388608       2097152     float     sum      -1    100.4   83.59  146.28      0    798.1   10.51   18.39      0
    16777216       4194304     float     sum      -1    155.3  108.05  189.09      0   1286.8   13.04   22.82      0
    33554432       8388608     float     sum      -1    240.8  139.33  243.82      0   2280.8   14.71   25.75      0
    67108864      16777216     float     sum      -1    426.9  157.20  275.09      0   4277.8   15.69   27.45      0
   134217728      33554432     float     sum      -1    796.6  168.49  294.86      0   8227.1   16.31   28.55      0
   268435456      67108864     float     sum      -1   1541.4  174.15  304.77      0    16824   15.96   27.92      0
   536870912     134217728     float     sum      -1   3030.4  177.16  310.04      0    33143   16.20   28.35      0
  1073741824     268435456     float     sum      -1   5970.2  179.85  314.74      0    65497   16.39   28.69      0
  2147483648     536870912     float     sum      -1    11891  180.60  316.05      0   130037   16.51   28.90      0
  4294967296    1073741824     float     sum      -1    23739  180.93  316.62      0   257133   16.70   29.23      0
# Errors with asterisks indicate errors that have exceeded the maximum threshold.
# Out of bounds values : 0 OK
# Avg bus bandwidth    : 49.3559 
#
# Collective test concluded: all_reduce_perf

