[1763883423.419544] [ziyue-mi300-vmss000005:375622:0]         parser.c:1686 UCX  WARN  unused env variable: UCX_HOME (set UCX_WARN_UNUSED_ENV_VARS=n to suppress this warning)
[1763883423.433485] [ziyue-mi300-vmss000005:375619:0]         parser.c:1686 UCX  WARN  unused env variable: UCX_HOME (set UCX_WARN_UNUSED_ENV_VARS=n to suppress this warning)
[1763883423.433464] [ziyue-mi300-vmss000005:375621:0]         parser.c:1686 UCX  WARN  unused env variable: UCX_HOME (set UCX_WARN_UNUSED_ENV_VARS=n to suppress this warning)
[1763883423.436882] [ziyue-mi300-vmss000005:375620:0]         parser.c:1686 UCX  WARN  unused env variable: UCX_HOME (set UCX_WARN_UNUSED_ENV_VARS=n to suppress this warning)
[1763883423.445170] [ziyue-mi300-vmss000005:375623:0]         parser.c:1686 UCX  WARN  unused env variable: UCX_HOME (set UCX_WARN_UNUSED_ENV_VARS=n to suppress this warning)
[1763883423.448001] [ziyue-mi300-vmss000005:375624:0]         parser.c:1686 UCX  WARN  unused env variable: UCX_HOME (set UCX_WARN_UNUSED_ENV_VARS=n to suppress this warning)
[1763883423.453707] [ziyue-mi300-vmss000005:375618:0]         parser.c:1686 UCX  WARN  unused env variable: UCX_HOME (set UCX_WARN_UNUSED_ENV_VARS=n to suppress this warning)
[1763883423.465633] [ziyue-mi300-vmss000005:375625:0]         parser.c:1686 UCX  WARN  unused env variable: UCX_HOME (set UCX_WARN_UNUSED_ENV_VARS=n to suppress this warning)
# Collective test starting: all_reduce_perf
# nThread 1 nGpus 1 minBytes 1 maxBytes 4294967296 step: 2(factor) warmup iters: 20 iters: 100 agg iters: 1 validation: 1 graph: 0
#
rccl-tests: Version develop:db6ea5a
# Using devices
#  Rank  0 Group  0 Pid 375618 on ziyue-mi300-vmss000005 device  0 [0002:00:00] AMD Instinct MI300X VF
#  Rank  1 Group  0 Pid 375619 on ziyue-mi300-vmss000005 device  1 [0003:00:00] AMD Instinct MI300X VF
#  Rank  2 Group  0 Pid 375620 on ziyue-mi300-vmss000005 device  2 [0004:00:00] AMD Instinct MI300X VF
#  Rank  3 Group  0 Pid 375621 on ziyue-mi300-vmss000005 device  3 [0005:00:00] AMD Instinct MI300X VF
#  Rank  4 Group  0 Pid 375622 on ziyue-mi300-vmss000005 device  4 [0006:00:00] AMD Instinct MI300X VF
#  Rank  5 Group  0 Pid 375623 on ziyue-mi300-vmss000005 device  5 [0007:00:00] AMD Instinct MI300X VF
#  Rank  6 Group  0 Pid 375624 on ziyue-mi300-vmss000005 device  6 [0008:00:00] AMD Instinct MI300X VF
#  Rank  7 Group  0 Pid 375625 on ziyue-mi300-vmss000005 device  7 [0009:00:00] AMD Instinct MI300X VF
RCCL version : 2.21.5-HEAD:eef7b29
HIP version  : 6.3.42131-fa1d09cbd
ROCm version : 6.3.0.0-39-ce2be3b
Hostname     : ziyue-mi300-vmss000005
Librccl path : /opt/rocm/lib/librccl.so
#
#                                                              out-of-place                       in-place          
#       size         count      type   redop    root     time   algbw   busbw #wrong     time   algbw   busbw #wrong                               
#        (B)    (elements)                               (us)  (GB/s)  (GB/s)            (us)  (GB/s)  (GB/s)                                      
           0             0     float     sum      -1     0.20    0.00    0.00      0     0.20    0.00    0.00      0
           0             0     float     sum      -1     0.20    0.00    0.00      0     0.21    0.00    0.00      0
           4             1     float     sum      -1    17.17    0.00    0.00      0    17.07    0.00    0.00      0
           8             2     float     sum      -1    17.02    0.00    0.00      0    17.09    0.00    0.00      0
          16             4     float     sum      -1    16.95    0.00    0.00      0    17.00    0.00    0.00      0
          32             8     float     sum      -1    17.04    0.00    0.00      0    17.03    0.00    0.00      0
          64            16     float     sum      -1    17.07    0.00    0.01      0    17.36    0.00    0.01      0
         128            32     float     sum      -1    17.18    0.01    0.01      0    17.31    0.01    0.01      0
         256            64     float     sum      -1    17.63    0.01    0.03      0    17.65    0.01    0.03      0
         512           128     float     sum      -1    18.23    0.03    0.05      0    18.21    0.03    0.05      0
        1024           256     float     sum      -1    18.64    0.05    0.10      0    18.67    0.05    0.10      0
        2048           512     float     sum      -1    19.10    0.11    0.19      0    11.83    0.17    0.30      0
        4096          1024     float     sum      -1    20.83    0.20    0.34      0    11.78    0.35    0.61      0
        8192          2048     float     sum      -1    22.99    0.36    0.62      0    11.94    0.69    1.20      0
       16384          4096     float     sum      -1    27.12    0.60    1.06      0    12.58    1.30    2.28      0
       32768          8192     float     sum      -1    27.53    1.19    2.08      0    12.93    2.53    4.43      0
       65536         16384     float     sum      -1    27.91    2.35    4.11      0    13.06    5.02    8.78      0
      131072         32768     float     sum      -1    28.12    4.66    8.16      0    13.53    9.69   16.95      0
      262144         65536     float     sum      -1    28.62    9.16   16.03      0    16.18   16.21   28.36      0
      524288        131072     float     sum      -1    50.05   10.47   18.33      0    21.60   24.27   42.47      0
     1048576        262144     float     sum      -1    53.44   19.62   34.34      0    32.46   32.31   56.53      0
     2097152        524288     float     sum      -1    59.96   34.97   61.20      0    55.32   37.91   66.34      0
     4194304       1048576     float     sum      -1    76.92   54.53   95.42      0    102.9   40.76   71.32      0
     8388608       2097152     float     sum      -1    100.2   83.69  146.46      0    200.4   41.85   73.24      0
    16777216       4194304     float     sum      -1    155.4  107.96  188.94      0    395.0   42.48   74.33      0
    33554432       8388608     float     sum      -1    240.8  139.35  243.87      0    783.5   42.83   74.94      0
    67108864      16777216     float     sum      -1    427.5  156.97  274.69      0   1544.1   43.46   76.06      0
   134217728      33554432     float     sum      -1    797.2  168.36  294.63      0   3045.2   44.08   77.13      0
   268435456      67108864     float     sum      -1   1544.8  173.76  304.09      0   6000.4   44.74   78.29      0
   536870912     134217728     float     sum      -1   3040.4  176.58  309.02      0    12172   44.11   77.19      0
  1073741824     268435456     float     sum      -1   5985.2  179.40  313.95      0    23958   44.82   78.43      0
  2147483648     536870912     float     sum      -1    11910  180.30  315.53      0    47861   44.87   78.52      0
  4294967296    1073741824     float     sum      -1    23748  180.85  316.50      0    95536   44.96   78.67      0
# Errors with asterisks indicate errors that have exceeded the maximum threshold.
# Out of bounds values : 0 OK
# Avg bus bandwidth    : 60.8538 
#
# Collective test concluded: all_reduce_perf

