[1763883377.023971] [ziyue-mi300-vmss000005:375452:0]         parser.c:1686 UCX  WARN  unused env variable: UCX_HOME (set UCX_WARN_UNUSED_ENV_VARS=n to suppress this warning)
[1763883377.031377] [ziyue-mi300-vmss000005:375458:0]         parser.c:1686 UCX  WARN  unused env variable: UCX_HOME (set UCX_WARN_UNUSED_ENV_VARS=n to suppress this warning)
[1763883377.040885] [ziyue-mi300-vmss000005:375456:0]         parser.c:1686 UCX  WARN  unused env variable: UCX_HOME (set UCX_WARN_UNUSED_ENV_VARS=n to suppress this warning)
[1763883377.041276] [ziyue-mi300-vmss000005:375454:0]         parser.c:1686 UCX  WARN  unused env variable: UCX_HOME (set UCX_WARN_UNUSED_ENV_VARS=n to suppress this warning)
[1763883377.042895] [ziyue-mi300-vmss000005:375459:0]         parser.c:1686 UCX  WARN  unused env variable: UCX_HOME (set UCX_WARN_UNUSED_ENV_VARS=n to suppress this warning)
[1763883377.045184] [ziyue-mi300-vmss000005:375457:0]         parser.c:1686 UCX  WARN  unused env variable: UCX_HOME (set UCX_WARN_UNUSED_ENV_VARS=n to suppress this warning)
[1763883377.045431] [ziyue-mi300-vmss000005:375455:0]         parser.c:1686 UCX  WARN  unused env variable: UCX_HOME (set UCX_WARN_UNUSED_ENV_VARS=n to suppress this warning)
[1763883377.061385] [ziyue-mi300-vmss000005:375453:0]         parser.c:1686 UCX  WARN  unused env variable: UCX_HOME (set UCX_WARN_UNUSED_ENV_VARS=n to suppress this warning)
# Collective test starting: all_reduce_perf
# nThread 1 nGpus 1 minBytes 1 maxBytes 4294967296 step: 2(factor) warmup iters: 20 iters: 100 agg iters: 1 validation: 1 graph: 0
#
rccl-tests: Version develop:db6ea5a
# Using devices
#  Rank  0 Group  0 Pid 375452 on ziyue-mi300-vmss000005 device  0 [0002:00:00] AMD Instinct MI300X VF
#  Rank  1 Group  0 Pid 375453 on ziyue-mi300-vmss000005 device  1 [0003:00:00] AMD Instinct MI300X VF
#  Rank  2 Group  0 Pid 375454 on ziyue-mi300-vmss000005 device  2 [0004:00:00] AMD Instinct MI300X VF
#  Rank  3 Group  0 Pid 375455 on ziyue-mi300-vmss000005 device  3 [0005:00:00] AMD Instinct MI300X VF
#  Rank  4 Group  0 Pid 375456 on ziyue-mi300-vmss000005 device  4 [0006:00:00] AMD Instinct MI300X VF
#  Rank  5 Group  0 Pid 375457 on ziyue-mi300-vmss000005 device  5 [0007:00:00] AMD Instinct MI300X VF
#  Rank  6 Group  0 Pid 375458 on ziyue-mi300-vmss000005 device  6 [0008:00:00] AMD Instinct MI300X VF
#  Rank  7 Group  0 Pid 375459 on ziyue-mi300-vmss000005 device  7 [0009:00:00] AMD Instinct MI300X VF
RCCL version : 2.21.5-HEAD:eef7b29
HIP version  : 6.3.42131-fa1d09cbd
ROCm version : 6.3.0.0-39-ce2be3b
Hostname     : ziyue-mi300-vmss000005
Librccl path : /opt/rocm/lib/librccl.so
#
#                                                              out-of-place                       in-place          
#       size         count      type   redop    root     time   algbw   busbw #wrong     time   algbw   busbw #wrong                               
#        (B)    (elements)                               (us)  (GB/s)  (GB/s)            (us)  (GB/s)  (GB/s)                                      
           0             0     float     sum      -1     0.20    0.00    0.00      0     0.21    0.00    0.00      0
           0             0     float     sum      -1     0.19    0.00    0.00      0     0.21    0.00    0.00      0
           4             1     float     sum      -1    17.16    0.00    0.00      0    17.29    0.00    0.00      0
           8             2     float     sum      -1    17.03    0.00    0.00      0    17.25    0.00    0.00      0
          16             4     float     sum      -1    16.92    0.00    0.00      0    17.08    0.00    0.00      0
          32             8     float     sum      -1    17.02    0.00    0.00      0    17.12    0.00    0.00      0
          64            16     float     sum      -1    17.01    0.00    0.01      0    17.23    0.00    0.01      0
         128            32     float     sum      -1    17.32    0.01    0.01      0    17.37    0.01    0.01      0
         256            64     float     sum      -1    17.52    0.01    0.03      0    17.60    0.01    0.03      0
         512           128     float     sum      -1    18.26    0.03    0.05      0    18.28    0.03    0.05      0
        1024           256     float     sum      -1    18.68    0.05    0.10      0    11.86    0.09    0.15      0
        2048           512     float     sum      -1    19.22    0.11    0.19      0    11.93    0.17    0.30      0
        4096          1024     float     sum      -1    20.53    0.20    0.35      0    11.94    0.34    0.60      0
        8192          2048     float     sum      -1    22.78    0.36    0.63      0    12.91    0.63    1.11      0
       16384          4096     float     sum      -1    27.60    0.59    1.04      0    13.15    1.25    2.18      0
       32768          8192     float     sum      -1    28.06    1.17    2.04      0    12.74    2.57    4.50      0
       65536         16384     float     sum      -1    28.19    2.32    4.07      0    13.02    5.03    8.81      0
      131072         32768     float     sum      -1    28.33    4.63    8.10      0    15.80    8.30   14.52      0
      262144         65536     float     sum      -1    28.62    9.16   16.03      0    20.32   12.90   22.58      0
      524288        131072     float     sum      -1    49.83   10.52   18.41      0    30.53   17.17   30.05      0
     1048576        262144     float     sum      -1    53.46   19.61   34.33      0    51.88   20.21   35.37      0
     2097152        524288     float     sum      -1    60.13   34.88   61.04      0    96.07   21.83   38.20      0
     4194304       1048576     float     sum      -1    76.74   54.65   95.64      0    187.3   22.40   39.20      0
     8388608       2097152     float     sum      -1    100.4   83.55  146.22      0    366.2   22.91   40.09      0
    16777216       4194304     float     sum      -1    155.4  107.95  188.91      0    728.0   23.05   40.33      0
    33554432       8388608     float     sum      -1    240.1  139.76  244.57      0   1444.8   23.22   40.64      0
    67108864      16777216     float     sum      -1    426.2  157.44  275.53      0   2869.8   23.38   40.92      0
   134217728      33554432     float     sum      -1    796.3  168.56  294.98      0   5695.6   23.57   41.24      0
   268435456      67108864     float     sum      -1   1540.2  174.28  304.99      0    11420   23.51   41.14      0
   536870912     134217728     float     sum      -1   3032.7  177.03  309.80      0    22885   23.46   41.05      0
  1073741824     268435456     float     sum      -1   5977.0  179.65  314.38      0    45820   23.43   41.01      0
  2147483648     536870912     float     sum      -1    11912  180.28  315.49      0    91570   23.45   41.04      0
  4294967296    1073741824     float     sum      -1    23792  180.52  315.92      0   182871   23.49   41.10      0
# Errors with asterisks indicate errors that have exceeded the maximum threshold.
# Out of bounds values : 0 OK
# Avg bus bandwidth    : 53.9253 
#
# Collective test concluded: all_reduce_perf

