[1763883451.822353] [ziyue-mi300-vmss000005:375786:0]         parser.c:1686 UCX  WARN  unused env variable: UCX_HOME (set UCX_WARN_UNUSED_ENV_VARS=n to suppress this warning)
[1763883451.843864] [ziyue-mi300-vmss000005:375788:0]         parser.c:1686 UCX  WARN  unused env variable: UCX_HOME (set UCX_WARN_UNUSED_ENV_VARS=n to suppress this warning)
[1763883451.843866] [ziyue-mi300-vmss000005:375790:0]         parser.c:1686 UCX  WARN  unused env variable: UCX_HOME (set UCX_WARN_UNUSED_ENV_VARS=n to suppress this warning)
[1763883451.867150] [ziyue-mi300-vmss000005:375789:0]         parser.c:1686 UCX  WARN  unused env variable: UCX_HOME (set UCX_WARN_UNUSED_ENV_VARS=n to suppress this warning)
[1763883451.871631] [ziyue-mi300-vmss000005:375787:0]         parser.c:1686 UCX  WARN  unused env variable: UCX_HOME (set UCX_WARN_UNUSED_ENV_VARS=n to suppress this warning)
[1763883451.874799] [ziyue-mi300-vmss000005:375784:0]         parser.c:1686 UCX  WARN  unused env variable: UCX_HOME (set UCX_WARN_UNUSED_ENV_VARS=n to suppress this warning)
[1763883451.880045] [ziyue-mi300-vmss000005:375791:0]         parser.c:1686 UCX  WARN  unused env variable: UCX_HOME (set UCX_WARN_UNUSED_ENV_VARS=n to suppress this warning)
[1763883451.884481] [ziyue-mi300-vmss000005:375785:0]         parser.c:1686 UCX  WARN  unused env variable: UCX_HOME (set UCX_WARN_UNUSED_ENV_VARS=n to suppress this warning)
# Collective test starting: all_reduce_perf
# nThread 1 nGpus 1 minBytes 1 maxBytes 4294967296 step: 2(factor) warmup iters: 20 iters: 100 agg iters: 1 validation: 1 graph: 0
#
rccl-tests: Version develop:db6ea5a
# Using devices
#  Rank  0 Group  0 Pid 375784 on ziyue-mi300-vmss000005 device  0 [0002:00:00] AMD Instinct MI300X VF
#  Rank  1 Group  0 Pid 375785 on ziyue-mi300-vmss000005 device  1 [0003:00:00] AMD Instinct MI300X VF
#  Rank  2 Group  0 Pid 375786 on ziyue-mi300-vmss000005 device  2 [0004:00:00] AMD Instinct MI300X VF
#  Rank  3 Group  0 Pid 375787 on ziyue-mi300-vmss000005 device  3 [0005:00:00] AMD Instinct MI300X VF
#  Rank  4 Group  0 Pid 375788 on ziyue-mi300-vmss000005 device  4 [0006:00:00] AMD Instinct MI300X VF
#  Rank  5 Group  0 Pid 375789 on ziyue-mi300-vmss000005 device  5 [0007:00:00] AMD Instinct MI300X VF
#  Rank  6 Group  0 Pid 375790 on ziyue-mi300-vmss000005 device  6 [0008:00:00] AMD Instinct MI300X VF
#  Rank  7 Group  0 Pid 375791 on ziyue-mi300-vmss000005 device  7 [0009:00:00] AMD Instinct MI300X VF
RCCL version : 2.21.5-HEAD:eef7b29
HIP version  : 6.3.42131-fa1d09cbd
ROCm version : 6.3.0.0-39-ce2be3b
Hostname     : ziyue-mi300-vmss000005
Librccl path : /opt/rocm/lib/librccl.so
#
#                                                              out-of-place                       in-place          
#       size         count      type   redop    root     time   algbw   busbw #wrong     time   algbw   busbw #wrong                               
#        (B)    (elements)                               (us)  (GB/s)  (GB/s)            (us)  (GB/s)  (GB/s)                                      
           0             0     float     sum      -1     0.20    0.00    0.00      0     0.20    0.00    0.00      0
           0             0     float     sum      -1     0.21    0.00    0.00      0     0.20    0.00    0.00      0
           4             1     float     sum      -1    17.11    0.00    0.00      0    17.09    0.00    0.00      0
           8             2     float     sum      -1    16.95    0.00    0.00      0    17.03    0.00    0.00      0
          16             4     float     sum      -1    16.79    0.00    0.00      0    16.90    0.00    0.00      0
          32             8     float     sum      -1    16.87    0.00    0.00      0    16.93    0.00    0.00      0
          64            16     float     sum      -1    17.10    0.00    0.01      0    17.08    0.00    0.01      0
         128            32     float     sum      -1    17.27    0.01    0.01      0    17.18    0.01    0.01      0
         256            64     float     sum      -1    17.46    0.01    0.03      0    20.11    0.01    0.02      0
         512           128     float     sum      -1    18.05    0.03    0.05      0    20.04    0.03    0.04      0
        1024           256     float     sum      -1    18.47    0.06    0.10      0    20.00    0.05    0.09      0
        2048           512     float     sum      -1    19.12    0.11    0.19      0    20.06    0.10    0.18      0
        4096          1024     float     sum      -1    20.65    0.20    0.35      0    20.17    0.20    0.36      0
        8192          2048     float     sum      -1    22.61    0.36    0.63      0    20.25    0.40    0.71      0
       16384          4096     float     sum      -1    27.50    0.60    1.04      0    20.02    0.82    1.43      0
       32768          8192     float     sum      -1    27.89    1.17    2.06      0    20.31    1.61    2.82      0
       65536         16384     float     sum      -1    28.24    2.32    4.06      0    20.44    3.21    5.61      0
      131072         32768     float     sum      -1    28.22    4.64    8.13      0    21.23    6.17   10.80      0
      262144         65536     float     sum      -1    28.44    9.22   16.13      0    24.28   10.80   18.89      0
      524288        131072     float     sum      -1    49.79   10.53   18.43      0    34.56   15.17   26.55      0
     1048576        262144     float     sum      -1    53.34   19.66   34.40      0    49.35   21.25   37.18      0
     2097152        524288     float     sum      -1    60.03   34.93   61.13      0    79.55   26.36   46.13      0
     4194304       1048576     float     sum      -1    76.52   54.81   95.92      0    141.2   29.70   51.98      0
     8388608       2097152     float     sum      -1    100.3   83.65  146.38      0    264.0   31.77   55.60      0
    16777216       4194304     float     sum      -1    155.5  107.88  188.80      0    505.6   33.18   58.07      0
    33554432       8388608     float     sum      -1    239.9  139.86  244.76      0    957.7   35.04   61.31      0
