[1763883078.784206] [ziyue-mi300-vmss000005:374790:0]         parser.c:1686 UCX  WARN  unused env variable: UCX_HOME (set UCX_WARN_UNUSED_ENV_VARS=n to suppress this warning)
[1763883078.784226] [ziyue-mi300-vmss000005:374792:0]         parser.c:1686 UCX  WARN  unused env variable: UCX_HOME (set UCX_WARN_UNUSED_ENV_VARS=n to suppress this warning)
[1763883078.789652] [ziyue-mi300-vmss000005:374788:0]         parser.c:1686 UCX  WARN  unused env variable: UCX_HOME (set UCX_WARN_UNUSED_ENV_VARS=n to suppress this warning)
[1763883078.801470] [ziyue-mi300-vmss000005:374795:0]         parser.c:1686 UCX  WARN  unused env variable: UCX_HOME (set UCX_WARN_UNUSED_ENV_VARS=n to suppress this warning)
[1763883078.802291] [ziyue-mi300-vmss000005:374794:0]         parser.c:1686 UCX  WARN  unused env variable: UCX_HOME (set UCX_WARN_UNUSED_ENV_VARS=n to suppress this warning)
[1763883078.816589] [ziyue-mi300-vmss000005:374791:0]         parser.c:1686 UCX  WARN  unused env variable: UCX_HOME (set UCX_WARN_UNUSED_ENV_VARS=n to suppress this warning)
[1763883078.818548] [ziyue-mi300-vmss000005:374789:0]         parser.c:1686 UCX  WARN  unused env variable: UCX_HOME (set UCX_WARN_UNUSED_ENV_VARS=n to suppress this warning)
[1763883078.820385] [ziyue-mi300-vmss000005:374793:0]         parser.c:1686 UCX  WARN  unused env variable: UCX_HOME (set UCX_WARN_UNUSED_ENV_VARS=n to suppress this warning)
# Collective test starting: all_reduce_perf
# nThread 1 nGpus 1 minBytes 1 maxBytes 4294967296 step: 2(factor) warmup iters: 20 iters: 100 agg iters: 1 validation: 1 graph: 0
#
rccl-tests: Version develop:db6ea5a
# Using devices
#  Rank  0 Group  0 Pid 374788 on ziyue-mi300-vmss000005 device  0 [0002:00:00] AMD Instinct MI300X VF
#  Rank  1 Group  0 Pid 374789 on ziyue-mi300-vmss000005 device  1 [0003:00:00] AMD Instinct MI300X VF
#  Rank  2 Group  0 Pid 374790 on ziyue-mi300-vmss000005 device  2 [0004:00:00] AMD Instinct MI300X VF
#  Rank  3 Group  0 Pid 374791 on ziyue-mi300-vmss000005 device  3 [0005:00:00] AMD Instinct MI300X VF
#  Rank  4 Group  0 Pid 374792 on ziyue-mi300-vmss000005 device  4 [0006:00:00] AMD Instinct MI300X VF
#  Rank  5 Group  0 Pid 374793 on ziyue-mi300-vmss000005 device  5 [0007:00:00] AMD Instinct MI300X VF
#  Rank  6 Group  0 Pid 374794 on ziyue-mi300-vmss000005 device  6 [0008:00:00] AMD Instinct MI300X VF
#  Rank  7 Group  0 Pid 374795 on ziyue-mi300-vmss000005 device  7 [0009:00:00] AMD Instinct MI300X VF
RCCL version : 2.21.5-HEAD:eef7b29
HIP version  : 6.3.42131-fa1d09cbd
ROCm version : 6.3.0.0-39-ce2be3b
Hostname     : ziyue-mi300-vmss000005
Librccl path : /opt/rocm/lib/librccl.so
#
#                                                              out-of-place                       in-place          
#       size         count      type   redop    root     time   algbw   busbw #wrong     time   algbw   busbw #wrong                               
#        (B)    (elements)                               (us)  (GB/s)  (GB/s)            (us)  (GB/s)  (GB/s)                                      
           0             0     float     sum      -1     0.20    0.00    0.00      0     0.21    0.00    0.00      0
           0             0     float     sum      -1     0.20    0.00    0.00      0     0.21    0.00    0.00      0
           4             1     float     sum      -1    17.40    0.00    0.00      0    17.47    0.00    0.00      0
           8             2     float     sum      -1    17.20    0.00    0.00      0    17.43    0.00    0.00      0
          16             4     float     sum      -1    17.18    0.00    0.00      0    17.36    0.00    0.00      0
          32             8     float     sum      -1    17.32    0.00    0.00      0    17.35    0.00    0.00      0
          64            16     float     sum      -1    17.33    0.00    0.01      0    17.53    0.00    0.01      0
         128            32     float     sum      -1    17.55    0.01    0.01      0    17.61    0.01    0.01      0
         256            64     float     sum      -1    17.93    0.01    0.02      0    17.99    0.01    0.02      0
         512           128     float     sum      -1    18.59    0.03    0.05      0    18.67    0.03    0.05      0
        1024           256     float     sum      -1    18.93    0.05    0.09      0    223.1    0.00    0.01      0
        2048           512     float     sum      -1    19.40    0.11    0.18      0    223.1    0.01    0.02      0
        4096          1024     float     sum      -1    20.98    0.20    0.34      0    223.0    0.02    0.03      0
        8192          2048     float     sum      -1    23.34    0.35    0.61      0    224.0    0.04    0.06      0
       16384          4096     float     sum      -1    27.69    0.59    1.04      0    223.9    0.07    0.13      0
       32768          8192     float     sum      -1    28.04    1.17    2.05      0    223.2    0.15    0.26      0
       65536         16384     float     sum      -1    28.03    2.34    4.09      0    225.2    0.29    0.51      0
      131072         32768     float     sum      -1    28.18    4.65    8.14      0    225.4    0.58    1.02      0
      262144         65536     float     sum      -1    28.62    9.16   16.03      0    229.2    1.14    2.00      0
      524288        131072     float     sum      -1    50.10   10.46   18.31      0    237.2    2.21    3.87      0
     1048576        262144     float     sum      -1    53.60   19.56   34.24      0    258.5    4.06    7.10      0
     2097152        524288     float     sum      -1    60.12   34.88   61.04      0    303.1    6.92   12.11      0
     4194304       1048576     float     sum      -1    76.53   54.80   95.91      0    365.8   11.47   20.07      0
     8388608       2097152     float     sum      -1    100.2   83.72  146.50      0    524.4   16.00   28.00      0
    16777216       4194304     float     sum      -1    155.1  108.17  189.30      0    808.1   20.76   36.33      0
    33554432       8388608     float     sum      -1    240.3  139.66  244.41      0   1296.2   25.89   45.30      0
    67108864      16777216     float     sum      -1    426.5  157.34  275.35      0   2317.7   28.96   50.67      0
   134217728      33554432     float     sum      -1    797.2  168.37  294.64      0   4359.2   30.79   53.88      0
   268435456      67108864     float     sum      -1   1541.1  174.19  304.83      0   8395.2   31.98   55.96      0
   536870912     134217728     float     sum      -1   3029.3  177.23  310.15      0    16871   31.82   55.69      0
  1073741824     268435456     float     sum      -1   5967.0  179.95  314.91      0    33437   32.11   56.20      0
  2147483648     536870912     float     sum      -1    11894  180.56  315.98      0    65944   32.57   56.99      0
  4294967296    1073741824     float     sum      -1    23801  180.46  315.80      0   131020   32.78   57.37      0
# Errors with asterisks indicate errors that have exceeded the maximum threshold.
# Out of bounds values : 0 OK
# Avg bus bandwidth    : 52.9954 
#
# Collective test concluded: all_reduce_perf

