[1763884768.910573] [ziyue-mi300-vmss000005:376284:0]         parser.c:1686 UCX  WARN  unused env variable: UCX_HOME (set UCX_WARN_UNUSED_ENV_VARS=n to suppress this warning)
[1763884768.910708] [ziyue-mi300-vmss000005:376286:0]         parser.c:1686 UCX  WARN  unused env variable: UCX_HOME (set UCX_WARN_UNUSED_ENV_VARS=n to suppress this warning)
[1763884768.910718] [ziyue-mi300-vmss000005:376288:0]         parser.c:1686 UCX  WARN  unused env variable: UCX_HOME (set UCX_WARN_UNUSED_ENV_VARS=n to suppress this warning)
[1763884768.919916] [ziyue-mi300-vmss000005:376289:0]         parser.c:1686 UCX  WARN  unused env variable: UCX_HOME (set UCX_WARN_UNUSED_ENV_VARS=n to suppress this warning)
[1763884768.932033] [ziyue-mi300-vmss000005:376287:0]         parser.c:1686 UCX  WARN  unused env variable: UCX_HOME (set UCX_WARN_UNUSED_ENV_VARS=n to suppress this warning)
[1763884768.936433] [ziyue-mi300-vmss000005:376283:0]         parser.c:1686 UCX  WARN  unused env variable: UCX_HOME (set UCX_WARN_UNUSED_ENV_VARS=n to suppress this warning)
[1763884768.947473] [ziyue-mi300-vmss000005:376282:0]         parser.c:1686 UCX  WARN  unused env variable: UCX_HOME (set UCX_WARN_UNUSED_ENV_VARS=n to suppress this warning)
[1763884768.961550] [ziyue-mi300-vmss000005:376285:0]         parser.c:1686 UCX  WARN  unused env variable: UCX_HOME (set UCX_WARN_UNUSED_ENV_VARS=n to suppress this warning)
# Collective test starting: all_reduce_perf
# nThread 1 nGpus 1 minBytes 1 maxBytes 4294967296 step: 2(factor) warmup iters: 20 iters: 100 agg iters: 1 validation: 1 graph: 0
#
rccl-tests: Version develop:db6ea5a
# Using devices
#  Rank  0 Group  0 Pid 376282 on ziyue-mi300-vmss000005 device  0 [0002:00:00] AMD Instinct MI300X VF
#  Rank  1 Group  0 Pid 376283 on ziyue-mi300-vmss000005 device  1 [0003:00:00] AMD Instinct MI300X VF
#  Rank  2 Group  0 Pid 376284 on ziyue-mi300-vmss000005 device  2 [0004:00:00] AMD Instinct MI300X VF
#  Rank  3 Group  0 Pid 376285 on ziyue-mi300-vmss000005 device  3 [0005:00:00] AMD Instinct MI300X VF
#  Rank  4 Group  0 Pid 376286 on ziyue-mi300-vmss000005 device  4 [0006:00:00] AMD Instinct MI300X VF
#  Rank  5 Group  0 Pid 376287 on ziyue-mi300-vmss000005 device  5 [0007:00:00] AMD Instinct MI300X VF
#  Rank  6 Group  0 Pid 376288 on ziyue-mi300-vmss000005 device  6 [0008:00:00] AMD Instinct MI300X VF
#  Rank  7 Group  0 Pid 376289 on ziyue-mi300-vmss000005 device  7 [0009:00:00] AMD Instinct MI300X VF
RCCL version : 2.21.5-HEAD:eef7b29
HIP version  : 6.3.42131-fa1d09cbd
ROCm version : 6.3.0.0-39-ce2be3b
Hostname     : ziyue-mi300-vmss000005
Librccl path : /opt/rocm/lib/librccl.so
#
#                                                              out-of-place                       in-place          
#       size         count      type   redop    root     time   algbw   busbw #wrong     time   algbw   busbw #wrong                               
#        (B)    (elements)                               (us)  (GB/s)  (GB/s)            (us)  (GB/s)  (GB/s)                                      
           0             0     float     sum      -1     0.20    0.00    0.00      0     0.20    0.00    0.00      0
           0             0     float     sum      -1     0.19    0.00    0.00      0     0.20    0.00    0.00      0
           4             1     float     sum      -1    17.36    0.00    0.00      0    17.47    0.00    0.00      0
           8             2     float     sum      -1    17.23    0.00    0.00      0    17.36    0.00    0.00      0
          16             4     float     sum      -1    17.06    0.00    0.00      0    17.23    0.00    0.00      0
          32             8     float     sum      -1    17.15    0.00    0.00      0    17.28    0.00    0.00      0
          64            16     float     sum      -1    17.19    0.00    0.01      0    17.37    0.00    0.01      0
         128            32     float     sum      -1    17.49    0.01    0.01      0    17.63    0.01    0.01      0
         256            64     float     sum      -1    17.66    0.01    0.03      0    17.71    0.01    0.03      0
         512           128     float     sum      -1    18.34    0.03    0.05      0    18.45    0.03    0.05      0
        1024           256     float     sum      -1    18.78    0.05    0.10      0    18.76    0.05    0.10      0
        2048           512     float     sum      -1    19.36    0.11    0.19      0    19.18    0.11    0.19      0
        4096          1024     float     sum      -1    21.01    0.19    0.34      0    19.22    0.21    0.37      0
        8192          2048     float     sum      -1    23.16    0.35    0.62      0    19.55    0.42    0.73      0
       16384          4096     float     sum      -1    27.81    0.59    1.03      0    20.11    0.81    1.43      0
       32768          8192     float     sum      -1    28.15    1.16    2.04      0    20.39    1.61    2.81      0
       65536         16384     float     sum      -1    28.30    2.32    4.05      0    20.42    3.21    5.62      0
      131072         32768     float     sum      -1    28.46    4.61    8.06      0    20.47    6.40   11.20      0
      262144         65536     float     sum      -1    28.68    9.14   15.99      0    20.84   12.58   22.01      0
      524288        131072     float     sum      -1    49.90   10.51   18.39      0    22.27   23.55   41.21      0
     1048576        262144     float     sum      -1    53.44   19.62   34.34      0    25.34   41.38   72.41      0
     2097152        524288     float     sum      -1    59.98   34.96   61.19      0    32.45   64.63  113.11      0
     4194304       1048576     float     sum      -1    76.71   54.68   95.69      0    51.14   82.01  143.52      0
     8388608       2097152     float     sum      -1    100.3   83.65  146.38      0    84.58   99.17  173.55      0
    16777216       4194304     float     sum      -1    155.2  108.07  189.13      0    153.1  109.59  191.78      0
    33554432       8388608     float     sum      -1    241.0  139.23  243.65      0    281.6  119.16  208.53      0
    67108864      16777216     float     sum      -1    427.1  157.12  274.96      0    528.9  126.89  222.05      0
   134217728      33554432     float     sum      -1    796.4  168.52  294.92      0   1040.8  128.95  225.67      0
   268435456      67108864     float     sum      -1   1541.0  174.19  304.84      0   2075.9  129.31  226.29      0
