[1763884810.384361] [ziyue-mi300-vmss000005:377416:0]         parser.c:1686 UCX  WARN  unused env variable: UCX_HOME (set UCX_WARN_UNUSED_ENV_VARS=n to suppress this warning)
[1763884810.387020] [ziyue-mi300-vmss000005:377414:0]         parser.c:1686 UCX  WARN  unused env variable: UCX_HOME (set UCX_WARN_UNUSED_ENV_VARS=n to suppress this warning)
[1763884810.393485] [ziyue-mi300-vmss000005:377410:0]         parser.c:1686 UCX  WARN  unused env variable: UCX_HOME (set UCX_WARN_UNUSED_ENV_VARS=n to suppress this warning)
[1763884810.394337] [ziyue-mi300-vmss000005:377412:0]         parser.c:1686 UCX  WARN  unused env variable: UCX_HOME (set UCX_WARN_UNUSED_ENV_VARS=n to suppress this warning)
[1763884810.399009] [ziyue-mi300-vmss000005:377417:0]         parser.c:1686 UCX  WARN  unused env variable: UCX_HOME (set UCX_WARN_UNUSED_ENV_VARS=n to suppress this warning)
[1763884810.399063] [ziyue-mi300-vmss000005:377415:0]         parser.c:1686 UCX  WARN  unused env variable: UCX_HOME (set UCX_WARN_UNUSED_ENV_VARS=n to suppress this warning)
[1763884810.399065] [ziyue-mi300-vmss000005:377413:0]         parser.c:1686 UCX  WARN  unused env variable: UCX_HOME (set UCX_WARN_UNUSED_ENV_VARS=n to suppress this warning)
[1763884810.434440] [ziyue-mi300-vmss000005:377411:0]         parser.c:1686 UCX  WARN  unused env variable: UCX_HOME (set UCX_WARN_UNUSED_ENV_VARS=n to suppress this warning)
# Collective test starting: all_reduce_perf
# nThread 1 nGpus 1 minBytes 1 maxBytes 4294967296 step: 2(factor) warmup iters: 20 iters: 100 agg iters: 1 validation: 1 graph: 0
#
rccl-tests: Version develop:db6ea5a
# Using devices
#  Rank  0 Group  0 Pid 377410 on ziyue-mi300-vmss000005 device  0 [0002:00:00] AMD Instinct MI300X VF
#  Rank  1 Group  0 Pid 377411 on ziyue-mi300-vmss000005 device  1 [0003:00:00] AMD Instinct MI300X VF
#  Rank  2 Group  0 Pid 377412 on ziyue-mi300-vmss000005 device  2 [0004:00:00] AMD Instinct MI300X VF
#  Rank  3 Group  0 Pid 377413 on ziyue-mi300-vmss000005 device  3 [0005:00:00] AMD Instinct MI300X VF
#  Rank  4 Group  0 Pid 377414 on ziyue-mi300-vmss000005 device  4 [0006:00:00] AMD Instinct MI300X VF
#  Rank  5 Group  0 Pid 377415 on ziyue-mi300-vmss000005 device  5 [0007:00:00] AMD Instinct MI300X VF
#  Rank  6 Group  0 Pid 377416 on ziyue-mi300-vmss000005 device  6 [0008:00:00] AMD Instinct MI300X VF
#  Rank  7 Group  0 Pid 377417 on ziyue-mi300-vmss000005 device  7 [0009:00:00] AMD Instinct MI300X VF
RCCL version : 2.21.5-HEAD:eef7b29
HIP version  : 6.3.42131-fa1d09cbd
ROCm version : 6.3.0.0-39-ce2be3b
Hostname     : ziyue-mi300-vmss000005
Librccl path : /opt/rocm/lib/librccl.so
#
#                                                              out-of-place                       in-place          
#       size         count      type   redop    root     time   algbw   busbw #wrong     time   algbw   busbw #wrong                               
#        (B)    (elements)                               (us)  (GB/s)  (GB/s)            (us)  (GB/s)  (GB/s)                                      
           0             0     float     sum      -1     0.20    0.00    0.00      0     0.20    0.00    0.00      0
           0             0     float     sum      -1     0.20    0.00    0.00      0     0.20    0.00    0.00      0
           4             1     float     sum      -1    16.80    0.00    0.00      0    16.77    0.00    0.00      0
           8             2     float     sum      -1    16.59    0.00    0.00      0    16.74    0.00    0.00      0
          16             4     float     sum      -1    16.47    0.00    0.00      0    16.70    0.00    0.00      0

ziyue-mi300-vmss000005:377414:377414 [4] /long_pathname_so_that_rpms_can_package_the_debug_info/src/rccl/build/hipify/src/misc/msccl/msccl_setup.cc:436 NCCL WARN MSCCL: this version of MSCCL build doesn't support full Ops
ziyue-mi300-vmss000005: Test NCCL failure /mnt/v-feilong/rccl-tests/build/src/hipify/all_reduce.cu.cpp:52 'internal error - please report this issue to the NCCL developers / '
 .. ziyue-mi300-vmss000005 pid 377414: Test failure /mnt/v-feilong/rccl-tests/build/src/hipify/common.cu.cpp:639
 .. ziyue-mi300-vmss000005 pid 377414: Test failure /mnt/v-feilong/rccl-tests/build/src/hipify/common.cu.cpp:673
 .. ziyue-mi300-vmss000005 pid 377414: Test failure /mnt/v-feilong/rccl-tests/build/src/hipify/common.cu.cpp:974
 .. ziyue-mi300-vmss000005 pid 377414: Test failure /mnt/v-feilong/rccl-tests/build/src/hipify/all_reduce.cu.cpp:102
 .. ziyue-mi300-vmss000005 pid 377414: Test failure /mnt/v-feilong/rccl-tests/build/src/hipify/common.cu.cpp:1002
 .. ziyue-mi300-vmss000005 pid 377414: Test failure /mnt/v-feilong/rccl-tests/build/src/hipify/common.cu.cpp:1737
 .. ziyue-mi300-vmss000005 pid 377414: Test failure /mnt/v-feilong/rccl-tests/build/src/hipify/common.cu.cpp:1413

ziyue-mi300-vmss000005:377413:377413 [3] /long_pathname_so_that_rpms_can_package_the_debug_info/src/rccl/build/hipify/src/misc/msccl/msccl_setup.cc:436 NCCL WARN MSCCL: this version of MSCCL build doesn't support full Ops
ziyue-mi300-vmss000005: Test NCCL failure /mnt/v-feilong/rccl-tests/build/src/hipify/all_reduce.cu.cpp:52 'internal error - please report this issue to the NCCL developers / '
 .. ziyue-mi300-vmss000005 pid 377413: Test failure /mnt/v-feilong/rccl-tests/build/src/hipify/common.cu.cpp:639
 .. ziyue-mi300-vmss000005 pid 377413: Test failure /mnt/v-feilong/rccl-tests/build/src/hipify/common.cu.cpp:673
 .. ziyue-mi300-vmss000005 pid 377413: Test failure /mnt/v-feilong/rccl-tests/build/src/hipify/common.cu.cpp:974
 .. ziyue-mi300-vmss000005 pid 377413: Test failure /mnt/v-feilong/rccl-tests/build/src/hipify/all_reduce.cu.cpp:102
 .. ziyue-mi300-vmss000005 pid 377413: Test failure /mnt/v-feilong/rccl-tests/build/src/hipify/common.cu.cpp:1002
 .. ziyue-mi300-vmss000005 pid 377413: Test failure /mnt/v-feilong/rccl-tests/build/src/hipify/common.cu.cpp:1737
 .. ziyue-mi300-vmss000005 pid 377413: Test failure /mnt/v-feilong/rccl-tests/build/src/hipify/common.cu.cpp:1413

ziyue-mi300-vmss000005:377411:377411 [1] /long_pathname_so_that_rpms_can_package_the_debug_info/src/rccl/build/hipify/src/misc/msccl/msccl_setup.cc:436 NCCL WARN MSCCL: this version of MSCCL build doesn't support full Ops
ziyue-mi300-vmss000005: Test NCCL failure /mnt/v-feilong/rccl-tests/build/src/hipify/all_reduce.cu.cpp:52 'internal error - please report this issue to the NCCL developers / '
 .. ziyue-mi300-vmss000005 pid 377411: Test failure /mnt/v-feilong/rccl-tests/build/src/hipify/common.cu.cpp:639
 .. ziyue-mi300-vmss000005 pid 377411: Test failure /mnt/v-feilong/rccl-tests/build/src/hipify/common.cu.cpp:673
 .. ziyue-mi300-vmss000005 pid 377411: Test failure /mnt/v-feilong/rccl-tests/build/src/hipify/common.cu.cpp:974
 .. ziyue-mi300-vmss000005 pid 377411: Test failure /mnt/v-feilong/rccl-tests/build/src/hipify/all_reduce.cu.cpp:102
 .. ziyue-mi300-vmss000005 pid 377411: Test failure /mnt/v-feilong/rccl-tests/build/src/hipify/common.cu.cpp:1002
 .. ziyue-mi300-vmss000005 pid 377411: Test failure /mnt/v-feilong/rccl-tests/build/src/hipify/common.cu.cpp:1737
 .. ziyue-mi300-vmss000005 pid 377411: Test failure /mnt/v-feilong/rccl-tests/build/src/hipify/common.cu.cpp:1413

ziyue-mi300-vmss000005:377415:377415 [5] /long_pathname_so_that_rpms_can_package_the_debug_info/src/rccl/build/hipify/src/misc/msccl/msccl_setup.cc:436 NCCL WARN MSCCL: this version of MSCCL build doesn't support full Ops
ziyue-mi300-vmss000005: Test NCCL failure /mnt/v-feilong/rccl-tests/build/src/hipify/all_reduce.cu.cpp:52 'internal error - please report this issue to the NCCL developers / '
 .. ziyue-mi300-vmss000005 pid 377415: Test failure /mnt/v-feilong/rccl-tests/build/src/hipify/common.cu.cpp:639
 .. ziyue-mi300-vmss000005 pid 377415: Test failure /mnt/v-feilong/rccl-tests/build/src/hipify/common.cu.cpp:673
 .. ziyue-mi300-vmss000005 pid 377415: Test failure /mnt/v-feilong/rccl-tests/build/src/hipify/common.cu.cpp:974
 .. ziyue-mi300-vmss000005 pid 377415: Test failure /mnt/v-feilong/rccl-tests/build/src/hipify/all_reduce.cu.cpp:102
 .. ziyue-mi300-vmss000005 pid 377415: Test failure /mnt/v-feilong/rccl-tests/build/src/hipify/common.cu.cpp:1002
 .. ziyue-mi300-vmss000005 pid 377415: Test failure /mnt/v-feilong/rccl-tests/build/src/hipify/common.cu.cpp:1737
 .. ziyue-mi300-vmss000005 pid 377415: Test failure /mnt/v-feilong/rccl-tests/build/src/hipify/common.cu.cpp:1413

ziyue-mi300-vmss000005:377416:377416 [6] /long_pathname_so_that_rpms_can_package_the_debug_info/src/rccl/build/hipify/src/misc/msccl/msccl_setup.cc:436 NCCL WARN MSCCL: this version of MSCCL build doesn't support full Ops
ziyue-mi300-vmss000005: Test NCCL failure /mnt/v-feilong/rccl-tests/build/src/hipify/all_reduce.cu.cpp:52 'internal error - please report this issue to the NCCL developers / '
 .. ziyue-mi300-vmss000005 pid 377416: Test failure /mnt/v-feilong/rccl-tests/build/src/hipify/common.cu.cpp:639
 .. ziyue-mi300-vmss000005 pid 377416: Test failure /mnt/v-feilong/rccl-tests/build/src/hipify/common.cu.cpp:673
 .. ziyue-mi300-vmss000005 pid 377416: Test failure /mnt/v-feilong/rccl-tests/build/src/hipify/common.cu.cpp:974
 .. ziyue-mi300-vmss000005 pid 377416: Test failure /mnt/v-feilong/rccl-tests/build/src/hipify/all_reduce.cu.cpp:102
 .. ziyue-mi300-vmss000005 pid 377416: Test failure /mnt/v-feilong/rccl-tests/build/src/hipify/common.cu.cpp:1002
 .. ziyue-mi300-vmss000005 pid 377416: Test failure /mnt/v-feilong/rccl-tests/build/src/hipify/common.cu.cpp:1737
 .. ziyue-mi300-vmss000005 pid 377416: Test failure /mnt/v-feilong/rccl-tests/build/src/hipify/common.cu.cpp:1413

ziyue-mi300-vmss000005:377417:377417 [7] /long_pathname_so_that_rpms_can_package_the_debug_info/src/rccl/build/hipify/src/misc/msccl/msccl_setup.cc:436 NCCL WARN MSCCL: this version of MSCCL build doesn't support full Ops
ziyue-mi300-vmss000005: Test NCCL failure /mnt/v-feilong/rccl-tests/build/src/hipify/all_reduce.cu.cpp:52 'internal error - please report this issue to the NCCL developers / '
 .. ziyue-mi300-vmss000005 pid 377417: Test failure /mnt/v-feilong/rccl-tests/build/src/hipify/common.cu.cpp:639
 .. ziyue-mi300-vmss000005 pid 377417: Test failure /mnt/v-feilong/rccl-tests/build/src/hipify/common.cu.cpp:673
 .. ziyue-mi300-vmss000005 pid 377417: Test failure /mnt/v-feilong/rccl-tests/build/src/hipify/common.cu.cpp:974
 .. ziyue-mi300-vmss000005 pid 377417: Test failure /mnt/v-feilong/rccl-tests/build/src/hipify/all_reduce.cu.cpp:102
 .. ziyue-mi300-vmss000005 pid 377417: Test failure /mnt/v-feilong/rccl-tests/build/src/hipify/common.cu.cpp:1002
 .. ziyue-mi300-vmss000005 pid 377417: Test failure /mnt/v-feilong/rccl-tests/build/src/hipify/common.cu.cpp:1737
 .. ziyue-mi300-vmss000005 pid 377417: Test failure /mnt/v-feilong/rccl-tests/build/src/hipify/common.cu.cpp:1413

ziyue-mi300-vmss000005:377412:377412 [2] /long_pathname_so_that_rpms_can_package_the_debug_info/src/rccl/build/hipify/src/misc/msccl/msccl_setup.cc:436 NCCL WARN MSCCL: this version of MSCCL build doesn't support full Ops
ziyue-mi300-vmss000005: Test NCCL failure /mnt/v-feilong/rccl-tests/build/src/hipify/all_reduce.cu.cpp:52 'internal error - please report this issue to the NCCL developers / '
 .. ziyue-mi300-vmss000005 pid 377412: Test failure /mnt/v-feilong/rccl-tests/build/src/hipify/common.cu.cpp:639
 .. ziyue-mi300-vmss000005 pid 377412: Test failure /mnt/v-feilong/rccl-tests/build/src/hipify/common.cu.cpp:673
 .. ziyue-mi300-vmss000005 pid 377412: Test failure /mnt/v-feilong/rccl-tests/build/src/hipify/common.cu.cpp:974
 .. ziyue-mi300-vmss000005 pid 377412: Test failure /mnt/v-feilong/rccl-tests/build/src/hipify/all_reduce.cu.cpp:102
 .. ziyue-mi300-vmss000005 pid 377412: Test failure /mnt/v-feilong/rccl-tests/build/src/hipify/common.cu.cpp:1002
 .. ziyue-mi300-vmss000005 pid 377412: Test failure /mnt/v-feilong/rccl-tests/build/src/hipify/common.cu.cpp:1737
 .. ziyue-mi300-vmss000005 pid 377412: Test failure /mnt/v-feilong/rccl-tests/build/src/hipify/common.cu.cpp:1413
          32             8     float     sum      -1    16.60    0.00    0.00      0
ziyue-mi300-vmss000005:377410:377410 [0] /long_pathname_so_that_rpms_can_package_the_debug_info/src/rccl/build/hipify/src/misc/msccl/msccl_setup.cc:436 NCCL WARN MSCCL: this version of MSCCL build doesn't support full Ops
ziyue-mi300-vmss000005: Test NCCL failure /mnt/v-feilong/rccl-tests/build/src/hipify/all_reduce.cu.cpp:52 'internal error - please report this issue to the NCCL developers / '
 .. ziyue-mi300-vmss000005 pid 377410: Test failure /mnt/v-feilong/rccl-tests/build/src/hipify/common.cu.cpp:639
 .. ziyue-mi300-vmss000005 pid 377410: Test failure /mnt/v-feilong/rccl-tests/build/src/hipify/common.cu.cpp:673
 .. ziyue-mi300-vmss000005 pid 377410: Test failure /mnt/v-feilong/rccl-tests/build/src/hipify/common.cu.cpp:974
 .. ziyue-mi300-vmss000005 pid 377410: Test failure /mnt/v-feilong/rccl-tests/build/src/hipify/all_reduce.cu.cpp:102
 .. ziyue-mi300-vmss000005 pid 377410: Test failure /mnt/v-feilong/rccl-tests/build/src/hipify/common.cu.cpp:1002
 .. ziyue-mi300-vmss000005 pid 377410: Test failure /mnt/v-feilong/rccl-tests/build/src/hipify/common.cu.cpp:1737
 .. ziyue-mi300-vmss000005 pid 377410: Test failure /mnt/v-feilong/rccl-tests/build/src/hipify/common.cu.cpp:1413
