[1764060506.851467] [ziyue-mi300-vmss000005:386594:0]         parser.c:1686 UCX  WARN  unused env variable: UCX_HOME (set UCX_WARN_UNUSED_ENV_VARS=n to suppress this warning)
[1764060506.851424] [ziyue-mi300-vmss000005:386600:0]         parser.c:1686 UCX  WARN  unused env variable: UCX_HOME (set UCX_WARN_UNUSED_ENV_VARS=n to suppress this warning)
[1764060506.852580] [ziyue-mi300-vmss000005:386596:0]         parser.c:1686 UCX  WARN  unused env variable: UCX_HOME (set UCX_WARN_UNUSED_ENV_VARS=n to suppress this warning)
[1764060506.862481] [ziyue-mi300-vmss000005:386598:0]         parser.c:1686 UCX  WARN  unused env variable: UCX_HOME (set UCX_WARN_UNUSED_ENV_VARS=n to suppress this warning)
[1764060506.868406] [ziyue-mi300-vmss000005:386601:0]         parser.c:1686 UCX  WARN  unused env variable: UCX_HOME (set UCX_WARN_UNUSED_ENV_VARS=n to suppress this warning)
[1764060506.870171] [ziyue-mi300-vmss000005:386599:0]         parser.c:1686 UCX  WARN  unused env variable: UCX_HOME (set UCX_WARN_UNUSED_ENV_VARS=n to suppress this warning)
[1764060506.875636] [ziyue-mi300-vmss000005:386595:0]         parser.c:1686 UCX  WARN  unused env variable: UCX_HOME (set UCX_WARN_UNUSED_ENV_VARS=n to suppress this warning)
[1764060506.887103] [ziyue-mi300-vmss000005:386597:0]         parser.c:1686 UCX  WARN  unused env variable: UCX_HOME (set UCX_WARN_UNUSED_ENV_VARS=n to suppress this warning)
# Collective test starting: all_gather_perf
# nThread 1 nGpus 1 minBytes 1 maxBytes 4294967296 step: 2(factor) warmup iters: 20 iters: 100 agg iters: 1 validation: 1 graph: 0
#
rccl-tests: Version develop:db6ea5a
# Using devices
#  Rank  0 Group  0 Pid 386594 on ziyue-mi300-vmss000005 device  0 [0002:00:00] AMD Instinct MI300X VF
#  Rank  1 Group  0 Pid 386595 on ziyue-mi300-vmss000005 device  1 [0003:00:00] AMD Instinct MI300X VF
#  Rank  2 Group  0 Pid 386596 on ziyue-mi300-vmss000005 device  2 [0004:00:00] AMD Instinct MI300X VF
#  Rank  3 Group  0 Pid 386597 on ziyue-mi300-vmss000005 device  3 [0005:00:00] AMD Instinct MI300X VF
#  Rank  4 Group  0 Pid 386598 on ziyue-mi300-vmss000005 device  4 [0006:00:00] AMD Instinct MI300X VF
#  Rank  5 Group  0 Pid 386599 on ziyue-mi300-vmss000005 device  5 [0007:00:00] AMD Instinct MI300X VF
#  Rank  6 Group  0 Pid 386600 on ziyue-mi300-vmss000005 device  6 [0008:00:00] AMD Instinct MI300X VF
#  Rank  7 Group  0 Pid 386601 on ziyue-mi300-vmss000005 device  7 [0009:00:00] AMD Instinct MI300X VF
RCCL version : 2.21.5-HEAD:eef7b29
HIP version  : 6.3.42131-fa1d09cbd
ROCm version : 6.3.0.0-39-ce2be3b
Hostname     : ziyue-mi300-vmss000005
Librccl path : /opt/rocm/lib/librccl.so
#
#                                                              out-of-place                       in-place          
#       size         count      type   redop    root     time   algbw   busbw #wrong     time   algbw   busbw #wrong                               
#        (B)    (elements)                               (us)  (GB/s)  (GB/s)            (us)  (GB/s)  (GB/s)                                      
           0             0     float    none      -1     0.20    0.00    0.00      0     0.19    0.00    0.00      0
           0             0     float    none      -1     0.19    0.00    0.00      0     0.19    0.00    0.00      0
           0             0     float    none      -1     0.19    0.00    0.00      0     0.19    0.00    0.00      0
           0             0     float    none      -1     0.19    0.00    0.00      0     0.19    0.00    0.00      0
           0             0     float    none      -1     0.19    0.00    0.00      0     0.19    0.00    0.00      0
           0             0     float    none      -1     0.19    0.00    0.00      0     0.19    0.00    0.00      0
           0             0     float    none      -1     0.20    0.00    0.00      0     0.19    0.00    0.00      0
         128             4     float    none      -1    18.09    0.01    0.01      0    15.99    0.01    0.01      0
         256             8     float    none      -1    17.76    0.01    0.01      0    16.55    0.02    0.01      0
         512            16     float    none      -1    17.69    0.03    0.03      0    17.10    0.03    0.03      0
        1024            32     float    none      -1    17.68    0.06    0.05      0    16.72    0.06    0.05      0
        2048            64     float    none      -1    18.17    0.11    0.10      0    17.89    0.11    0.10      0
        4096           128     float    none      -1    18.34    0.22    0.20      0    17.30    0.24    0.21      0
        8192           256     float    none      -1    18.54    0.44    0.39      0    17.83    0.46    0.40      0
       16384           512     float    none      -1    19.02    0.86    0.75      0    18.72    0.88    0.77      0
       32768          1024     float    none      -1    19.20    1.71    1.49      0    23.28    1.41    1.23      0
       65536          2048     float    none      -1    19.24    3.41    2.98      0    32.09    2.04    1.79      0
      131072          4096     float    none      -1    19.42    6.75    5.91      0    49.98    2.62    2.29      0
      262144          8192     float    none      -1    19.40   13.51   11.82      0    95.21    2.75    2.41      0
      524288         16384     float    none      -1    33.32   15.73   13.77      0    190.2    2.76    2.41      0
     1048576         32768     float    none      -1    35.30   29.71   25.99      0    376.6    2.78    2.44      0
     2097152         65536     float    none      -1    39.37   53.27   46.61      0    752.1    2.79    2.44      0
     4194304        131072     float    none      -1    47.04   89.17   78.02      0   1495.8    2.80    2.45      0
     8388608        262144     float    none      -1    59.76  140.38  122.83      0   2987.2    2.81    2.46      0
    16777216        524288     float    none      -1    95.99  174.79  152.94      0   5996.7    2.80    2.45      0
    33554432       1048576     float    none      -1    141.9  236.43  206.88      0    12027    2.79    2.44      0
    67108864       2097152     float    none      -1    236.1  284.26  248.73      0    23948    2.80    2.45      0
   134217728       4194304     float    none      -1    423.7  316.75  277.16      0    47828    2.81    2.46      0
   268435456       8388608     float    none      -1    807.0  332.63  291.05      0    95611    2.81    2.46      0
   536870912      16777216     float    none      -1   1568.5  342.28  299.49      0   191408    2.80    2.45      0
  1073741824      33554432     float    none      -1   3084.0  348.16  304.64      0   383914    2.80    2.45      0
  2147483648      67108864     float    none      -1   6076.5  353.41  309.23      0   769622    2.79    2.44      0
  4294967296     134217728     float    none      -1    12147  353.59  309.39      0  1541392    2.79    2.44      0
# Errors with asterisks indicate errors that have exceeded the maximum threshold.
# Out of bounds values : 0 OK
# Avg bus bandwidth    : 41.7274 
#
# Collective test concluded: all_gather_perf

