[1764059583.260485] [ziyue-mi300-vmss000005:385934:0]         parser.c:1686 UCX  WARN  unused env variable: UCX_HOME (set UCX_WARN_UNUSED_ENV_VARS=n to suppress this warning)
[1764059583.279778] [ziyue-mi300-vmss000005:385936:0]         parser.c:1686 UCX  WARN  unused env variable: UCX_HOME (set UCX_WARN_UNUSED_ENV_VARS=n to suppress this warning)
[1764059583.280770] [ziyue-mi300-vmss000005:385932:0]         parser.c:1686 UCX  WARN  unused env variable: UCX_HOME (set UCX_WARN_UNUSED_ENV_VARS=n to suppress this warning)
[1764059583.281077] [ziyue-mi300-vmss000005:385937:0]         parser.c:1686 UCX  WARN  unused env variable: UCX_HOME (set UCX_WARN_UNUSED_ENV_VARS=n to suppress this warning)
[1764059583.281326] [ziyue-mi300-vmss000005:385935:0]         parser.c:1686 UCX  WARN  unused env variable: UCX_HOME (set UCX_WARN_UNUSED_ENV_VARS=n to suppress this warning)
[1764059583.284658] [ziyue-mi300-vmss000005:385930:0]         parser.c:1686 UCX  WARN  unused env variable: UCX_HOME (set UCX_WARN_UNUSED_ENV_VARS=n to suppress this warning)
[1764059583.295585] [ziyue-mi300-vmss000005:385933:0]         parser.c:1686 UCX  WARN  unused env variable: UCX_HOME (set UCX_WARN_UNUSED_ENV_VARS=n to suppress this warning)
[1764059583.299548] [ziyue-mi300-vmss000005:385931:0]         parser.c:1686 UCX  WARN  unused env variable: UCX_HOME (set UCX_WARN_UNUSED_ENV_VARS=n to suppress this warning)
# Collective test starting: all_gather_perf
# nThread 1 nGpus 1 minBytes 1 maxBytes 4294967296 step: 2(factor) warmup iters: 20 iters: 100 agg iters: 1 validation: 1 graph: 0
#
rccl-tests: Version develop:db6ea5a
# Using devices
#  Rank  0 Group  0 Pid 385930 on ziyue-mi300-vmss000005 device  0 [0002:00:00] AMD Instinct MI300X VF
#  Rank  1 Group  0 Pid 385931 on ziyue-mi300-vmss000005 device  1 [0003:00:00] AMD Instinct MI300X VF
#  Rank  2 Group  0 Pid 385932 on ziyue-mi300-vmss000005 device  2 [0004:00:00] AMD Instinct MI300X VF
#  Rank  3 Group  0 Pid 385933 on ziyue-mi300-vmss000005 device  3 [0005:00:00] AMD Instinct MI300X VF
#  Rank  4 Group  0 Pid 385934 on ziyue-mi300-vmss000005 device  4 [0006:00:00] AMD Instinct MI300X VF
#  Rank  5 Group  0 Pid 385935 on ziyue-mi300-vmss000005 device  5 [0007:00:00] AMD Instinct MI300X VF
#  Rank  6 Group  0 Pid 385936 on ziyue-mi300-vmss000005 device  6 [0008:00:00] AMD Instinct MI300X VF
#  Rank  7 Group  0 Pid 385937 on ziyue-mi300-vmss000005 device  7 [0009:00:00] AMD Instinct MI300X VF
RCCL version : 2.21.5-HEAD:eef7b29
HIP version  : 6.3.42131-fa1d09cbd
ROCm version : 6.3.0.0-39-ce2be3b
Hostname     : ziyue-mi300-vmss000005
Librccl path : /opt/rocm/lib/librccl.so
#
#                                                              out-of-place                       in-place          
#       size         count      type   redop    root     time   algbw   busbw #wrong     time   algbw   busbw #wrong                               
#        (B)    (elements)                               (us)  (GB/s)  (GB/s)            (us)  (GB/s)  (GB/s)                                      
           0             0     float    none      -1     0.20    0.00    0.00      0     0.20    0.00    0.00      0
           0             0     float    none      -1     0.19    0.00    0.00      0     0.19    0.00    0.00      0
           0             0     float    none      -1     0.20    0.00    0.00      0     0.20    0.00    0.00      0
           0             0     float    none      -1     0.20    0.00    0.00      0     0.19    0.00    0.00      0
           0             0     float    none      -1     0.19    0.00    0.00      0     0.19    0.00    0.00      0
           0             0     float    none      -1     0.19    0.00    0.00      0     0.19    0.00    0.00      0
           0             0     float    none      -1     0.19    0.00    0.00      0     0.19    0.00    0.00      0
         128             4     float    none      -1    18.06    0.01    0.01      0    213.4    0.00    0.00      0
         256             8     float    none      -1    17.69    0.01    0.01      0    213.6    0.00    0.00      0
         512            16     float    none      -1    17.59    0.03    0.03      0    213.8    0.00    0.00      0
        1024            32     float    none      -1    17.62    0.06    0.05      0    213.6    0.00    0.00      0
        2048            64     float    none      -1    18.12    0.11    0.10      0    214.2    0.01    0.01      0
        4096           128     float    none      -1    18.23    0.22    0.20      0    213.1    0.02    0.02      0
        8192           256     float    none      -1    18.48    0.44    0.39      0    213.1    0.04    0.03      0
       16384           512     float    none      -1    18.84    0.87    0.76      0    217.2    0.08    0.07      0
       32768          1024     float    none      -1    19.13    1.71    1.50      0    217.8    0.15    0.13      0
       65536          2048     float    none      -1    19.31    3.39    2.97      0    223.2    0.29    0.26      0
      131072          4096     float    none      -1    19.77    6.63    5.80      0    235.7    0.56    0.49      0
      262144          8192     float    none      -1    19.58   13.39   11.71      0    281.5    0.93    0.81      0
      524288         16384     float    none      -1    33.33   15.73   13.77      0    349.3    1.50    1.31      0
     1048576         32768     float    none      -1    35.33   29.68   25.97      0    466.1    2.25    1.97      0
     2097152         65536     float    none      -1    39.33   53.32   46.66      0    715.9    2.93    2.56      0
     4194304        131072     float    none      -1    46.94   89.35   78.18      0   1178.8    3.56    3.11      0
     8388608        262144     float    none      -1    59.77  140.36  122.81      0   2111.8    3.97    3.48      0
    16777216        524288     float    none      -1    96.24  174.33  152.53      0   4017.4    4.18    3.65      0
    33554432       1048576     float    none      -1    142.4  235.63  206.17      0   7838.5    4.28    3.75      0
    67108864       2097152     float    none      -1    236.3  283.98  248.48      0    16003    4.19    3.67      0
   134217728       4194304     float    none      -1    423.2  317.14  277.49      0    31128    4.31    3.77      0
   268435456       8388608     float    none      -1    807.5  332.43  290.88      0    61486    4.37    3.82      0
   536870912      16777216     float    none      -1   1567.2  342.57  299.75      0   122529    4.38    3.83      0
  1073741824      33554432     float    none      -1   3078.5  348.78  305.19      0   244383    4.39    3.84      0
  2147483648      67108864     float    none      -1   6081.6  353.11  308.97      0   488433    4.40    3.85      0
  4294967296     134217728     float    none      -1    12086  355.37  310.94      0   977352    4.39    3.85      0
# Errors with asterisks indicate errors that have exceeded the maximum threshold.
# Out of bounds values : 0 OK
# Avg bus bandwidth    : 41.8123 
#
# Collective test concluded: all_gather_perf

