[1764059788.747667] [ziyue-mi300-vmss000005:386096:0]         parser.c:1686 UCX  WARN  unused env variable: UCX_HOME (set UCX_WARN_UNUSED_ENV_VARS=n to suppress this warning)
[1764059788.760391] [ziyue-mi300-vmss000005:386098:0]         parser.c:1686 UCX  WARN  unused env variable: UCX_HOME (set UCX_WARN_UNUSED_ENV_VARS=n to suppress this warning)
[1764059788.760344] [ziyue-mi300-vmss000005:386100:0]         parser.c:1686 UCX  WARN  unused env variable: UCX_HOME (set UCX_WARN_UNUSED_ENV_VARS=n to suppress this warning)
[1764059788.762259] [ziyue-mi300-vmss000005:386097:0]         parser.c:1686 UCX  WARN  unused env variable: UCX_HOME (set UCX_WARN_UNUSED_ENV_VARS=n to suppress this warning)
[1764059788.766652] [ziyue-mi300-vmss000005:386102:0]         parser.c:1686 UCX  WARN  unused env variable: UCX_HOME (set UCX_WARN_UNUSED_ENV_VARS=n to suppress this warning)
[1764059788.768059] [ziyue-mi300-vmss000005:386101:0]         parser.c:1686 UCX  WARN  unused env variable: UCX_HOME (set UCX_WARN_UNUSED_ENV_VARS=n to suppress this warning)
[1764059788.783400] [ziyue-mi300-vmss000005:386103:0]         parser.c:1686 UCX  WARN  unused env variable: UCX_HOME (set UCX_WARN_UNUSED_ENV_VARS=n to suppress this warning)
[1764059788.791781] [ziyue-mi300-vmss000005:386099:0]         parser.c:1686 UCX  WARN  unused env variable: UCX_HOME (set UCX_WARN_UNUSED_ENV_VARS=n to suppress this warning)
# Collective test starting: all_gather_perf
# nThread 1 nGpus 1 minBytes 1 maxBytes 4294967296 step: 2(factor) warmup iters: 20 iters: 100 agg iters: 1 validation: 1 graph: 0
#
rccl-tests: Version develop:db6ea5a
# Using devices
#  Rank  0 Group  0 Pid 386096 on ziyue-mi300-vmss000005 device  0 [0002:00:00] AMD Instinct MI300X VF
#  Rank  1 Group  0 Pid 386097 on ziyue-mi300-vmss000005 device  1 [0003:00:00] AMD Instinct MI300X VF
#  Rank  2 Group  0 Pid 386098 on ziyue-mi300-vmss000005 device  2 [0004:00:00] AMD Instinct MI300X VF
#  Rank  3 Group  0 Pid 386099 on ziyue-mi300-vmss000005 device  3 [0005:00:00] AMD Instinct MI300X VF
#  Rank  4 Group  0 Pid 386100 on ziyue-mi300-vmss000005 device  4 [0006:00:00] AMD Instinct MI300X VF
#  Rank  5 Group  0 Pid 386101 on ziyue-mi300-vmss000005 device  5 [0007:00:00] AMD Instinct MI300X VF
#  Rank  6 Group  0 Pid 386102 on ziyue-mi300-vmss000005 device  6 [0008:00:00] AMD Instinct MI300X VF
#  Rank  7 Group  0 Pid 386103 on ziyue-mi300-vmss000005 device  7 [0009:00:00] AMD Instinct MI300X VF
RCCL version : 2.21.5-HEAD:eef7b29
HIP version  : 6.3.42131-fa1d09cbd
ROCm version : 6.3.0.0-39-ce2be3b
Hostname     : ziyue-mi300-vmss000005
Librccl path : /opt/rocm/lib/librccl.so
#
#                                                              out-of-place                       in-place          
#       size         count      type   redop    root     time   algbw   busbw #wrong     time   algbw   busbw #wrong                               
#        (B)    (elements)                               (us)  (GB/s)  (GB/s)            (us)  (GB/s)  (GB/s)                                      
           0             0     float    none      -1     0.20    0.00    0.00      0     0.20    0.00    0.00      0
           0             0     float    none      -1     0.20    0.00    0.00      0     0.20    0.00    0.00      0
           0             0     float    none      -1     0.19    0.00    0.00      0     0.19    0.00    0.00      0
           0             0     float    none      -1     0.19    0.00    0.00      0     0.20    0.00    0.00      0
           0             0     float    none      -1     0.20    0.00    0.00      0     0.19    0.00    0.00      0
           0             0     float    none      -1     0.19    0.00    0.00      0     0.20    0.00    0.00      0
           0             0     float    none      -1     0.20    0.00    0.00      0     0.19    0.00    0.00      0
         128             4     float    none      -1    18.08    0.01    0.01      0    220.8    0.00    0.00      0
         256             8     float    none      -1    17.74    0.01    0.01      0    221.9    0.00    0.00      0
         512            16     float    none      -1    17.67    0.03    0.03      0    220.8    0.00    0.00      0
        1024            32     float    none      -1    17.64    0.06    0.05      0    220.5    0.00    0.00      0
        2048            64     float    none      -1    18.15    0.11    0.10      0    221.6    0.01    0.01      0
        4096           128     float    none      -1    18.29    0.22    0.20      0    220.1    0.02    0.02      0
        8192           256     float    none      -1    18.46    0.44    0.39      0    219.0    0.04    0.03      0
       16384           512     float    none      -1    18.94    0.86    0.76      0    223.2    0.07    0.06      0
       32768          1024     float    none      -1    19.15    1.71    1.50      0    223.4    0.15    0.13      0
       65536          2048     float    none      -1    19.23    3.41    2.98      0    229.4    0.29    0.25      0
      131072          4096     float    none      -1    19.50    6.72    5.88      0    263.6    0.50    0.44      0
      262144          8192     float    none      -1    19.45   13.48   11.79      0    285.5    0.92    0.80      0
      524288         16384     float    none      -1    33.29   15.75   13.78      0    343.1    1.53    1.34      0
     1048576         32768     float    none      -1    35.33   29.68   25.97      0    433.8    2.42    2.12      0
     2097152         65536     float    none      -1    39.40   53.23   46.57      0    636.4    3.30    2.88      0
     4194304        131072     float    none      -1    47.03   89.18   78.03      0   1031.7    4.07    3.56      0
     8388608        262144     float    none      -1    59.86  140.13  122.61      0   1803.8    4.65    4.07      0
    16777216        524288     float    none      -1    96.32  174.18  152.41      0   3358.5    5.00    4.37      0
    33554432       1048576     float    none      -1    142.3  235.87  206.39      0   6495.6    5.17    4.52      0
    67108864       2097152     float    none      -1    236.0  284.31  248.77      0    13298    5.05    4.42      0
   134217728       4194304     float    none      -1    424.0  316.54  276.97      0    25847    5.19    4.54      0
   268435456       8388608     float    none      -1    806.5  332.83  291.23      0    50882    5.28    4.62      0
   536870912      16777216     float    none      -1   1566.6  342.70  299.87      0   101149    5.31    4.64      0
  1073741824      33554432     float    none      -1   3077.2  348.94  305.32      0   201541    5.33    4.66      0
  2147483648      67108864     float    none      -1   6085.4  352.89  308.78      0   402223    5.34    4.67      0
  4294967296     134217728     float    none      -1    12083  355.47  311.03      0   804626    5.34    4.67      0
# Errors with asterisks indicate errors that have exceeded the maximum threshold.
# Out of bounds values : 0 OK
# Avg bus bandwidth    : 41.9432 
#
# Collective test concluded: all_gather_perf

