[1764061154.803156] [ziyue-mi300-vmss000005:387424:0]         parser.c:1686 UCX  WARN  unused env variable: UCX_HOME (set UCX_WARN_UNUSED_ENV_VARS=n to suppress this warning)
[1764061154.817205] [ziyue-mi300-vmss000005:387426:0]         parser.c:1686 UCX  WARN  unused env variable: UCX_HOME (set UCX_WARN_UNUSED_ENV_VARS=n to suppress this warning)
[1764061154.826160] [ziyue-mi300-vmss000005:387428:0]         parser.c:1686 UCX  WARN  unused env variable: UCX_HOME (set UCX_WARN_UNUSED_ENV_VARS=n to suppress this warning)
[1764061154.832664] [ziyue-mi300-vmss000005:387431:0]         parser.c:1686 UCX  WARN  unused env variable: UCX_HOME (set UCX_WARN_UNUSED_ENV_VARS=n to suppress this warning)
[1764061154.835775] [ziyue-mi300-vmss000005:387429:0]         parser.c:1686 UCX  WARN  unused env variable: UCX_HOME (set UCX_WARN_UNUSED_ENV_VARS=n to suppress this warning)
[1764061154.844800] [ziyue-mi300-vmss000005:387425:0]         parser.c:1686 UCX  WARN  unused env variable: UCX_HOME (set UCX_WARN_UNUSED_ENV_VARS=n to suppress this warning)
[1764061154.848287] [ziyue-mi300-vmss000005:387427:0]         parser.c:1686 UCX  WARN  unused env variable: UCX_HOME (set UCX_WARN_UNUSED_ENV_VARS=n to suppress this warning)
[1764061154.852769] [ziyue-mi300-vmss000005:387430:0]         parser.c:1686 UCX  WARN  unused env variable: UCX_HOME (set UCX_WARN_UNUSED_ENV_VARS=n to suppress this warning)
# Collective test starting: all_gather_perf
# nThread 1 nGpus 1 minBytes 1 maxBytes 4294967296 step: 2(factor) warmup iters: 20 iters: 100 agg iters: 1 validation: 1 graph: 0
#
rccl-tests: Version develop:db6ea5a
# Using devices
#  Rank  0 Group  0 Pid 387424 on ziyue-mi300-vmss000005 device  0 [0002:00:00] AMD Instinct MI300X VF
#  Rank  1 Group  0 Pid 387425 on ziyue-mi300-vmss000005 device  1 [0003:00:00] AMD Instinct MI300X VF
#  Rank  2 Group  0 Pid 387426 on ziyue-mi300-vmss000005 device  2 [0004:00:00] AMD Instinct MI300X VF
#  Rank  3 Group  0 Pid 387427 on ziyue-mi300-vmss000005 device  3 [0005:00:00] AMD Instinct MI300X VF
#  Rank  4 Group  0 Pid 387428 on ziyue-mi300-vmss000005 device  4 [0006:00:00] AMD Instinct MI300X VF
#  Rank  5 Group  0 Pid 387429 on ziyue-mi300-vmss000005 device  5 [0007:00:00] AMD Instinct MI300X VF
#  Rank  6 Group  0 Pid 387430 on ziyue-mi300-vmss000005 device  6 [0008:00:00] AMD Instinct MI300X VF
#  Rank  7 Group  0 Pid 387431 on ziyue-mi300-vmss000005 device  7 [0009:00:00] AMD Instinct MI300X VF
RCCL version : 2.21.5-HEAD:eef7b29
HIP version  : 6.3.42131-fa1d09cbd
ROCm version : 6.3.0.0-39-ce2be3b
Hostname     : ziyue-mi300-vmss000005
Librccl path : /opt/rocm/lib/librccl.so
#
#                                                              out-of-place                       in-place          
#       size         count      type   redop    root     time   algbw   busbw #wrong     time   algbw   busbw #wrong                               
#        (B)    (elements)                               (us)  (GB/s)  (GB/s)            (us)  (GB/s)  (GB/s)                                      
           0             0     float    none      -1     0.20    0.00    0.00      0     0.20    0.00    0.00      0
           0             0     float    none      -1     0.19    0.00    0.00      0     0.20    0.00    0.00      0
           0             0     float    none      -1     0.19    0.00    0.00      0     0.20    0.00    0.00      0
           0             0     float    none      -1     0.19    0.00    0.00      0     0.20    0.00    0.00      0
           0             0     float    none      -1     0.19    0.00    0.00      0     0.20    0.00    0.00      0
           0             0     float    none      -1     0.20    0.00    0.00      0     0.19    0.00    0.00      0
           0             0     float    none      -1     0.19    0.00    0.00      0     0.20    0.00    0.00      0
         128             4     float    none      -1    18.14    0.01    0.01      0    35.72    0.00    0.00      0
         256             8     float    none      -1    17.73    0.01    0.01      0    35.76    0.01    0.01      0
         512            16     float    none      -1    17.74    0.03    0.03      0    35.25    0.01    0.01      0
        1024            32     float    none      -1    17.68    0.06    0.05      0    35.11    0.03    0.03      0
        2048            64     float    none      -1    18.18    0.11    0.10      0    35.68    0.06    0.05      0
        4096           128     float    none      -1    18.30    0.22    0.20      0    35.27    0.12    0.10      0
        8192           256     float    none      -1    18.61    0.44    0.39      0    35.80    0.23    0.20      0
       16384           512     float    none      -1    18.96    0.86    0.76      0    35.45    0.46    0.40      0
       32768          1024     float    none      -1    19.21    1.71    1.49      0    35.38    0.93    0.81      0
       65536          2048     float    none      -1    19.50    3.36    2.94      0    36.79    1.78    1.56      0
      131072          4096     float    none      -1    19.48    6.73    5.89      0    39.21    3.34    2.92      0
      262144          8192     float    none      -1    19.41   13.50   11.82      0    50.27    5.21    4.56      0
      524288         16384     float    none      -1    33.36   15.72   13.75      0    67.76    7.74    6.77      0
     1048576         32768     float    none      -1    35.28   29.72   26.01      0    101.3   10.35    9.06      0
     2097152         65536     float    none      -1    39.41   53.22   46.57      0    168.6   12.44   10.88      0
     4194304        131072     float    none      -1    47.03   89.19   78.04      0    301.1   13.93   12.19      0
     8388608        262144     float    none      -1    59.84  140.18  122.66      0    563.4   14.89   13.03      0
    16777216        524288     float    none      -1    96.19  174.42  152.62      0   1062.2   15.79   13.82      0
    33554432       1048576     float    none      -1    142.6  235.36  205.94      0   1840.5   18.23   15.95      0
    67108864       2097152     float    none      -1    236.2  284.14  248.62      0   3436.6   19.53   17.09      0
   134217728       4194304     float    none      -1    424.0  316.55  276.98      0   7088.9   18.93   16.57      0
   268435456       8388608     float    none      -1    807.1  332.59  291.01      0    13633   19.69   17.23      0
   536870912      16777216     float    none      -1   1568.3  342.33  299.54      0    26445   20.30   17.76      0
  1073741824      33554432     float    none      -1   3079.1  348.72  305.13      0    52259   20.55   17.98      0
  2147483648      67108864     float    none      -1   6080.9  353.15  309.01      0   104246   20.60   18.03      0
  4294967296     134217728     float    none      -1    12138  353.85  309.62      0   207326   20.72   18.13      0
# Errors with asterisks indicate errors that have exceeded the maximum threshold.
# Out of bounds values : 0 OK
# Avg bus bandwidth    : 44.3075 
#
# Collective test concluded: all_gather_perf

