[1764061088.560217] [ziyue-mi300-vmss000005:387094:0]         parser.c:1686 UCX  WARN  unused env variable: UCX_HOME (set UCX_WARN_UNUSED_ENV_VARS=n to suppress this warning)
[1764061088.560208] [ziyue-mi300-vmss000005:387096:0]         parser.c:1686 UCX  WARN  unused env variable: UCX_HOME (set UCX_WARN_UNUSED_ENV_VARS=n to suppress this warning)
[1764061088.560212] [ziyue-mi300-vmss000005:387098:0]         parser.c:1686 UCX  WARN  unused env variable: UCX_HOME (set UCX_WARN_UNUSED_ENV_VARS=n to suppress this warning)
[1764061088.580170] [ziyue-mi300-vmss000005:387092:0]         parser.c:1686 UCX  WARN  unused env variable: UCX_HOME (set UCX_WARN_UNUSED_ENV_VARS=n to suppress this warning)
[1764061088.580516] [ziyue-mi300-vmss000005:387097:0]         parser.c:1686 UCX  WARN  unused env variable: UCX_HOME (set UCX_WARN_UNUSED_ENV_VARS=n to suppress this warning)
[1764061088.587669] [ziyue-mi300-vmss000005:387093:0]         parser.c:1686 UCX  WARN  unused env variable: UCX_HOME (set UCX_WARN_UNUSED_ENV_VARS=n to suppress this warning)
[1764061088.590389] [ziyue-mi300-vmss000005:387095:0]         parser.c:1686 UCX  WARN  unused env variable: UCX_HOME (set UCX_WARN_UNUSED_ENV_VARS=n to suppress this warning)
[1764061088.594428] [ziyue-mi300-vmss000005:387099:0]         parser.c:1686 UCX  WARN  unused env variable: UCX_HOME (set UCX_WARN_UNUSED_ENV_VARS=n to suppress this warning)
# Collective test starting: all_gather_perf
# nThread 1 nGpus 1 minBytes 1 maxBytes 4294967296 step: 2(factor) warmup iters: 20 iters: 100 agg iters: 1 validation: 1 graph: 0
#
rccl-tests: Version develop:db6ea5a
# Using devices
#  Rank  0 Group  0 Pid 387092 on ziyue-mi300-vmss000005 device  0 [0002:00:00] AMD Instinct MI300X VF
#  Rank  1 Group  0 Pid 387093 on ziyue-mi300-vmss000005 device  1 [0003:00:00] AMD Instinct MI300X VF
#  Rank  2 Group  0 Pid 387094 on ziyue-mi300-vmss000005 device  2 [0004:00:00] AMD Instinct MI300X VF
#  Rank  3 Group  0 Pid 387095 on ziyue-mi300-vmss000005 device  3 [0005:00:00] AMD Instinct MI300X VF
#  Rank  4 Group  0 Pid 387096 on ziyue-mi300-vmss000005 device  4 [0006:00:00] AMD Instinct MI300X VF
#  Rank  5 Group  0 Pid 387097 on ziyue-mi300-vmss000005 device  5 [0007:00:00] AMD Instinct MI300X VF
#  Rank  6 Group  0 Pid 387098 on ziyue-mi300-vmss000005 device  6 [0008:00:00] AMD Instinct MI300X VF
#  Rank  7 Group  0 Pid 387099 on ziyue-mi300-vmss000005 device  7 [0009:00:00] AMD Instinct MI300X VF
RCCL version : 2.21.5-HEAD:eef7b29
HIP version  : 6.3.42131-fa1d09cbd
ROCm version : 6.3.0.0-39-ce2be3b
Hostname     : ziyue-mi300-vmss000005
Librccl path : /opt/rocm/lib/librccl.so
#
#                                                              out-of-place                       in-place          
#       size         count      type   redop    root     time   algbw   busbw #wrong     time   algbw   busbw #wrong                               
#        (B)    (elements)                               (us)  (GB/s)  (GB/s)            (us)  (GB/s)  (GB/s)                                      
           0             0     float    none      -1     0.20    0.00    0.00      0     0.20    0.00    0.00      0
           0             0     float    none      -1     0.19    0.00    0.00      0     0.19    0.00    0.00      0
           0             0     float    none      -1     0.19    0.00    0.00      0     0.19    0.00    0.00      0
           0             0     float    none      -1     0.19    0.00    0.00      0     0.20    0.00    0.00      0
           0             0     float    none      -1     0.19    0.00    0.00      0     0.19    0.00    0.00      0
           0             0     float    none      -1     0.19    0.00    0.00      0     0.19    0.00    0.00      0
           0             0     float    none      -1     0.19    0.00    0.00      0     0.19    0.00    0.00      0
         128             4     float    none      -1    18.01    0.01    0.01      0    39.53    0.00    0.00      0
         256             8     float    none      -1    17.68    0.01    0.01      0    39.47    0.01    0.01      0
         512            16     float    none      -1    17.56    0.03    0.03      0    39.31    0.01    0.01      0
        1024            32     float    none      -1    17.64    0.06    0.05      0    39.36    0.03    0.02      0
        2048            64     float    none      -1    18.14    0.11    0.10      0    39.39    0.05    0.05      0
        4096           128     float    none      -1    18.32    0.22    0.20      0    39.43    0.10    0.09      0
        8192           256     float    none      -1    18.48    0.44    0.39      0    39.46    0.21    0.18      0
       16384           512     float    none      -1    18.92    0.87    0.76      0    39.54    0.41    0.36      0
       32768          1024     float    none      -1    19.15    1.71    1.50      0    39.41    0.83    0.73      0
       65536          2048     float    none      -1    19.24    3.41    2.98      0    40.76    1.61    1.41      0
      131072          4096     float    none      -1    19.44    6.74    5.90      0    43.02    3.05    2.67      0
      262144          8192     float    none      -1    19.39   13.52   11.83      0    54.01    4.85    4.25      0
      524288         16384     float    none      -1    33.23   15.78   13.80      0    85.22    6.15    5.38      0
     1048576         32768     float    none      -1    35.31   29.70   25.99      0    128.0    8.19    7.17      0
     2097152         65536     float    none      -1    39.37   53.26   46.61      0    211.5    9.92    8.68      0
     4194304        131072     float    none      -1    46.98   89.27   78.11      0    374.4   11.20    9.80      0
     8388608        262144     float    none      -1    59.79  140.29  122.76      0    701.3   11.96   10.47      0
    16777216        524288     float    none      -1    95.89  174.97  153.10      0   1351.2   12.42   10.86      0
    33554432       1048576     float    none      -1    142.0  236.25  206.72      0   2699.3   12.43   10.88      0
    67108864       2097152     float    none      -1    235.7  284.68  249.09      0   5401.2   12.42   10.87      0
   134217728       4194304     float    none      -1    423.6  316.87  277.26      0    10789   12.44   10.89      0
   268435456       8388608     float    none      -1    806.8  332.73  291.14      0    21554   12.45   10.90      0
   536870912      16777216     float    none      -1   1567.4  342.52  299.70      0    43220   12.42   10.87      0
  1073741824      33554432     float    none      -1   3077.4  348.91  305.30      0    86520   12.41   10.86      0
  2147483648      67108864     float    none      -1   6078.6  353.29  309.13      0   173086   12.41   10.86      0
