[1764061007.724993] [ziyue-mi300-vmss000005:386932:0]         parser.c:1686 UCX  WARN  unused env variable: UCX_HOME (set UCX_WARN_UNUSED_ENV_VARS=n to suppress this warning)
[1764061007.726996] [ziyue-mi300-vmss000005:386926:0]         parser.c:1686 UCX  WARN  unused env variable: UCX_HOME (set UCX_WARN_UNUSED_ENV_VARS=n to suppress this warning)
[1764061007.736092] [ziyue-mi300-vmss000005:386933:0]         parser.c:1686 UCX  WARN  unused env variable: UCX_HOME (set UCX_WARN_UNUSED_ENV_VARS=n to suppress this warning)
[1764061007.737031] [ziyue-mi300-vmss000005:386927:0]         parser.c:1686 UCX  WARN  unused env variable: UCX_HOME (set UCX_WARN_UNUSED_ENV_VARS=n to suppress this warning)
[1764061007.739206] [ziyue-mi300-vmss000005:386930:0]         parser.c:1686 UCX  WARN  unused env variable: UCX_HOME (set UCX_WARN_UNUSED_ENV_VARS=n to suppress this warning)
[1764061007.749061] [ziyue-mi300-vmss000005:386931:0]         parser.c:1686 UCX  WARN  unused env variable: UCX_HOME (set UCX_WARN_UNUSED_ENV_VARS=n to suppress this warning)
[1764061007.749700] [ziyue-mi300-vmss000005:386929:0]         parser.c:1686 UCX  WARN  unused env variable: UCX_HOME (set UCX_WARN_UNUSED_ENV_VARS=n to suppress this warning)
[1764061007.759226] [ziyue-mi300-vmss000005:386928:0]         parser.c:1686 UCX  WARN  unused env variable: UCX_HOME (set UCX_WARN_UNUSED_ENV_VARS=n to suppress this warning)
# Collective test starting: all_gather_perf
# nThread 1 nGpus 1 minBytes 1 maxBytes 4294967296 step: 2(factor) warmup iters: 20 iters: 100 agg iters: 1 validation: 1 graph: 0
#
rccl-tests: Version develop:db6ea5a
# Using devices
#  Rank  0 Group  0 Pid 386926 on ziyue-mi300-vmss000005 device  0 [0002:00:00] AMD Instinct MI300X VF
#  Rank  1 Group  0 Pid 386927 on ziyue-mi300-vmss000005 device  1 [0003:00:00] AMD Instinct MI300X VF
#  Rank  2 Group  0 Pid 386928 on ziyue-mi300-vmss000005 device  2 [0004:00:00] AMD Instinct MI300X VF
#  Rank  3 Group  0 Pid 386929 on ziyue-mi300-vmss000005 device  3 [0005:00:00] AMD Instinct MI300X VF
#  Rank  4 Group  0 Pid 386930 on ziyue-mi300-vmss000005 device  4 [0006:00:00] AMD Instinct MI300X VF
#  Rank  5 Group  0 Pid 386931 on ziyue-mi300-vmss000005 device  5 [0007:00:00] AMD Instinct MI300X VF
#  Rank  6 Group  0 Pid 386932 on ziyue-mi300-vmss000005 device  6 [0008:00:00] AMD Instinct MI300X VF
#  Rank  7 Group  0 Pid 386933 on ziyue-mi300-vmss000005 device  7 [0009:00:00] AMD Instinct MI300X VF
RCCL version : 2.21.5-HEAD:eef7b29
HIP version  : 6.3.42131-fa1d09cbd
ROCm version : 6.3.0.0-39-ce2be3b
Hostname     : ziyue-mi300-vmss000005
Librccl path : /opt/rocm/lib/librccl.so
#
#                                                              out-of-place                       in-place          
#       size         count      type   redop    root     time   algbw   busbw #wrong     time   algbw   busbw #wrong                               
#        (B)    (elements)                               (us)  (GB/s)  (GB/s)            (us)  (GB/s)  (GB/s)                                      
           0             0     float    none      -1     0.20    0.00    0.00      0     0.20    0.00    0.00      0
           0             0     float    none      -1     0.19    0.00    0.00      0     0.20    0.00    0.00      0
           0             0     float    none      -1     0.20    0.00    0.00      0     0.20    0.00    0.00      0
           0             0     float    none      -1     0.19    0.00    0.00      0     0.20    0.00    0.00      0
           0             0     float    none      -1     0.20    0.00    0.00      0     0.19    0.00    0.00      0
           0             0     float    none      -1     0.20    0.00    0.00      0     0.20    0.00    0.00      0
           0             0     float    none      -1     0.19    0.00    0.00      0     0.20    0.00    0.00      0
         128             4     float    none      -1    18.25    0.01    0.01      0    16.85    0.01    0.01      0
         256             8     float    none      -1    17.75    0.01    0.01      0    16.84    0.02    0.01      0
         512            16     float    none      -1    17.66    0.03    0.03      0    16.66    0.03    0.03      0
        1024            32     float    none      -1    17.68    0.06    0.05      0    17.39    0.06    0.05      0
        2048            64     float    none      -1    18.23    0.11    0.10      0    17.66    0.12    0.10      0
        4096           128     float    none      -1    18.35    0.22    0.20      0    17.79    0.23    0.20      0
        8192           256     float    none      -1    18.52    0.44    0.39      0    18.15    0.45    0.39      0
       16384           512     float    none      -1    18.95    0.86    0.76      0    18.40    0.89    0.78      0
       32768          1024     float    none      -1    19.26    1.70    1.49      0    23.13    1.42    1.24      0
       65536          2048     float    none      -1    19.47    3.37    2.94      0    32.27    2.03    1.78      0
      131072          4096     float    none      -1    19.70    6.65    5.82      0    49.92    2.63    2.30      0
      262144          8192     float    none      -1    19.51   13.44   11.76      0    60.78    4.31    3.77      0
      524288         16384     float    none      -1    33.23   15.78   13.81      0    83.97    6.24    5.46      0
     1048576         32768     float    none      -1    35.23   29.76   26.04      0    128.0    8.19    7.17      0
     2097152         65536     float    none      -1    39.31   53.36   46.69      0    216.7    9.68    8.47      0
     4194304        131072     float    none      -1    46.98   89.29   78.13      0    395.4   10.61    9.28      0
     8388608        262144     float    none      -1    60.04  139.71  122.25      0    752.8   11.14    9.75      0
    16777216        524288     float    none      -1    96.09  174.60  152.77      0   1470.1   11.41    9.99      0
    33554432       1048576     float    none      -1    142.0  236.34  206.80      0   2877.7   11.66   10.20      0
    67108864       2097152     float    none      -1    236.5  283.79  248.31      0   5754.6   11.66   10.20      0
   134217728       4194304     float    none      -1    424.1  316.47  276.92      0    11520   11.65   10.19      0
   268435456       8388608     float    none      -1    806.4  332.88  291.27      0    23028   11.66   10.20      0
   536870912      16777216     float    none      -1   1569.7  342.01  299.26      0    46080   11.65   10.19      0
  1073741824      33554432     float    none      -1   3076.8  348.98  305.36      0    92149   11.65   10.20      0
  2147483648      67108864     float    none      -1   6078.8  353.27  309.11      0   184157   11.66   10.20      0
  4294967296     134217728     float    none      -1    12091  355.23  310.82      0   368638   11.65   10.19      0
# Errors with asterisks indicate errors that have exceeded the maximum threshold.
# Out of bounds values : 0 OK
# Avg bus bandwidth    : 43.2341 
#
# Collective test concluded: all_gather_perf

