[1764059245.671267] [ziyue-mi300-vmss000005:385764:0]         parser.c:1686 UCX  WARN  unused env variable: UCX_HOME (set UCX_WARN_UNUSED_ENV_VARS=n to suppress this warning)
[1764059245.688717] [ziyue-mi300-vmss000005:385766:0]         parser.c:1686 UCX  WARN  unused env variable: UCX_HOME (set UCX_WARN_UNUSED_ENV_VARS=n to suppress this warning)
[1764059245.701457] [ziyue-mi300-vmss000005:385767:0]         parser.c:1686 UCX  WARN  unused env variable: UCX_HOME (set UCX_WARN_UNUSED_ENV_VARS=n to suppress this warning)
[1764059245.703599] [ziyue-mi300-vmss000005:385770:0]         parser.c:1686 UCX  WARN  unused env variable: UCX_HOME (set UCX_WARN_UNUSED_ENV_VARS=n to suppress this warning)
[1764059245.708336] [ziyue-mi300-vmss000005:385771:0]         parser.c:1686 UCX  WARN  unused env variable: UCX_HOME (set UCX_WARN_UNUSED_ENV_VARS=n to suppress this warning)
[1764059245.708912] [ziyue-mi300-vmss000005:385765:0]         parser.c:1686 UCX  WARN  unused env variable: UCX_HOME (set UCX_WARN_UNUSED_ENV_VARS=n to suppress this warning)
[1764059245.723833] [ziyue-mi300-vmss000005:385769:0]         parser.c:1686 UCX  WARN  unused env variable: UCX_HOME (set UCX_WARN_UNUSED_ENV_VARS=n to suppress this warning)
[1764059245.724601] [ziyue-mi300-vmss000005:385768:0]         parser.c:1686 UCX  WARN  unused env variable: UCX_HOME (set UCX_WARN_UNUSED_ENV_VARS=n to suppress this warning)
# Collective test starting: all_gather_perf
# nThread 1 nGpus 1 minBytes 1 maxBytes 4294967296 step: 2(factor) warmup iters: 20 iters: 100 agg iters: 1 validation: 1 graph: 0
#
rccl-tests: Version develop:db6ea5a
# Using devices
#  Rank  0 Group  0 Pid 385764 on ziyue-mi300-vmss000005 device  0 [0002:00:00] AMD Instinct MI300X VF
#  Rank  1 Group  0 Pid 385765 on ziyue-mi300-vmss000005 device  1 [0003:00:00] AMD Instinct MI300X VF
#  Rank  2 Group  0 Pid 385766 on ziyue-mi300-vmss000005 device  2 [0004:00:00] AMD Instinct MI300X VF
#  Rank  3 Group  0 Pid 385767 on ziyue-mi300-vmss000005 device  3 [0005:00:00] AMD Instinct MI300X VF
#  Rank  4 Group  0 Pid 385768 on ziyue-mi300-vmss000005 device  4 [0006:00:00] AMD Instinct MI300X VF
#  Rank  5 Group  0 Pid 385769 on ziyue-mi300-vmss000005 device  5 [0007:00:00] AMD Instinct MI300X VF
#  Rank  6 Group  0 Pid 385770 on ziyue-mi300-vmss000005 device  6 [0008:00:00] AMD Instinct MI300X VF
#  Rank  7 Group  0 Pid 385771 on ziyue-mi300-vmss000005 device  7 [0009:00:00] AMD Instinct MI300X VF
RCCL version : 2.21.5-HEAD:eef7b29
HIP version  : 6.3.42131-fa1d09cbd
ROCm version : 6.3.0.0-39-ce2be3b
Hostname     : ziyue-mi300-vmss000005
Librccl path : /opt/rocm/lib/librccl.so
#
#                                                              out-of-place                       in-place          
#       size         count      type   redop    root     time   algbw   busbw #wrong     time   algbw   busbw #wrong                               
#        (B)    (elements)                               (us)  (GB/s)  (GB/s)            (us)  (GB/s)  (GB/s)                                      
           0             0     float    none      -1     0.20    0.00    0.00      0     0.20    0.00    0.00      0
           0             0     float    none      -1     0.19    0.00    0.00      0     0.20    0.00    0.00      0
           0             0     float    none      -1     0.20    0.00    0.00      0     0.20    0.00    0.00      0
           0             0     float    none      -1     0.19    0.00    0.00      0     0.19    0.00    0.00      0
           0             0     float    none      -1     0.19    0.00    0.00      0     0.20    0.00    0.00      0
           0             0     float    none      -1     0.20    0.00    0.00      0     0.27    0.00    0.00      0
           0             0     float    none      -1     0.19    0.00    0.00      0     0.19    0.00    0.00      0
         128             4     float    none      -1    18.14    0.01    0.01      0    223.2    0.00    0.00      0
         256             8     float    none      -1    17.85    0.01    0.01      0    223.3    0.00    0.00      0
         512            16     float    none      -1    17.71    0.03    0.03      0    223.7    0.00    0.00      0
        1024            32     float    none      -1    17.68    0.06    0.05      0    223.8    0.00    0.00      0
        2048            64     float    none      -1    18.27    0.11    0.10      0    223.8    0.01    0.01      0
        4096           128     float    none      -1    18.38    0.22    0.20      0    223.8    0.02    0.02      0
        8192           256     float    none      -1    18.58    0.44    0.39      0    223.6    0.04    0.03      0
       16384           512     float    none      -1    19.08    0.86    0.75      0    228.8    0.07    0.06      0
       32768          1024     float    none      -1    19.38    1.69    1.48      0    229.8    0.14    0.12      0
       65536          2048     float    none      -1    19.28    3.40    2.97      0    241.8    0.27    0.24      0
      131072          4096     float    none      -1    19.45    6.74    5.90      0    279.1    0.47    0.41      0
      262144          8192     float    none      -1    19.44   13.48   11.80      0    328.8    0.80    0.70      0
      524288         16384     float    none      -1    33.29   15.75   13.78      0    431.2    1.22    1.06      0
     1048576         32768     float    none      -1    35.35   29.66   25.95      0    641.3    1.64    1.43      0
     2097152         65536     float    none      -1    39.31   53.35   46.68      0   1047.2    2.00    1.75      0
     4194304        131072     float    none      -1    47.11   89.04   77.91      0   1830.4    2.29    2.00      0
     8388608        262144     float    none      -1    59.87  140.11  122.60      0   3402.6    2.47    2.16      0
    16777216        524288     float    none      -1    95.81  175.12  153.23      0   6564.0    2.56    2.24      0
    33554432       1048576     float    none      -1    142.5  235.44  206.01      0    13393    2.51    2.19      0
    67108864       2097152     float    none      -1    235.4  285.07  249.44      0    26122    2.57    2.25      0
   134217728       4194304     float    none      -1    424.1  316.45  276.89      0    51462    2.61    2.28      0
   268435456       8388608     float    none      -1    808.1  332.20  290.67      0   102171    2.63    2.30      0
   536870912      16777216     float    none      -1   1568.3  342.33  299.54      0   203691    2.64    2.31      0
  1073741824      33554432     float    none      -1   3077.7  348.87  305.26      0   406277    2.64    2.31      0
  2147483648      67108864     float    none      -1   6083.4  353.01  308.88      0   811283    2.65    2.32      0
  4294967296     134217728     float    none      -1    12089  355.29  310.88      0  1621504    2.65    2.32      0
# Errors with asterisks indicate errors that have exceeded the maximum threshold.
# Out of bounds values : 0 OK
# Avg bus bandwidth    : 41.5442 
#
# Collective test concluded: all_gather_perf

