[1764060016.046464] [ziyue-mi300-vmss000005:386432:0]         parser.c:1686 UCX  WARN  unused env variable: UCX_HOME (set UCX_WARN_UNUSED_ENV_VARS=n to suppress this warning)
[1764060016.046563] [ziyue-mi300-vmss000005:386434:0]         parser.c:1686 UCX  WARN  unused env variable: UCX_HOME (set UCX_WARN_UNUSED_ENV_VARS=n to suppress this warning)
[1764060016.048257] [ziyue-mi300-vmss000005:386430:0]         parser.c:1686 UCX  WARN  unused env variable: UCX_HOME (set UCX_WARN_UNUSED_ENV_VARS=n to suppress this warning)
[1764060016.068613] [ziyue-mi300-vmss000005:386429:0]         parser.c:1686 UCX  WARN  unused env variable: UCX_HOME (set UCX_WARN_UNUSED_ENV_VARS=n to suppress this warning)
[1764060016.068571] [ziyue-mi300-vmss000005:386431:0]         parser.c:1686 UCX  WARN  unused env variable: UCX_HOME (set UCX_WARN_UNUSED_ENV_VARS=n to suppress this warning)
[1764060016.068391] [ziyue-mi300-vmss000005:386433:0]         parser.c:1686 UCX  WARN  unused env variable: UCX_HOME (set UCX_WARN_UNUSED_ENV_VARS=n to suppress this warning)
[1764060016.068313] [ziyue-mi300-vmss000005:386435:0]         parser.c:1686 UCX  WARN  unused env variable: UCX_HOME (set UCX_WARN_UNUSED_ENV_VARS=n to suppress this warning)
[1764060016.085550] [ziyue-mi300-vmss000005:386428:0]         parser.c:1686 UCX  WARN  unused env variable: UCX_HOME (set UCX_WARN_UNUSED_ENV_VARS=n to suppress this warning)
# Collective test starting: all_gather_perf
# nThread 1 nGpus 1 minBytes 1 maxBytes 4294967296 step: 2(factor) warmup iters: 20 iters: 100 agg iters: 1 validation: 1 graph: 0
#
rccl-tests: Version develop:db6ea5a
# Using devices
#  Rank  0 Group  0 Pid 386428 on ziyue-mi300-vmss000005 device  0 [0002:00:00] AMD Instinct MI300X VF
#  Rank  1 Group  0 Pid 386429 on ziyue-mi300-vmss000005 device  1 [0003:00:00] AMD Instinct MI300X VF
#  Rank  2 Group  0 Pid 386430 on ziyue-mi300-vmss000005 device  2 [0004:00:00] AMD Instinct MI300X VF
#  Rank  3 Group  0 Pid 386431 on ziyue-mi300-vmss000005 device  3 [0005:00:00] AMD Instinct MI300X VF
#  Rank  4 Group  0 Pid 386432 on ziyue-mi300-vmss000005 device  4 [0006:00:00] AMD Instinct MI300X VF
#  Rank  5 Group  0 Pid 386433 on ziyue-mi300-vmss000005 device  5 [0007:00:00] AMD Instinct MI300X VF
#  Rank  6 Group  0 Pid 386434 on ziyue-mi300-vmss000005 device  6 [0008:00:00] AMD Instinct MI300X VF
#  Rank  7 Group  0 Pid 386435 on ziyue-mi300-vmss000005 device  7 [0009:00:00] AMD Instinct MI300X VF
RCCL version : 2.21.5-HEAD:eef7b29
HIP version  : 6.3.42131-fa1d09cbd
ROCm version : 6.3.0.0-39-ce2be3b
Hostname     : ziyue-mi300-vmss000005
Librccl path : /opt/rocm/lib/librccl.so
#
#                                                              out-of-place                       in-place          
#       size         count      type   redop    root     time   algbw   busbw #wrong     time   algbw   busbw #wrong                               
#        (B)    (elements)                               (us)  (GB/s)  (GB/s)            (us)  (GB/s)  (GB/s)                                      
           0             0     float    none      -1     0.20    0.00    0.00      0     0.20    0.00    0.00      0
           0             0     float    none      -1     0.20    0.00    0.00      0     0.19    0.00    0.00      0
           0             0     float    none      -1     0.19    0.00    0.00      0     0.20    0.00    0.00      0
           0             0     float    none      -1     0.19    0.00    0.00      0     0.19    0.00    0.00      0
           0             0     float    none      -1     0.19    0.00    0.00      0     0.20    0.00    0.00      0
           0             0     float    none      -1     0.19    0.00    0.00      0     0.20    0.00    0.00      0
           0             0     float    none      -1     0.20    0.00    0.00      0     0.19    0.00    0.00      0
         128             4     float    none      -1    18.25    0.01    0.01      0    18.00    0.01    0.01      0
         256             8     float    none      -1    17.79    0.01    0.01      0    18.20    0.01    0.01      0
         512            16     float    none      -1    17.71    0.03    0.03      0    18.29    0.03    0.02      0
        1024            32     float    none      -1    17.79    0.06    0.05      0    18.81    0.05    0.05      0
        2048            64     float    none      -1    18.21    0.11    0.10      0    18.97    0.11    0.09      0
        4096           128     float    none      -1    18.36    0.22    0.20      0    19.12    0.21    0.19      0
        8192           256     float    none      -1    18.60    0.44    0.39      0    19.13    0.43    0.37      0
       16384           512     float    none      -1    18.98    0.86    0.76      0    19.66    0.83    0.73      0
       32768          1024     float    none      -1    19.23    1.70    1.49      0    28.28    1.16    1.01      0
       65536          2048     float    none      -1    19.31    3.39    2.97      0    43.83    1.50    1.31      0
      131072          4096     float    none      -1    19.46    6.74    5.89      0    76.68    1.71    1.50      0
      262144          8192     float    none      -1    19.40   13.51   11.82      0    150.0    1.75    1.53      0
      524288         16384     float    none      -1    33.02   15.88   13.89      0    300.1    1.75    1.53      0
     1048576         32768     float    none      -1    35.24   29.76   26.04      0    597.3    1.76    1.54      0
     2097152         65536     float    none      -1    39.33   53.32   46.65      0   1191.0    1.76    1.54      0
     4194304        131072     float    none      -1    47.04   89.17   78.03      0   2372.9    1.77    1.55      0
     8388608        262144     float    none      -1    59.75  140.40  122.85      0   4723.2    1.78    1.55      0
    16777216        524288     float    none      -1    95.99  174.79  152.94      0   9384.4    1.79    1.56      0
    33554432       1048576     float    none      -1    142.1  236.12  206.60      0    18570    1.81    1.58      0
    67108864       2097152     float    none      -1    235.7  284.67  249.09      0    37260    1.80    1.58      0
   134217728       4194304     float    none      -1    423.6  316.82  277.22      0    74900    1.79    1.57      0
   268435456       8388608     float    none      -1    807.1  332.58  291.01      0   150320    1.79    1.56      0
   536870912      16777216     float    none      -1   1569.1  342.15  299.38      0   299363    1.79    1.57      0
  1073741824      33554432     float    none      -1   3079.4  348.68  305.10      0   597364    1.80    1.57      0
  2147483648      67108864     float    none      -1   6089.4  352.66  308.58      0  1192901    1.80    1.58      0
  4294967296     134217728     float    none      -1    12076  355.65  311.19      0  2366820    1.81    1.59      0
# Errors with asterisks indicate errors that have exceeded the maximum threshold.
# Out of bounds values : 0 OK
# Avg bus bandwidth    : 41.5296 
#
# Collective test concluded: all_gather_perf

