[1764061134.861699] [ziyue-mi300-vmss000005:387261:0]         parser.c:1686 UCX  WARN  unused env variable: UCX_HOME (set UCX_WARN_UNUSED_ENV_VARS=n to suppress this warning)
[1764061134.867731] [ziyue-mi300-vmss000005:387259:0]         parser.c:1686 UCX  WARN  unused env variable: UCX_HOME (set UCX_WARN_UNUSED_ENV_VARS=n to suppress this warning)
[1764061134.867998] [ziyue-mi300-vmss000005:387263:0]         parser.c:1686 UCX  WARN  unused env variable: UCX_HOME (set UCX_WARN_UNUSED_ENV_VARS=n to suppress this warning)
[1764061134.871135] [ziyue-mi300-vmss000005:387258:0]         parser.c:1686 UCX  WARN  unused env variable: UCX_HOME (set UCX_WARN_UNUSED_ENV_VARS=n to suppress this warning)
[1764061134.871825] [ziyue-mi300-vmss000005:387262:0]         parser.c:1686 UCX  WARN  unused env variable: UCX_HOME (set UCX_WARN_UNUSED_ENV_VARS=n to suppress this warning)
[1764061134.872392] [ziyue-mi300-vmss000005:387264:0]         parser.c:1686 UCX  WARN  unused env variable: UCX_HOME (set UCX_WARN_UNUSED_ENV_VARS=n to suppress this warning)
[1764061134.887489] [ziyue-mi300-vmss000005:387260:0]         parser.c:1686 UCX  WARN  unused env variable: UCX_HOME (set UCX_WARN_UNUSED_ENV_VARS=n to suppress this warning)
[1764061134.888843] [ziyue-mi300-vmss000005:387265:0]         parser.c:1686 UCX  WARN  unused env variable: UCX_HOME (set UCX_WARN_UNUSED_ENV_VARS=n to suppress this warning)
# Collective test starting: all_gather_perf
# nThread 1 nGpus 1 minBytes 1 maxBytes 4294967296 step: 2(factor) warmup iters: 20 iters: 100 agg iters: 1 validation: 1 graph: 0
#
rccl-tests: Version develop:db6ea5a
# Using devices
#  Rank  0 Group  0 Pid 387258 on ziyue-mi300-vmss000005 device  0 [0002:00:00] AMD Instinct MI300X VF
#  Rank  1 Group  0 Pid 387259 on ziyue-mi300-vmss000005 device  1 [0003:00:00] AMD Instinct MI300X VF
#  Rank  2 Group  0 Pid 387260 on ziyue-mi300-vmss000005 device  2 [0004:00:00] AMD Instinct MI300X VF
#  Rank  3 Group  0 Pid 387261 on ziyue-mi300-vmss000005 device  3 [0005:00:00] AMD Instinct MI300X VF
#  Rank  4 Group  0 Pid 387262 on ziyue-mi300-vmss000005 device  4 [0006:00:00] AMD Instinct MI300X VF
#  Rank  5 Group  0 Pid 387263 on ziyue-mi300-vmss000005 device  5 [0007:00:00] AMD Instinct MI300X VF
#  Rank  6 Group  0 Pid 387264 on ziyue-mi300-vmss000005 device  6 [0008:00:00] AMD Instinct MI300X VF
#  Rank  7 Group  0 Pid 387265 on ziyue-mi300-vmss000005 device  7 [0009:00:00] AMD Instinct MI300X VF
RCCL version : 2.21.5-HEAD:eef7b29
HIP version  : 6.3.42131-fa1d09cbd
ROCm version : 6.3.0.0-39-ce2be3b
Hostname     : ziyue-mi300-vmss000005
Librccl path : /opt/rocm/lib/librccl.so
#
#                                                              out-of-place                       in-place          
#       size         count      type   redop    root     time   algbw   busbw #wrong     time   algbw   busbw #wrong                               
#        (B)    (elements)                               (us)  (GB/s)  (GB/s)            (us)  (GB/s)  (GB/s)                                      
           0             0     float    none      -1     0.20    0.00    0.00      0     0.19    0.00    0.00      0
           0             0     float    none      -1     0.20    0.00    0.00      0     0.19    0.00    0.00      0
           0             0     float    none      -1     0.19    0.00    0.00      0     0.20    0.00    0.00      0
           0             0     float    none      -1     0.20    0.00    0.00      0     0.19    0.00    0.00      0
           0             0     float    none      -1     0.19    0.00    0.00      0     0.20    0.00    0.00      0
           0             0     float    none      -1     0.19    0.00    0.00      0     0.19    0.00    0.00      0
           0             0     float    none      -1     0.19    0.00    0.00      0     0.20    0.00    0.00      0
         128             4     float    none      -1    17.88    0.01    0.01      0    35.64    0.00    0.00      0
         256             8     float    none      -1    17.54    0.01    0.01      0    35.37    0.01    0.01      0
         512            16     float    none      -1    17.42    0.03    0.03      0    35.56    0.01    0.01      0
        1024            32     float    none      -1    17.41    0.06    0.05      0    35.21    0.03    0.03      0
        2048            64     float    none      -1    17.97    0.11    0.10      0    35.98    0.06    0.05      0
        4096           128     float    none      -1    18.11    0.23    0.20      0    35.18    0.12    0.10      0
        8192           256     float    none      -1    18.31    0.45    0.39      0    35.56    0.23    0.20      0
       16384           512     float    none      -1    18.71    0.88    0.77      0    35.30    0.46    0.41      0
       32768          1024     float    none      -1    19.41    1.69    1.48      0    35.52    0.92    0.81      0
       65536          2048     float    none      -1    19.51    3.36    2.94      0    36.84    1.78    1.56      0
      131072          4096     float    none      -1    19.51    6.72    5.88      0    39.26    3.34    2.92      0
      262144          8192     float    none      -1    19.41   13.51   11.82      0    50.24    5.22    4.57      0
      524288         16384     float    none      -1    33.20   15.79   13.82      0    68.09    7.70    6.74      0
     1048576         32768     float    none      -1    35.34   29.67   25.96      0    100.9   10.39    9.09      0
     2097152         65536     float    none      -1    39.38   53.26   46.60      0    168.4   12.46   10.90      0
     4194304        131072     float    none      -1    47.06   89.13   77.99      0    296.0   14.17   12.40      0
     8388608        262144     float    none      -1    59.77  140.36  122.81      0    553.1   15.17   13.27      0
    16777216        524288     float    none      -1    96.26  174.28  152.50      0   1038.1   16.16   14.14      0
    33554432       1048576     float    none      -1    142.6  235.28  205.87      0   2020.9   16.60   14.53      0
    67108864       2097152     float    none      -1    236.4  283.85  248.37      0   3988.1   16.83   14.72      0
   134217728       4194304     float    none      -1    423.4  316.96  277.34      0   7953.4   16.88   14.77      0
   268435456       8388608     float    none      -1    806.7  332.75  291.15      0    15933   16.85   14.74      0
   536870912      16777216     float    none      -1   1567.1  342.59  299.77      0    31973   16.79   14.69      0
  1073741824      33554432     float    none      -1   3076.8  348.98  305.36      0    64248   16.71   14.62      0
