[1764059959.196993] [ziyue-mi300-vmss000005:386262:0]         parser.c:1686 UCX  WARN  unused env variable: UCX_HOME (set UCX_WARN_UNUSED_ENV_VARS=n to suppress this warning)
[1764059959.211410] [ziyue-mi300-vmss000005:386266:0]         parser.c:1686 UCX  WARN  unused env variable: UCX_HOME (set UCX_WARN_UNUSED_ENV_VARS=n to suppress this warning)
[1764059959.215650] [ziyue-mi300-vmss000005:386268:0]         parser.c:1686 UCX  WARN  unused env variable: UCX_HOME (set UCX_WARN_UNUSED_ENV_VARS=n to suppress this warning)
[1764059959.228802] [ziyue-mi300-vmss000005:386263:0]         parser.c:1686 UCX  WARN  unused env variable: UCX_HOME (set UCX_WARN_UNUSED_ENV_VARS=n to suppress this warning)
[1764059959.231021] [ziyue-mi300-vmss000005:386265:0]         parser.c:1686 UCX  WARN  unused env variable: UCX_HOME (set UCX_WARN_UNUSED_ENV_VARS=n to suppress this warning)
[1764059959.232313] [ziyue-mi300-vmss000005:386264:0]         parser.c:1686 UCX  WARN  unused env variable: UCX_HOME (set UCX_WARN_UNUSED_ENV_VARS=n to suppress this warning)
[1764059959.233861] [ziyue-mi300-vmss000005:386267:0]         parser.c:1686 UCX  WARN  unused env variable: UCX_HOME (set UCX_WARN_UNUSED_ENV_VARS=n to suppress this warning)
[1764059959.235506] [ziyue-mi300-vmss000005:386269:0]         parser.c:1686 UCX  WARN  unused env variable: UCX_HOME (set UCX_WARN_UNUSED_ENV_VARS=n to suppress this warning)
# Collective test starting: all_gather_perf
# nThread 1 nGpus 1 minBytes 1 maxBytes 4294967296 step: 2(factor) warmup iters: 20 iters: 100 agg iters: 1 validation: 1 graph: 0
#
rccl-tests: Version develop:db6ea5a
# Using devices
#  Rank  0 Group  0 Pid 386262 on ziyue-mi300-vmss000005 device  0 [0002:00:00] AMD Instinct MI300X VF
#  Rank  1 Group  0 Pid 386263 on ziyue-mi300-vmss000005 device  1 [0003:00:00] AMD Instinct MI300X VF
#  Rank  2 Group  0 Pid 386264 on ziyue-mi300-vmss000005 device  2 [0004:00:00] AMD Instinct MI300X VF
#  Rank  3 Group  0 Pid 386265 on ziyue-mi300-vmss000005 device  3 [0005:00:00] AMD Instinct MI300X VF
#  Rank  4 Group  0 Pid 386266 on ziyue-mi300-vmss000005 device  4 [0006:00:00] AMD Instinct MI300X VF
#  Rank  5 Group  0 Pid 386267 on ziyue-mi300-vmss000005 device  5 [0007:00:00] AMD Instinct MI300X VF
#  Rank  6 Group  0 Pid 386268 on ziyue-mi300-vmss000005 device  6 [0008:00:00] AMD Instinct MI300X VF
#  Rank  7 Group  0 Pid 386269 on ziyue-mi300-vmss000005 device  7 [0009:00:00] AMD Instinct MI300X VF
RCCL version : 2.21.5-HEAD:eef7b29
HIP version  : 6.3.42131-fa1d09cbd
ROCm version : 6.3.0.0-39-ce2be3b
Hostname     : ziyue-mi300-vmss000005
Librccl path : /opt/rocm/lib/librccl.so
#
#                                                              out-of-place                       in-place          
#       size         count      type   redop    root     time   algbw   busbw #wrong     time   algbw   busbw #wrong                               
#        (B)    (elements)                               (us)  (GB/s)  (GB/s)            (us)  (GB/s)  (GB/s)                                      
           0             0     float    none      -1     0.20    0.00    0.00      0     0.20    0.00    0.00      0
           0             0     float    none      -1     0.20    0.00    0.00      0     0.20    0.00    0.00      0
           0             0     float    none      -1     0.20    0.00    0.00      0     0.20    0.00    0.00      0
           0             0     float    none      -1     0.20    0.00    0.00      0     0.20    0.00    0.00      0
           0             0     float    none      -1     0.20    0.00    0.00      0     0.20    0.00    0.00      0
           0             0     float    none      -1     0.20    0.00    0.00      0     0.20    0.00    0.00      0
           0             0     float    none      -1     0.20    0.00    0.00      0     0.19    0.00    0.00      0
         128             4     float    none      -1    18.09    0.01    0.01      0    231.2    0.00    0.00      0
         256             8     float    none      -1    17.67    0.01    0.01      0    231.0    0.00    0.00      0
         512            16     float    none      -1    17.63    0.03    0.03      0    231.0    0.00    0.00      0
        1024            32     float    none      -1    17.65    0.06    0.05      0    231.4    0.00    0.00      0
        2048            64     float    none      -1    18.12    0.11    0.10      0    231.8    0.01    0.01      0
        4096           128     float    none      -1    18.29    0.22    0.20      0    230.7    0.02    0.02      0
        8192           256     float    none      -1    18.48    0.44    0.39      0    230.6    0.04    0.03      0
       16384           512     float    none      -1    18.95    0.86    0.76      0    233.1    0.07    0.06      0
       32768          1024     float    none      -1    19.21    1.71    1.49      0    233.4    0.14    0.12      0
       65536          2048     float    none      -1    19.14    3.42    3.00      0    258.7    0.25    0.22      0
      131072          4096     float    none      -1    19.40    6.76    5.91      0    270.1    0.49    0.42      0
      262144          8192     float    none      -1    19.47   13.46   11.78      0    289.2    0.91    0.79      0
      524288         16384     float    none      -1    33.29   15.75   13.78      0    322.2    1.63    1.42      0
     1048576         32768     float    none      -1    35.37   29.65   25.94      0    350.5    2.99    2.62      0
     2097152         65536     float    none      -1    39.41   53.22   46.57      0    412.3    5.09    4.45      0
     4194304        131072     float    none      -1    46.94   89.36   78.19      0    534.5    7.85    6.87      0
     8388608        262144     float    none      -1    59.83  140.20  122.68      0    788.3   10.64    9.31      0
    16777216        524288     float    none      -1    96.07  174.64  152.81      0   1274.9   13.16   11.51      0
    33554432       1048576     float    none      -1    142.1  236.14  206.62      0   2219.8   15.12   13.23      0
    67108864       2097152     float    none      -1    236.2  284.15  248.63      0   4141.4   16.20   14.18      0
   134217728       4194304     float    none      -1    424.0  316.54  276.97      0   8001.4   16.77   14.68      0
   268435456       8388608     float    none      -1    807.5  332.42  290.86      0    16239   16.53   14.46      0
   536870912      16777216     float    none      -1   1567.6  342.48  299.67      0    31687   16.94   14.83      0
  1073741824      33554432     float    none      -1   3078.5  348.79  305.19      0    62596   17.15   15.01      0
  2147483648      67108864     float    none      -1   6078.0  353.32  309.16      0   124534   17.24   15.09      0
  4294967296     134217728     float    none      -1    12087  355.34  310.93      0   248133   17.31   15.15      0
# Errors with asterisks indicate errors that have exceeded the maximum threshold.
# Out of bounds values : 0 OK
# Avg bus bandwidth    : 43.4272 
#
# Collective test concluded: all_gather_perf

