[1764060826.451000] [ziyue-mi300-vmss000005:386761:0]         parser.c:1686 UCX  WARN  unused env variable: UCX_HOME (set UCX_WARN_UNUSED_ENV_VARS=n to suppress this warning)
[1764060826.452257] [ziyue-mi300-vmss000005:386766:0]         parser.c:1686 UCX  WARN  unused env variable: UCX_HOME (set UCX_WARN_UNUSED_ENV_VARS=n to suppress this warning)
[1764060826.472098] [ziyue-mi300-vmss000005:386762:0]         parser.c:1686 UCX  WARN  unused env variable: UCX_HOME (set UCX_WARN_UNUSED_ENV_VARS=n to suppress this warning)
[1764060826.472096] [ziyue-mi300-vmss000005:386764:0]         parser.c:1686 UCX  WARN  unused env variable: UCX_HOME (set UCX_WARN_UNUSED_ENV_VARS=n to suppress this warning)
[1764060826.483400] [ziyue-mi300-vmss000005:386765:0]         parser.c:1686 UCX  WARN  unused env variable: UCX_HOME (set UCX_WARN_UNUSED_ENV_VARS=n to suppress this warning)
[1764060826.484067] [ziyue-mi300-vmss000005:386763:0]         parser.c:1686 UCX  WARN  unused env variable: UCX_HOME (set UCX_WARN_UNUSED_ENV_VARS=n to suppress this warning)
[1764060826.485786] [ziyue-mi300-vmss000005:386760:0]         parser.c:1686 UCX  WARN  unused env variable: UCX_HOME (set UCX_WARN_UNUSED_ENV_VARS=n to suppress this warning)
[1764060826.490927] [ziyue-mi300-vmss000005:386767:0]         parser.c:1686 UCX  WARN  unused env variable: UCX_HOME (set UCX_WARN_UNUSED_ENV_VARS=n to suppress this warning)
# Collective test starting: all_gather_perf
# nThread 1 nGpus 1 minBytes 1 maxBytes 4294967296 step: 2(factor) warmup iters: 20 iters: 100 agg iters: 1 validation: 1 graph: 0
#
rccl-tests: Version develop:db6ea5a
# Using devices
#  Rank  0 Group  0 Pid 386760 on ziyue-mi300-vmss000005 device  0 [0002:00:00] AMD Instinct MI300X VF
#  Rank  1 Group  0 Pid 386761 on ziyue-mi300-vmss000005 device  1 [0003:00:00] AMD Instinct MI300X VF
#  Rank  2 Group  0 Pid 386762 on ziyue-mi300-vmss000005 device  2 [0004:00:00] AMD Instinct MI300X VF
#  Rank  3 Group  0 Pid 386763 on ziyue-mi300-vmss000005 device  3 [0005:00:00] AMD Instinct MI300X VF
#  Rank  4 Group  0 Pid 386764 on ziyue-mi300-vmss000005 device  4 [0006:00:00] AMD Instinct MI300X VF
#  Rank  5 Group  0 Pid 386765 on ziyue-mi300-vmss000005 device  5 [0007:00:00] AMD Instinct MI300X VF
#  Rank  6 Group  0 Pid 386766 on ziyue-mi300-vmss000005 device  6 [0008:00:00] AMD Instinct MI300X VF
#  Rank  7 Group  0 Pid 386767 on ziyue-mi300-vmss000005 device  7 [0009:00:00] AMD Instinct MI300X VF
RCCL version : 2.21.5-HEAD:eef7b29
HIP version  : 6.3.42131-fa1d09cbd
ROCm version : 6.3.0.0-39-ce2be3b
Hostname     : ziyue-mi300-vmss000005
Librccl path : /opt/rocm/lib/librccl.so
#
#                                                              out-of-place                       in-place          
#       size         count      type   redop    root     time   algbw   busbw #wrong     time   algbw   busbw #wrong                               
#        (B)    (elements)                               (us)  (GB/s)  (GB/s)            (us)  (GB/s)  (GB/s)                                      
           0             0     float    none      -1     0.20    0.00    0.00      0     0.19    0.00    0.00      0
           0             0     float    none      -1     0.20    0.00    0.00      0     0.20    0.00    0.00      0
           0             0     float    none      -1     0.19    0.00    0.00      0     0.20    0.00    0.00      0
           0             0     float    none      -1     0.19    0.00    0.00      0     0.19    0.00    0.00      0
           0             0     float    none      -1     0.19    0.00    0.00      0     0.20    0.00    0.00      0
           0             0     float    none      -1     0.19    0.00    0.00      0     0.19    0.00    0.00      0
           0             0     float    none      -1     0.19    0.00    0.00      0     0.20    0.00    0.00      0
         128             4     float    none      -1    18.02    0.01    0.01      0    16.95    0.01    0.01      0
         256             8     float    none      -1    17.74    0.01    0.01      0    17.25    0.01    0.01      0
         512            16     float    none      -1    17.62    0.03    0.03      0    17.07    0.03    0.03      0
        1024            32     float    none      -1    17.66    0.06    0.05      0    16.86    0.06    0.05      0
        2048            64     float    none      -1    18.14    0.11    0.10      0    18.12    0.11    0.10      0
        4096           128     float    none      -1    18.30    0.22    0.20      0    17.34    0.24    0.21      0
        8192           256     float    none      -1    18.53    0.44    0.39      0    18.36    0.45    0.39      0
       16384           512     float    none      -1    18.98    0.86    0.76      0    18.74    0.87    0.77      0
       32768          1024     float    none      -1    19.27    1.70    1.49      0    23.15    1.42    1.24      0
       65536          2048     float    none      -1    19.25    3.41    2.98      0    32.29    2.03    1.78      0
      131072          4096     float    none      -1    19.81    6.62    5.79      0    50.40    2.60    2.28      0
      262144          8192     float    none      -1    19.56   13.40   11.73      0    87.48    3.00    2.62      0
      524288         16384     float    none      -1    33.30   15.74   13.78      0    163.3    3.21    2.81      0
     1048576         32768     float    none      -1    35.34   29.67   25.96      0    314.3    3.34    2.92      0
     2097152         65536     float    none      -1    39.34   53.30   46.64      0    619.9    3.38    2.96      0
     4194304        131072     float    none      -1    47.05   89.14   78.00      0   1231.7    3.41    2.98      0
     8388608        262144     float    none      -1    59.89  140.06  122.55      0   2458.5    3.41    2.99      0
    16777216        524288     float    none      -1    96.15  174.48  152.67      0   4893.4    3.43    3.00      0
    33554432       1048576     float    none      -1    142.3  235.74  206.27      0   9778.9    3.43    3.00      0
    67108864       2097152     float    none      -1    235.8  284.57  249.00      0    19511    3.44    3.01      0
   134217728       4194304     float    none      -1    424.2  316.41  276.85      0    39074    3.43    3.01      0
   268435456       8388608     float    none      -1    806.7  332.75  291.15      0    78003    3.44    3.01      0
   536870912      16777216     float    none      -1   1568.5  342.28  299.50      0   156547    3.43    3.00      0
  1073741824      33554432     float    none      -1   3083.0  348.28  304.75      0   313148    3.43    3.00      0
  2147483648      67108864     float    none      -1   6099.7  352.06  308.06      0   627162    3.42    3.00      0
